D:\sunqueen\mytest\vlcwin\vlc-2.1.0.old\vlc-2.1.0.oldlib.2010.up\Debug\lib_plugin.exp
D:\sunqueen\mytest\vlcwin\vlc-2.1.0.old\vlc-2.1.0.oldlib.2010.up\Debug\lib_plugin.lib
D:\SUNQUEEN\MYTEST\VLCWIN\VLC-2.1.0.OLD\VLC-2.1.0.OLDLIB.2010.UP\DEBUG\LIB_PLUGIN.PDB
D:\SUNQUEEN\MYTEST\VLCWIN\VLC-2.1.0.OLD\VLC-2.1.0.OLDLIB.2010.UP\DEBUG\PLUGINS\LIB_PLUGIN.DLL
D:\SUNQUEEN\MYTEST\VLCWIN\VLC-2.1.0.OLD\VLC-2.1.0.OLDLIB.2010.UP\LIB_PLUGIN\DEBUG\A52.OBJ
D:\SUNQUEEN\MYTEST\VLCWIN\VLC-2.1.0.OLD\VLC-2.1.0.OLDLIB.2010.UP\LIB_PLUGIN\DEBUG\A52TOFLOAT32.OBJ
D:\SUNQUEEN\MYTEST\VLCWIN\VLC-2.1.0.OLD\VLC-2.1.0.OLDLIB.2010.UP\LIB_PLUGIN\DEBUG\A52TOSPDIF.OBJ
D:\SUNQUEEN\MYTEST\VLCWIN\VLC-2.1.0.OLD\VLC-2.1.0.OLDLIB.2010.UP\LIB_PLUGIN\DEBUG\AACAUDIOMATROSKAFILESERVERMEDIASUBSESSION.OBJ
D:\SUNQUEEN\MYTEST\VLCWIN\VLC-2.1.0.OLD\VLC-2.1.0.OLDLIB.2010.UP\LIB_PLUGIN\DEBUG\ABSTRACTADAPTATIONLOGIC.OBJ
D:\SUNQUEEN\MYTEST\VLCWIN\VLC-2.1.0.OLD\VLC-2.1.0.OLDLIB.2010.UP\LIB_PLUGIN\DEBUG\AC3AUDIOFILESERVERMEDIASUBSESSION.OBJ
D:\SUNQUEEN\MYTEST\VLCWIN\VLC-2.1.0.OLD\VLC-2.1.0.OLDLIB.2010.UP\LIB_PLUGIN\DEBUG\AC3AUDIOMATROSKAFILESERVERMEDIASUBSESSION.OBJ
D:\SUNQUEEN\MYTEST\VLCWIN\VLC-2.1.0.OLD\VLC-2.1.0.OLDLIB.2010.UP\LIB_PLUGIN\DEBUG\AC3AUDIORTPSINK.OBJ
D:\SUNQUEEN\MYTEST\VLCWIN\VLC-2.1.0.OLD\VLC-2.1.0.OLDLIB.2010.UP\LIB_PLUGIN\DEBUG\AC3AUDIORTPSOURCE.OBJ
D:\SUNQUEEN\MYTEST\VLCWIN\VLC-2.1.0.OLD\VLC-2.1.0.OLDLIB.2010.UP\LIB_PLUGIN\DEBUG\AC3AUDIOSTREAMFRAMER.OBJ
D:\SUNQUEEN\MYTEST\VLCWIN\VLC-2.1.0.OLD\VLC-2.1.0.OLDLIB.2010.UP\LIB_PLUGIN\DEBUG\ACCESS.OBJ
D:\SUNQUEEN\MYTEST\VLCWIN\VLC-2.1.0.OLD\VLC-2.1.0.OLDLIB.2010.UP\LIB_PLUGIN\DEBUG\ACCESS1.OBJ
D:\SUNQUEEN\MYTEST\VLCWIN\VLC-2.1.0.OLD\VLC-2.1.0.OLDLIB.2010.UP\LIB_PLUGIN\DEBUG\ACCESS2.OBJ
D:\SUNQUEEN\MYTEST\VLCWIN\VLC-2.1.0.OLD\VLC-2.1.0.OLDLIB.2010.UP\LIB_PLUGIN\DEBUG\ACOUSTID.OBJ
D:\SUNQUEEN\MYTEST\VLCWIN\VLC-2.1.0.OLD\VLC-2.1.0.OLDLIB.2010.UP\LIB_PLUGIN\DEBUG\ACTIONS_MANAGER.MOC.OBJ
D:\SUNQUEEN\MYTEST\VLCWIN\VLC-2.1.0.OLD\VLC-2.1.0.OLDLIB.2010.UP\LIB_PLUGIN\DEBUG\ACTIONS_MANAGER.OBJ
D:\SUNQUEEN\MYTEST\VLCWIN\VLC-2.1.0.OLD\VLC-2.1.0.OLDLIB.2010.UP\LIB_PLUGIN\DEBUG\ADAPTATIONLOGICFACTORY.OBJ
D:\SUNQUEEN\MYTEST\VLCWIN\VLC-2.1.0.OLD\VLC-2.1.0.OLDLIB.2010.UP\LIB_PLUGIN\DEBUG\ADAPTATIONSET.OBJ
D:\SUNQUEEN\MYTEST\VLCWIN\VLC-2.1.0.OLD\VLC-2.1.0.OLDLIB.2010.UP\LIB_PLUGIN\DEBUG\ADJUST.OBJ
D:\SUNQUEEN\MYTEST\VLCWIN\VLC-2.1.0.OLD\VLC-2.1.0.OLDLIB.2010.UP\LIB_PLUGIN\DEBUG\ADJUST_SAT_HUE.OBJ
D:\SUNQUEEN\MYTEST\VLCWIN\VLC-2.1.0.OLD\VLC-2.1.0.OLDLIB.2010.UP\LIB_PLUGIN\DEBUG\ADPCM.OBJ
D:\SUNQUEEN\MYTEST\VLCWIN\VLC-2.1.0.OLD\VLC-2.1.0.OLDLIB.2010.UP\LIB_PLUGIN\DEBUG\ADTSAUDIOFILESERVERMEDIASUBSESSION.OBJ
D:\SUNQUEEN\MYTEST\VLCWIN\VLC-2.1.0.OLD\VLC-2.1.0.OLDLIB.2010.UP\LIB_PLUGIN\DEBUG\ADTSAUDIOFILESOURCE.OBJ
D:\SUNQUEEN\MYTEST\VLCWIN\VLC-2.1.0.OLD\VLC-2.1.0.OLDLIB.2010.UP\LIB_PLUGIN\DEBUG\ADUMMY.OBJ
D:\SUNQUEEN\MYTEST\VLCWIN\VLC-2.1.0.OLD\VLC-2.1.0.OLDLIB.2010.UP\LIB_PLUGIN\DEBUG\AES3.OBJ
D:\SUNQUEEN\MYTEST\VLCWIN\VLC-2.1.0.OLD\VLC-2.1.0.OLDLIB.2010.UP\LIB_PLUGIN\DEBUG\AIFF.OBJ
D:\SUNQUEEN\MYTEST\VLCWIN\VLC-2.1.0.OLD\VLC-2.1.0.OLDLIB.2010.UP\LIB_PLUGIN\DEBUG\ALGO_BASIC.OBJ
D:\SUNQUEEN\MYTEST\VLCWIN\VLC-2.1.0.OLD\VLC-2.1.0.OLDLIB.2010.UP\LIB_PLUGIN\DEBUG\ALGO_IVTC.OBJ
D:\SUNQUEEN\MYTEST\VLCWIN\VLC-2.1.0.OLD\VLC-2.1.0.OLDLIB.2010.UP\LIB_PLUGIN\DEBUG\ALGO_PHOSPHOR.OBJ
D:\SUNQUEEN\MYTEST\VLCWIN\VLC-2.1.0.OLD\VLC-2.1.0.OLDLIB.2010.UP\LIB_PLUGIN\DEBUG\ALGO_X.OBJ
D:\SUNQUEEN\MYTEST\VLCWIN\VLC-2.1.0.OLD\VLC-2.1.0.OLDLIB.2010.UP\LIB_PLUGIN\DEBUG\ALGO_YADIF.OBJ
D:\SUNQUEEN\MYTEST\VLCWIN\VLC-2.1.0.OLD\VLC-2.1.0.OLDLIB.2010.UP\LIB_PLUGIN\DEBUG\ALLPASS.OBJ
D:\SUNQUEEN\MYTEST\VLCWIN\VLC-2.1.0.OLD\VLC-2.1.0.OLDLIB.2010.UP\LIB_PLUGIN\DEBUG\ALPHAMASK.OBJ
D:\SUNQUEEN\MYTEST\VLCWIN\VLC-2.1.0.OLD\VLC-2.1.0.OLDLIB.2010.UP\LIB_PLUGIN\DEBUG\ALWAYSBESTADAPTATIONLOGIC.OBJ
D:\SUNQUEEN\MYTEST\VLCWIN\VLC-2.1.0.OLD\VLC-2.1.0.OLDLIB.2010.UP\LIB_PLUGIN\DEBUG\AMEM.OBJ
D:\SUNQUEEN\MYTEST\VLCWIN\VLC-2.1.0.OLD\VLC-2.1.0.OLDLIB.2010.UP\LIB_PLUGIN\DEBUG\AMRAUDIOFILESERVERMEDIASUBSESSION.OBJ
D:\SUNQUEEN\MYTEST\VLCWIN\VLC-2.1.0.OLD\VLC-2.1.0.OLDLIB.2010.UP\LIB_PLUGIN\DEBUG\AMRAUDIOFILESINK.OBJ
D:\SUNQUEEN\MYTEST\VLCWIN\VLC-2.1.0.OLD\VLC-2.1.0.OLDLIB.2010.UP\LIB_PLUGIN\DEBUG\AMRAUDIOFILESOURCE.OBJ
D:\SUNQUEEN\MYTEST\VLCWIN\VLC-2.1.0.OLD\VLC-2.1.0.OLDLIB.2010.UP\LIB_PLUGIN\DEBUG\AMRAUDIORTPSINK.OBJ
D:\SUNQUEEN\MYTEST\VLCWIN\VLC-2.1.0.OLD\VLC-2.1.0.OLDLIB.2010.UP\LIB_PLUGIN\DEBUG\AMRAUDIORTPSOURCE.OBJ
D:\SUNQUEEN\MYTEST\VLCWIN\VLC-2.1.0.OLD\VLC-2.1.0.OLDLIB.2010.UP\LIB_PLUGIN\DEBUG\AMRAUDIOSOURCE.OBJ
D:\SUNQUEEN\MYTEST\VLCWIN\VLC-2.1.0.OLD\VLC-2.1.0.OLDLIB.2010.UP\LIB_PLUGIN\DEBUG\ANCHOR.OBJ
D:\SUNQUEEN\MYTEST\VLCWIN\VLC-2.1.0.OLD\VLC-2.1.0.OLDLIB.2010.UP\LIB_PLUGIN\DEBUG\ANIM_BITMAP.OBJ
D:\SUNQUEEN\MYTEST\VLCWIN\VLC-2.1.0.OLD\VLC-2.1.0.OLDLIB.2010.UP\LIB_PLUGIN\DEBUG\ANTIFLICKER.OBJ
D:\SUNQUEEN\MYTEST\VLCWIN\VLC-2.1.0.OLD\VLC-2.1.0.OLDLIB.2010.UP\LIB_PLUGIN\DEBUG\ARAW.OBJ
D:\SUNQUEEN\MYTEST\VLCWIN\VLC-2.1.0.OLD\VLC-2.1.0.OLDLIB.2010.UP\LIB_PLUGIN\DEBUG\ART_MANAGER.OBJ
D:\SUNQUEEN\MYTEST\VLCWIN\VLC-2.1.0.OLD\VLC-2.1.0.OLDLIB.2010.UP\LIB_PLUGIN\DEBUG\ASF.OBJ
D:\SUNQUEEN\MYTEST\VLCWIN\VLC-2.1.0.OLD\VLC-2.1.0.OLDLIB.2010.UP\LIB_PLUGIN\DEBUG\ASF1.OBJ
D:\SUNQUEEN\MYTEST\VLCWIN\VLC-2.1.0.OLD\VLC-2.1.0.OLDLIB.2010.UP\LIB_PLUGIN\DEBUG\ASF2.OBJ
D:\SUNQUEEN\MYTEST\VLCWIN\VLC-2.1.0.OLD\VLC-2.1.0.OLDLIB.2010.UP\LIB_PLUGIN\DEBUG\ASX.OBJ
D:\SUNQUEEN\MYTEST\VLCWIN\VLC-2.1.0.OLD\VLC-2.1.0.OLDLIB.2010.UP\LIB_PLUGIN\DEBUG\ASYNC_QUEUE.OBJ
D:\SUNQUEEN\MYTEST\VLCWIN\VLC-2.1.0.OLD\VLC-2.1.0.OLDLIB.2010.UP\LIB_PLUGIN\DEBUG\ATMO.OBJ
D:\SUNQUEEN\MYTEST\VLCWIN\VLC-2.1.0.OLD\VLC-2.1.0.OLDLIB.2010.UP\LIB_PLUGIN\DEBUG\ATMOCALCULATIONS.OBJ
D:\SUNQUEEN\MYTEST\VLCWIN\VLC-2.1.0.OLD\VLC-2.1.0.OLDLIB.2010.UP\LIB_PLUGIN\DEBUG\ATMOCHANNELASSIGNMENT.OBJ
D:\SUNQUEEN\MYTEST\VLCWIN\VLC-2.1.0.OLD\VLC-2.1.0.OLDLIB.2010.UP\LIB_PLUGIN\DEBUG\ATMOCLASSICCONNECTION.OBJ
D:\SUNQUEEN\MYTEST\VLCWIN\VLC-2.1.0.OLD\VLC-2.1.0.OLDLIB.2010.UP\LIB_PLUGIN\DEBUG\ATMOCONFIG.OBJ
D:\SUNQUEEN\MYTEST\VLCWIN\VLC-2.1.0.OLD\VLC-2.1.0.OLDLIB.2010.UP\LIB_PLUGIN\DEBUG\ATMOCONNECTION.OBJ
D:\SUNQUEEN\MYTEST\VLCWIN\VLC-2.1.0.OLD\VLC-2.1.0.OLDLIB.2010.UP\LIB_PLUGIN\DEBUG\ATMODMXSERIALCONNECTION.OBJ
D:\SUNQUEEN\MYTEST\VLCWIN\VLC-2.1.0.OLD\VLC-2.1.0.OLDLIB.2010.UP\LIB_PLUGIN\DEBUG\ATMODYNDATA.OBJ
D:\SUNQUEEN\MYTEST\VLCWIN\VLC-2.1.0.OLD\VLC-2.1.0.OLDLIB.2010.UP\LIB_PLUGIN\DEBUG\ATMOEXTERNALCAPTUREINPUT.OBJ
D:\SUNQUEEN\MYTEST\VLCWIN\VLC-2.1.0.OLD\VLC-2.1.0.OLDLIB.2010.UP\LIB_PLUGIN\DEBUG\ATMOINPUT.OBJ
D:\SUNQUEEN\MYTEST\VLCWIN\VLC-2.1.0.OLD\VLC-2.1.0.OLDLIB.2010.UP\LIB_PLUGIN\DEBUG\ATMOLIVEVIEW.OBJ
D:\SUNQUEEN\MYTEST\VLCWIN\VLC-2.1.0.OLD\VLC-2.1.0.OLDLIB.2010.UP\LIB_PLUGIN\DEBUG\ATMOMULTICONNECTION.OBJ
D:\SUNQUEEN\MYTEST\VLCWIN\VLC-2.1.0.OLD\VLC-2.1.0.OLDLIB.2010.UP\LIB_PLUGIN\DEBUG\ATMOOUTPUTFILTER.OBJ
D:\SUNQUEEN\MYTEST\VLCWIN\VLC-2.1.0.OLD\VLC-2.1.0.OLDLIB.2010.UP\LIB_PLUGIN\DEBUG\ATMOPACKETQUEUE.OBJ
D:\SUNQUEEN\MYTEST\VLCWIN\VLC-2.1.0.OLD\VLC-2.1.0.OLDLIB.2010.UP\LIB_PLUGIN\DEBUG\ATMOTHREAD.OBJ
D:\SUNQUEEN\MYTEST\VLCWIN\VLC-2.1.0.OLD\VLC-2.1.0.OLDLIB.2010.UP\LIB_PLUGIN\DEBUG\ATMOTOOLS.OBJ
D:\SUNQUEEN\MYTEST\VLCWIN\VLC-2.1.0.OLD\VLC-2.1.0.OLDLIB.2010.UP\LIB_PLUGIN\DEBUG\ATMOZONEDEFINITION.OBJ
D:\SUNQUEEN\MYTEST\VLCWIN\VLC-2.1.0.OLD\VLC-2.1.0.OLDLIB.2010.UP\LIB_PLUGIN\DEBUG\ATTACHMENT.OBJ
D:\SUNQUEEN\MYTEST\VLCWIN\VLC-2.1.0.OLD\VLC-2.1.0.OLDLIB.2010.UP\LIB_PLUGIN\DEBUG\AU.OBJ
D:\SUNQUEEN\MYTEST\VLCWIN\VLC-2.1.0.OLD\VLC-2.1.0.OLDLIB.2010.UP\LIB_PLUGIN\DEBUG\AUDIO.OBJ
D:\SUNQUEEN\MYTEST\VLCWIN\VLC-2.1.0.OLD\VLC-2.1.0.OLDLIB.2010.UP\LIB_PLUGIN\DEBUG\AUDIO1.OBJ
D:\SUNQUEEN\MYTEST\VLCWIN\VLC-2.1.0.OLD\VLC-2.1.0.OLDLIB.2010.UP\LIB_PLUGIN\DEBUG\AUDIOBARGRAPH_A.OBJ
D:\SUNQUEEN\MYTEST\VLCWIN\VLC-2.1.0.OLD\VLC-2.1.0.OLDLIB.2010.UP\LIB_PLUGIN\DEBUG\AUDIOBARGRAPH_V.OBJ
D:\SUNQUEEN\MYTEST\VLCWIN\VLC-2.1.0.OLD\VLC-2.1.0.OLDLIB.2010.UP\LIB_PLUGIN\DEBUG\AUDIOINPUTDEVICE.OBJ
D:\SUNQUEEN\MYTEST\VLCWIN\VLC-2.1.0.OLD\VLC-2.1.0.OLDLIB.2010.UP\LIB_PLUGIN\DEBUG\AUDIORTPSINK.OBJ
D:\SUNQUEEN\MYTEST\VLCWIN\VLC-2.1.0.OLD\VLC-2.1.0.OLDLIB.2010.UP\LIB_PLUGIN\DEBUG\AUDIOSCROBBLER.OBJ
D:\SUNQUEEN\MYTEST\VLCWIN\VLC-2.1.0.OLD\VLC-2.1.0.OLDLIB.2010.UP\LIB_PLUGIN\DEBUG\AUTODEL.OBJ
D:\SUNQUEEN\MYTEST\VLCWIN\VLC-2.1.0.OLD\VLC-2.1.0.OLDLIB.2010.UP\LIB_PLUGIN\DEBUG\AVCODEC.OBJ
D:\SUNQUEEN\MYTEST\VLCWIN\VLC-2.1.0.OLD\VLC-2.1.0.OLDLIB.2010.UP\LIB_PLUGIN\DEBUG\AVFORMAT.OBJ
D:\SUNQUEEN\MYTEST\VLCWIN\VLC-2.1.0.OLD\VLC-2.1.0.OLDLIB.2010.UP\LIB_PLUGIN\DEBUG\AVI.OBJ
D:\SUNQUEEN\MYTEST\VLCWIN\VLC-2.1.0.OLD\VLC-2.1.0.OLDLIB.2010.UP\LIB_PLUGIN\DEBUG\AVI1.OBJ
D:\SUNQUEEN\MYTEST\VLCWIN\VLC-2.1.0.OLD\VLC-2.1.0.OLDLIB.2010.UP\LIB_PLUGIN\DEBUG\AVIFILESINK.OBJ
D:\SUNQUEEN\MYTEST\VLCWIN\VLC-2.1.0.OLD\VLC-2.1.0.OLDLIB.2010.UP\LIB_PLUGIN\DEBUG\B4S.OBJ
D:\SUNQUEEN\MYTEST\VLCWIN\VLC-2.1.0.OLD\VLC-2.1.0.OLDLIB.2010.UP\LIB_PLUGIN\DEBUG\BALL.OBJ
D:\SUNQUEEN\MYTEST\VLCWIN\VLC-2.1.0.OLD\VLC-2.1.0.OLDLIB.2010.UP\LIB_PLUGIN\DEBUG\BANDLIMITED.OBJ
D:\SUNQUEEN\MYTEST\VLCWIN\VLC-2.1.0.OLD\VLC-2.1.0.OLDLIB.2010.UP\LIB_PLUGIN\DEBUG\BASE64.OBJ
D:\SUNQUEEN\MYTEST\VLCWIN\VLC-2.1.0.OLD\VLC-2.1.0.OLDLIB.2010.UP\LIB_PLUGIN\DEBUG\BASICCMMANAGER.OBJ
D:\SUNQUEEN\MYTEST\VLCWIN\VLC-2.1.0.OLD\VLC-2.1.0.OLDLIB.2010.UP\LIB_PLUGIN\DEBUG\BASICCMPARSER.OBJ
D:\SUNQUEEN\MYTEST\VLCWIN\VLC-2.1.0.OLD\VLC-2.1.0.OLDLIB.2010.UP\LIB_PLUGIN\DEBUG\BASICHASHTABLE.OBJ
D:\SUNQUEEN\MYTEST\VLCWIN\VLC-2.1.0.OLD\VLC-2.1.0.OLDLIB.2010.UP\LIB_PLUGIN\DEBUG\BASICTASKSCHEDULER.OBJ
D:\SUNQUEEN\MYTEST\VLCWIN\VLC-2.1.0.OLD\VLC-2.1.0.OLDLIB.2010.UP\LIB_PLUGIN\DEBUG\BASICTASKSCHEDULER0.OBJ
D:\SUNQUEEN\MYTEST\VLCWIN\VLC-2.1.0.OLD\VLC-2.1.0.OLDLIB.2010.UP\LIB_PLUGIN\DEBUG\BASICUDPSINK.OBJ
D:\SUNQUEEN\MYTEST\VLCWIN\VLC-2.1.0.OLD\VLC-2.1.0.OLDLIB.2010.UP\LIB_PLUGIN\DEBUG\BASICUDPSOURCE.OBJ
D:\SUNQUEEN\MYTEST\VLCWIN\VLC-2.1.0.OLD\VLC-2.1.0.OLDLIB.2010.UP\LIB_PLUGIN\DEBUG\BASICUSAGEENVIRONMENT.OBJ
D:\SUNQUEEN\MYTEST\VLCWIN\VLC-2.1.0.OLD\VLC-2.1.0.OLDLIB.2010.UP\LIB_PLUGIN\DEBUG\BASICUSAGEENVIRONMENT0.OBJ
D:\SUNQUEEN\MYTEST\VLCWIN\VLC-2.1.0.OLD\VLC-2.1.0.OLDLIB.2010.UP\LIB_PLUGIN\DEBUG\BD.OBJ
D:\SUNQUEEN\MYTEST\VLCWIN\VLC-2.1.0.OLD\VLC-2.1.0.OLDLIB.2010.UP\LIB_PLUGIN\DEBUG\BDAGRAPH.OBJ
D:\SUNQUEEN\MYTEST\VLCWIN\VLC-2.1.0.OLD\VLC-2.1.0.OLDLIB.2010.UP\LIB_PLUGIN\DEBUG\BEZIER.OBJ
D:\SUNQUEEN\MYTEST\VLCWIN\VLC-2.1.0.OLD\VLC-2.1.0.OLDLIB.2010.UP\LIB_PLUGIN\DEBUG\BITMAP_FONT.OBJ
D:\SUNQUEEN\MYTEST\VLCWIN\VLC-2.1.0.OLD\VLC-2.1.0.OLDLIB.2010.UP\LIB_PLUGIN\DEBUG\BITVECTOR.OBJ
D:\SUNQUEEN\MYTEST\VLCWIN\VLC-2.1.0.OLD\VLC-2.1.0.OLDLIB.2010.UP\LIB_PLUGIN\DEBUG\BLEND1.OBJ
D:\SUNQUEEN\MYTEST\VLCWIN\VLC-2.1.0.OLD\VLC-2.1.0.OLDLIB.2010.UP\LIB_PLUGIN\DEBUG\BLENDBENCH.OBJ
D:\SUNQUEEN\MYTEST\VLCWIN\VLC-2.1.0.OLD\VLC-2.1.0.OLDLIB.2010.UP\LIB_PLUGIN\DEBUG\BLOCKBUFFER.OBJ
D:\SUNQUEEN\MYTEST\VLCWIN\VLC-2.1.0.OLD\VLC-2.1.0.OLDLIB.2010.UP\LIB_PLUGIN\DEBUG\BLUESCREEN.OBJ
D:\SUNQUEEN\MYTEST\VLCWIN\VLC-2.1.0.OLD\VLC-2.1.0.OLDLIB.2010.UP\LIB_PLUGIN\DEBUG\BLURAY.OBJ
D:\SUNQUEEN\MYTEST\VLCWIN\VLC-2.1.0.OLD\VLC-2.1.0.OLDLIB.2010.UP\LIB_PLUGIN\DEBUG\BONJOUR.OBJ
D:\SUNQUEEN\MYTEST\VLCWIN\VLC-2.1.0.OLD\VLC-2.1.0.OLDLIB.2010.UP\LIB_PLUGIN\DEBUG\BOOKMARKS.MOC.OBJ
D:\SUNQUEEN\MYTEST\VLCWIN\VLC-2.1.0.OLD\VLC-2.1.0.OLDLIB.2010.UP\LIB_PLUGIN\DEBUG\BOOKMARKS.OBJ
D:\SUNQUEEN\MYTEST\VLCWIN\VLC-2.1.0.OLD\VLC-2.1.0.OLDLIB.2010.UP\LIB_PLUGIN\DEBUG\BRIDGE.OBJ
D:\SUNQUEEN\MYTEST\VLCWIN\VLC-2.1.0.OLD\VLC-2.1.0.OLDLIB.2010.UP\LIB_PLUGIN\DEBUG\BROWSEBUTTON.MOC.OBJ
D:\SUNQUEEN\MYTEST\VLCWIN\VLC-2.1.0.OLD\VLC-2.1.0.OLDLIB.2010.UP\LIB_PLUGIN\DEBUG\BROWSEBUTTON.OBJ
D:\SUNQUEEN\MYTEST\VLCWIN\VLC-2.1.0.OLD\VLC-2.1.0.OLDLIB.2010.UP\LIB_PLUGIN\DEBUG\BUFFER.OBJ
D:\SUNQUEEN\MYTEST\VLCWIN\VLC-2.1.0.OLD\VLC-2.1.0.OLDLIB.2010.UP\LIB_PLUGIN\DEBUG\BUFFER1.OBJ
D:\SUNQUEEN\MYTEST\VLCWIN\VLC-2.1.0.OLD\VLC-2.1.0.OLDLIB.2010.UP\LIB_PLUGIN\DEBUG\BUILDER.OBJ
D:\SUNQUEEN\MYTEST\VLCWIN\VLC-2.1.0.OLD\VLC-2.1.0.OLDLIB.2010.UP\LIB_PLUGIN\DEBUG\BYTESTREAMFILESOURCE.OBJ
D:\SUNQUEEN\MYTEST\VLCWIN\VLC-2.1.0.OLD\VLC-2.1.0.OLDLIB.2010.UP\LIB_PLUGIN\DEBUG\BYTESTREAMMEMORYBUFFERSOURCE.OBJ
D:\SUNQUEEN\MYTEST\VLCWIN\VLC-2.1.0.OLD\VLC-2.1.0.OLDLIB.2010.UP\LIB_PLUGIN\DEBUG\BYTESTREAMMULTIFILESOURCE.OBJ
D:\SUNQUEEN\MYTEST\VLCWIN\VLC-2.1.0.OLD\VLC-2.1.0.OLDLIB.2010.UP\LIB_PLUGIN\DEBUG\CACA.OBJ
D:\SUNQUEEN\MYTEST\VLCWIN\VLC-2.1.0.OLD\VLC-2.1.0.OLDLIB.2010.UP\LIB_PLUGIN\DEBUG\CANVAS.OBJ
D:\SUNQUEEN\MYTEST\VLCWIN\VLC-2.1.0.OLD\VLC-2.1.0.OLDLIB.2010.UP\LIB_PLUGIN\DEBUG\CC.OBJ
D:\SUNQUEEN\MYTEST\VLCWIN\VLC-2.1.0.OLD\VLC-2.1.0.OLDLIB.2010.UP\LIB_PLUGIN\DEBUG\CDDA.OBJ
D:\SUNQUEEN\MYTEST\VLCWIN\VLC-2.1.0.OLD\VLC-2.1.0.OLDLIB.2010.UP\LIB_PLUGIN\DEBUG\CDG.OBJ
D:\SUNQUEEN\MYTEST\VLCWIN\VLC-2.1.0.OLD\VLC-2.1.0.OLDLIB.2010.UP\LIB_PLUGIN\DEBUG\CDG1.OBJ
D:\SUNQUEEN\MYTEST\VLCWIN\VLC-2.1.0.OLD\VLC-2.1.0.OLDLIB.2010.UP\LIB_PLUGIN\DEBUG\CDROM.OBJ
D:\SUNQUEEN\MYTEST\VLCWIN\VLC-2.1.0.OLD\VLC-2.1.0.OLDLIB.2010.UP\LIB_PLUGIN\DEBUG\CHAIN.OBJ
D:\SUNQUEEN\MYTEST\VLCWIN\VLC-2.1.0.OLD\VLC-2.1.0.OLDLIB.2010.UP\LIB_PLUGIN\DEBUG\CHORUS_FLANGER.OBJ
D:\SUNQUEEN\MYTEST\VLCWIN\VLC-2.1.0.OLD\VLC-2.1.0.OLDLIB.2010.UP\LIB_PLUGIN\DEBUG\CHROMA.OBJ
D:\SUNQUEEN\MYTEST\VLCWIN\VLC-2.1.0.OLD\VLC-2.1.0.OLDLIB.2010.UP\LIB_PLUGIN\DEBUG\CHROMAPRINT.MOC.OBJ
D:\SUNQUEEN\MYTEST\VLCWIN\VLC-2.1.0.OLD\VLC-2.1.0.OLDLIB.2010.UP\LIB_PLUGIN\DEBUG\CHROMAPRINT.OBJ
D:\SUNQUEEN\MYTEST\VLCWIN\VLC-2.1.0.OLD\VLC-2.1.0.OLDLIB.2010.UP\LIB_PLUGIN\DEBUG\CHUNK.OBJ
D:\sunqueen\mytest\vlcwin\vlc-2.1.0.old\vlc-2.1.0.oldlib.2010.up\lib_plugin\Debug\cl.command.1.tlog
D:\sunqueen\mytest\vlcwin\vlc-2.1.0.old\vlc-2.1.0.oldlib.2010.up\lib_plugin\Debug\CL.read.1.tlog
D:\sunqueen\mytest\vlcwin\vlc-2.1.0.old\vlc-2.1.0.oldlib.2010.up\lib_plugin\Debug\CL.write.1.tlog
D:\SUNQUEEN\MYTEST\VLCWIN\VLC-2.1.0.OLD\VLC-2.1.0.OLDLIB.2010.UP\LIB_PLUGIN\DEBUG\CLONE.OBJ
D:\SUNQUEEN\MYTEST\VLCWIN\VLC-2.1.0.OLD\VLC-2.1.0.OLDLIB.2010.UP\LIB_PLUGIN\DEBUG\CLPI.OBJ
D:\SUNQUEEN\MYTEST\VLCWIN\VLC-2.1.0.OLD\VLC-2.1.0.OLDLIB.2010.UP\LIB_PLUGIN\DEBUG\CMD_ADD_ITEM.OBJ
D:\SUNQUEEN\MYTEST\VLCWIN\VLC-2.1.0.OLD\VLC-2.1.0.OLDLIB.2010.UP\LIB_PLUGIN\DEBUG\CMD_AUDIO.OBJ
D:\SUNQUEEN\MYTEST\VLCWIN\VLC-2.1.0.OLD\VLC-2.1.0.OLDLIB.2010.UP\LIB_PLUGIN\DEBUG\CMD_CHANGE_SKIN.OBJ
D:\SUNQUEEN\MYTEST\VLCWIN\VLC-2.1.0.OLD\VLC-2.1.0.OLDLIB.2010.UP\LIB_PLUGIN\DEBUG\CMD_DVD.OBJ
D:\SUNQUEEN\MYTEST\VLCWIN\VLC-2.1.0.OLD\VLC-2.1.0.OLDLIB.2010.UP\LIB_PLUGIN\DEBUG\CMD_FULLSCREEN.OBJ
D:\SUNQUEEN\MYTEST\VLCWIN\VLC-2.1.0.OLD\VLC-2.1.0.OLDLIB.2010.UP\LIB_PLUGIN\DEBUG\CMD_INPUT.OBJ
D:\SUNQUEEN\MYTEST\VLCWIN\VLC-2.1.0.OLD\VLC-2.1.0.OLDLIB.2010.UP\LIB_PLUGIN\DEBUG\CMD_LAYOUT.OBJ
D:\SUNQUEEN\MYTEST\VLCWIN\VLC-2.1.0.OLD\VLC-2.1.0.OLDLIB.2010.UP\LIB_PLUGIN\DEBUG\CMD_MINIMIZE.OBJ
D:\SUNQUEEN\MYTEST\VLCWIN\VLC-2.1.0.OLD\VLC-2.1.0.OLDLIB.2010.UP\LIB_PLUGIN\DEBUG\CMD_MUXER.OBJ
D:\SUNQUEEN\MYTEST\VLCWIN\VLC-2.1.0.OLD\VLC-2.1.0.OLDLIB.2010.UP\LIB_PLUGIN\DEBUG\CMD_ON_TOP.OBJ
D:\SUNQUEEN\MYTEST\VLCWIN\VLC-2.1.0.OLD\VLC-2.1.0.OLDLIB.2010.UP\LIB_PLUGIN\DEBUG\CMD_PLAYLIST.OBJ
D:\SUNQUEEN\MYTEST\VLCWIN\VLC-2.1.0.OLD\VLC-2.1.0.OLDLIB.2010.UP\LIB_PLUGIN\DEBUG\CMD_PLAYTREE.OBJ
D:\SUNQUEEN\MYTEST\VLCWIN\VLC-2.1.0.OLD\VLC-2.1.0.OLDLIB.2010.UP\LIB_PLUGIN\DEBUG\CMD_QUIT.OBJ
D:\SUNQUEEN\MYTEST\VLCWIN\VLC-2.1.0.OLD\VLC-2.1.0.OLDLIB.2010.UP\LIB_PLUGIN\DEBUG\CMD_RESIZE.OBJ
D:\SUNQUEEN\MYTEST\VLCWIN\VLC-2.1.0.OLD\VLC-2.1.0.OLDLIB.2010.UP\LIB_PLUGIN\DEBUG\CMD_SNAPSHOT.OBJ
D:\SUNQUEEN\MYTEST\VLCWIN\VLC-2.1.0.OLD\VLC-2.1.0.OLDLIB.2010.UP\LIB_PLUGIN\DEBUG\CMD_VARS.OBJ
D:\SUNQUEEN\MYTEST\VLCWIN\VLC-2.1.0.OLD\VLC-2.1.0.OLDLIB.2010.UP\LIB_PLUGIN\DEBUG\COLORTHRES.OBJ
D:\SUNQUEEN\MYTEST\VLCWIN\VLC-2.1.0.OLD\VLC-2.1.0.OLDLIB.2010.UP\LIB_PLUGIN\DEBUG\COMB.OBJ
D:\SUNQUEEN\MYTEST\VLCWIN\VLC-2.1.0.OLD\VLC-2.1.0.OLDLIB.2010.UP\LIB_PLUGIN\DEBUG\COMMONATTRIBUTESELEMENTS.OBJ
D:\SUNQUEEN\MYTEST\VLCWIN\VLC-2.1.0.OLD\VLC-2.1.0.OLDLIB.2010.UP\LIB_PLUGIN\DEBUG\COMPLETE_PREFERENCES.MOC.OBJ
D:\SUNQUEEN\MYTEST\VLCWIN\VLC-2.1.0.OLD\VLC-2.1.0.OLDLIB.2010.UP\LIB_PLUGIN\DEBUG\COMPLETE_PREFERENCES.OBJ
D:\SUNQUEEN\MYTEST\VLCWIN\VLC-2.1.0.OLD\VLC-2.1.0.OLDLIB.2010.UP\LIB_PLUGIN\DEBUG\COMPRESSOR.OBJ
D:\SUNQUEEN\MYTEST\VLCWIN\VLC-2.1.0.OLD\VLC-2.1.0.OLDLIB.2010.UP\LIB_PLUGIN\DEBUG\CONFIGURATION.OBJ
D:\SUNQUEEN\MYTEST\VLCWIN\VLC-2.1.0.OLD\VLC-2.1.0.OLDLIB.2010.UP\LIB_PLUGIN\DEBUG\CONTENTDESCRIPTION.OBJ
D:\SUNQUEEN\MYTEST\VLCWIN\VLC-2.1.0.OLD\VLC-2.1.0.OLDLIB.2010.UP\LIB_PLUGIN\DEBUG\CONTROLLER.MOC.OBJ
D:\SUNQUEEN\MYTEST\VLCWIN\VLC-2.1.0.OLD\VLC-2.1.0.OLDLIB.2010.UP\LIB_PLUGIN\DEBUG\CONTROLLER.OBJ
D:\SUNQUEEN\MYTEST\VLCWIN\VLC-2.1.0.OLD\VLC-2.1.0.OLDLIB.2010.UP\LIB_PLUGIN\DEBUG\CONTROLLER_WIDGET.MOC.OBJ
D:\SUNQUEEN\MYTEST\VLCWIN\VLC-2.1.0.OLD\VLC-2.1.0.OLDLIB.2010.UP\LIB_PLUGIN\DEBUG\CONTROLLER_WIDGET.OBJ
D:\SUNQUEEN\MYTEST\VLCWIN\VLC-2.1.0.OLD\VLC-2.1.0.OLDLIB.2010.UP\LIB_PLUGIN\DEBUG\CONVERT.MOC.OBJ
D:\SUNQUEEN\MYTEST\VLCWIN\VLC-2.1.0.OLD\VLC-2.1.0.OLDLIB.2010.UP\LIB_PLUGIN\DEBUG\CONVERT.OBJ
D:\SUNQUEEN\MYTEST\VLCWIN\VLC-2.1.0.OLD\VLC-2.1.0.OLDLIB.2010.UP\LIB_PLUGIN\DEBUG\COPY.OBJ
D:\SUNQUEEN\MYTEST\VLCWIN\VLC-2.1.0.OLD\VLC-2.1.0.OLDLIB.2010.UP\LIB_PLUGIN\DEBUG\COPY1.OBJ
D:\SUNQUEEN\MYTEST\VLCWIN\VLC-2.1.0.OLD\VLC-2.1.0.OLDLIB.2010.UP\LIB_PLUGIN\DEBUG\CPU.OBJ
D:\SUNQUEEN\MYTEST\VLCWIN\VLC-2.1.0.OLD\VLC-2.1.0.OLDLIB.2010.UP\LIB_PLUGIN\DEBUG\CROPPADD.OBJ
D:\SUNQUEEN\MYTEST\VLCWIN\VLC-2.1.0.OLD\VLC-2.1.0.OLDLIB.2010.UP\LIB_PLUGIN\DEBUG\CROSSBAR.OBJ
D:\SUNQUEEN\MYTEST\VLCWIN\VLC-2.1.0.OLD\VLC-2.1.0.OLDLIB.2010.UP\LIB_PLUGIN\DEBUG\CRYSTALHD.OBJ
D:\SUNQUEEN\MYTEST\VLCWIN\VLC-2.1.0.OLD\VLC-2.1.0.OLDLIB.2010.UP\LIB_PLUGIN\DEBUG\CTRL_BUTTON.OBJ
D:\SUNQUEEN\MYTEST\VLCWIN\VLC-2.1.0.OLD\VLC-2.1.0.OLDLIB.2010.UP\LIB_PLUGIN\DEBUG\CTRL_CHECKBOX.OBJ
D:\SUNQUEEN\MYTEST\VLCWIN\VLC-2.1.0.OLD\VLC-2.1.0.OLDLIB.2010.UP\LIB_PLUGIN\DEBUG\CTRL_GENERIC.OBJ
D:\SUNQUEEN\MYTEST\VLCWIN\VLC-2.1.0.OLD\VLC-2.1.0.OLDLIB.2010.UP\LIB_PLUGIN\DEBUG\CTRL_IMAGE.OBJ
D:\SUNQUEEN\MYTEST\VLCWIN\VLC-2.1.0.OLD\VLC-2.1.0.OLDLIB.2010.UP\LIB_PLUGIN\DEBUG\CTRL_LIST.OBJ
D:\SUNQUEEN\MYTEST\VLCWIN\VLC-2.1.0.OLD\VLC-2.1.0.OLDLIB.2010.UP\LIB_PLUGIN\DEBUG\CTRL_MOVE.OBJ
D:\SUNQUEEN\MYTEST\VLCWIN\VLC-2.1.0.OLD\VLC-2.1.0.OLDLIB.2010.UP\LIB_PLUGIN\DEBUG\CTRL_RADIALSLIDER.OBJ
D:\SUNQUEEN\MYTEST\VLCWIN\VLC-2.1.0.OLD\VLC-2.1.0.OLDLIB.2010.UP\LIB_PLUGIN\DEBUG\CTRL_RESIZE.OBJ
D:\SUNQUEEN\MYTEST\VLCWIN\VLC-2.1.0.OLD\VLC-2.1.0.OLDLIB.2010.UP\LIB_PLUGIN\DEBUG\CTRL_SLIDER.OBJ
D:\SUNQUEEN\MYTEST\VLCWIN\VLC-2.1.0.OLD\VLC-2.1.0.OLDLIB.2010.UP\LIB_PLUGIN\DEBUG\CTRL_TEXT.OBJ
D:\SUNQUEEN\MYTEST\VLCWIN\VLC-2.1.0.OLD\VLC-2.1.0.OLDLIB.2010.UP\LIB_PLUGIN\DEBUG\CTRL_TREE.OBJ
D:\SUNQUEEN\MYTEST\VLCWIN\VLC-2.1.0.OLD\VLC-2.1.0.OLDLIB.2010.UP\LIB_PLUGIN\DEBUG\CTRL_VIDEO.OBJ
D:\SUNQUEEN\MYTEST\VLCWIN\VLC-2.1.0.OLD\VLC-2.1.0.OLDLIB.2010.UP\LIB_PLUGIN\DEBUG\CUSTOMWIDGETS.MOC.OBJ
D:\SUNQUEEN\MYTEST\VLCWIN\VLC-2.1.0.OLD\VLC-2.1.0.OLDLIB.2010.UP\LIB_PLUGIN\DEBUG\CUSTOMWIDGETS.OBJ
D:\SUNQUEEN\MYTEST\VLCWIN\VLC-2.1.0.OLD\VLC-2.1.0.OLDLIB.2010.UP\LIB_PLUGIN\DEBUG\CVDSUB.OBJ
D:\SUNQUEEN\MYTEST\VLCWIN\VLC-2.1.0.OLD\VLC-2.1.0.OLDLIB.2010.UP\LIB_PLUGIN\DEBUG\DARWININJECTOR.OBJ
D:\SUNQUEEN\MYTEST\VLCWIN\VLC-2.1.0.OLD\VLC-2.1.0.OLDLIB.2010.UP\LIB_PLUGIN\DEBUG\DASH.OBJ
D:\SUNQUEEN\MYTEST\VLCWIN\VLC-2.1.0.OLD\VLC-2.1.0.OLDLIB.2010.UP\LIB_PLUGIN\DEBUG\DASHDOWNLOADER.OBJ
D:\SUNQUEEN\MYTEST\VLCWIN\VLC-2.1.0.OLD\VLC-2.1.0.OLDLIB.2010.UP\LIB_PLUGIN\DEBUG\DASHMANAGER.OBJ
D:\SUNQUEEN\MYTEST\VLCWIN\VLC-2.1.0.OLD\VLC-2.1.0.OLDLIB.2010.UP\LIB_PLUGIN\DEBUG\DDUMMY.OBJ
D:\SUNQUEEN\MYTEST\VLCWIN\VLC-2.1.0.OLD\VLC-2.1.0.OLDLIB.2010.UP\LIB_PLUGIN\DEBUG\DECKBUTTONSLAYOUT.MOC.OBJ
D:\SUNQUEEN\MYTEST\VLCWIN\VLC-2.1.0.OLD\VLC-2.1.0.OLDLIB.2010.UP\LIB_PLUGIN\DEBUG\DECKBUTTONSLAYOUT.OBJ
D:\SUNQUEEN\MYTEST\VLCWIN\VLC-2.1.0.OLD\VLC-2.1.0.OLDLIB.2010.UP\LIB_PLUGIN\DEBUG\DEINTERLACE2.OBJ
D:\SUNQUEEN\MYTEST\VLCWIN\VLC-2.1.0.OLD\VLC-2.1.0.OLDLIB.2010.UP\LIB_PLUGIN\DEBUG\DELAY.OBJ
D:\SUNQUEEN\MYTEST\VLCWIN\VLC-2.1.0.OLD\VLC-2.1.0.OLDLIB.2010.UP\LIB_PLUGIN\DEBUG\DELAYQUEUE.OBJ
D:\SUNQUEEN\MYTEST\VLCWIN\VLC-2.1.0.OLD\VLC-2.1.0.OLDLIB.2010.UP\LIB_PLUGIN\DEBUG\DEMUX.OBJ
D:\SUNQUEEN\MYTEST\VLCWIN\VLC-2.1.0.OLD\VLC-2.1.0.OLDLIB.2010.UP\LIB_PLUGIN\DEBUG\DEMUX1.OBJ
D:\SUNQUEEN\MYTEST\VLCWIN\VLC-2.1.0.OLD\VLC-2.1.0.OLDLIB.2010.UP\LIB_PLUGIN\DEBUG\DEMUXDUMP.OBJ
D:\SUNQUEEN\MYTEST\VLCWIN\VLC-2.1.0.OLD\VLC-2.1.0.OLDLIB.2010.UP\LIB_PLUGIN\DEBUG\DENORMALS.OBJ
D:\SUNQUEEN\MYTEST\VLCWIN\VLC-2.1.0.OLD\VLC-2.1.0.OLDLIB.2010.UP\LIB_PLUGIN\DEBUG\DESCRIPTION.OBJ
D:\SUNQUEEN\MYTEST\VLCWIN\VLC-2.1.0.OLD\VLC-2.1.0.OLDLIB.2010.UP\LIB_PLUGIN\DEBUG\DEVICESOURCE.OBJ
D:\SUNQUEEN\MYTEST\VLCWIN\VLC-2.1.0.OLD\VLC-2.1.0.OLDLIB.2010.UP\LIB_PLUGIN\DEBUG\DIALOG.OBJ
D:\SUNQUEEN\MYTEST\VLCWIN\VLC-2.1.0.OLD\VLC-2.1.0.OLDLIB.2010.UP\LIB_PLUGIN\DEBUG\DIALOGS.OBJ
D:\SUNQUEEN\MYTEST\VLCWIN\VLC-2.1.0.OLD\VLC-2.1.0.OLDLIB.2010.UP\LIB_PLUGIN\DEBUG\DIALOGS_PROVIDER.MOC.OBJ
D:\SUNQUEEN\MYTEST\VLCWIN\VLC-2.1.0.OLD\VLC-2.1.0.OLDLIB.2010.UP\LIB_PLUGIN\DEBUG\DIALOGS_PROVIDER.OBJ
D:\SUNQUEEN\MYTEST\VLCWIN\VLC-2.1.0.OLD\VLC-2.1.0.OLDLIB.2010.UP\LIB_PLUGIN\DEBUG\DIGESTAUTHENTICATION.OBJ
D:\SUNQUEEN\MYTEST\VLCWIN\VLC-2.1.0.OLD\VLC-2.1.0.OLDLIB.2010.UP\LIB_PLUGIN\DEBUG\DIRAC.OBJ
D:\SUNQUEEN\MYTEST\VLCWIN\VLC-2.1.0.OLD\VLC-2.1.0.OLDLIB.2010.UP\LIB_PLUGIN\DEBUG\DIRAC1.OBJ
D:\SUNQUEEN\MYTEST\VLCWIN\VLC-2.1.0.OLD\VLC-2.1.0.OLDLIB.2010.UP\LIB_PLUGIN\DEBUG\DIRECT2D.OBJ
D:\SUNQUEEN\MYTEST\VLCWIN\VLC-2.1.0.OLD\VLC-2.1.0.OLDLIB.2010.UP\LIB_PLUGIN\DEBUG\DIRECT3D.OBJ
D:\SUNQUEEN\MYTEST\VLCWIN\VLC-2.1.0.OLD\VLC-2.1.0.OLDLIB.2010.UP\LIB_PLUGIN\DEBUG\DIRECTORY.OBJ
D:\SUNQUEEN\MYTEST\VLCWIN\VLC-2.1.0.OLD\VLC-2.1.0.OLDLIB.2010.UP\LIB_PLUGIN\DEBUG\DIRECTX.OBJ
D:\SUNQUEEN\MYTEST\VLCWIN\VLC-2.1.0.OLD\VLC-2.1.0.OLDLIB.2010.UP\LIB_PLUGIN\DEBUG\DIRECTX1.OBJ
D:\SUNQUEEN\MYTEST\VLCWIN\VLC-2.1.0.OLD\VLC-2.1.0.OLDLIB.2010.UP\LIB_PLUGIN\DEBUG\DISPLAY.OBJ
D:\SUNQUEEN\MYTEST\VLCWIN\VLC-2.1.0.OLD\VLC-2.1.0.OLDLIB.2010.UP\LIB_PLUGIN\DEBUG\DMO.OBJ
D:\SUNQUEEN\MYTEST\VLCWIN\VLC-2.1.0.OLD\VLC-2.1.0.OLDLIB.2010.UP\LIB_PLUGIN\DEBUG\DMXTOOLS.OBJ
D:\SUNQUEEN\MYTEST\VLCWIN\VLC-2.1.0.OLD\VLC-2.1.0.OLDLIB.2010.UP\LIB_PLUGIN\DEBUG\DOLBY.OBJ
D:\SUNQUEEN\MYTEST\VLCWIN\VLC-2.1.0.OLD\VLC-2.1.0.OLDLIB.2010.UP\LIB_PLUGIN\DEBUG\DOMHELPER.OBJ
D:\SUNQUEEN\MYTEST\VLCWIN\VLC-2.1.0.OLD\VLC-2.1.0.OLDLIB.2010.UP\LIB_PLUGIN\DEBUG\DOMPARSER.OBJ
D:\SUNQUEEN\MYTEST\VLCWIN\VLC-2.1.0.OLD\VLC-2.1.0.OLDLIB.2010.UP\LIB_PLUGIN\DEBUG\DRAWABLE.OBJ
D:\SUNQUEEN\MYTEST\VLCWIN\VLC-2.1.0.OLD\VLC-2.1.0.OLDLIB.2010.UP\LIB_PLUGIN\DEBUG\DSHOW.OBJ
D:\SUNQUEEN\MYTEST\VLCWIN\VLC-2.1.0.OLD\VLC-2.1.0.OLDLIB.2010.UP\LIB_PLUGIN\DEBUG\DTS.OBJ
D:\SUNQUEEN\MYTEST\VLCWIN\VLC-2.1.0.OLD\VLC-2.1.0.OLDLIB.2010.UP\LIB_PLUGIN\DEBUG\DTS_HEADER.OBJ
D:\SUNQUEEN\MYTEST\VLCWIN\VLC-2.1.0.OLD\VLC-2.1.0.OLDLIB.2010.UP\LIB_PLUGIN\DEBUG\DTSTOFLOAT32.OBJ
D:\SUNQUEEN\MYTEST\VLCWIN\VLC-2.1.0.OLD\VLC-2.1.0.OLDLIB.2010.UP\LIB_PLUGIN\DEBUG\DTSTOSPDIF.OBJ
D:\SUNQUEEN\MYTEST\VLCWIN\VLC-2.1.0.OLD\VLC-2.1.0.OLDLIB.2010.UP\LIB_PLUGIN\DEBUG\DUMMY.OBJ
D:\SUNQUEEN\MYTEST\VLCWIN\VLC-2.1.0.OLD\VLC-2.1.0.OLDLIB.2010.UP\LIB_PLUGIN\DEBUG\DUMMY2.OBJ
D:\SUNQUEEN\MYTEST\VLCWIN\VLC-2.1.0.OLD\VLC-2.1.0.OLDLIB.2010.UP\LIB_PLUGIN\DEBUG\DUMMY3.OBJ
D:\SUNQUEEN\MYTEST\VLCWIN\VLC-2.1.0.OLD\VLC-2.1.0.OLDLIB.2010.UP\LIB_PLUGIN\DEBUG\DUMMY4.OBJ
D:\SUNQUEEN\MYTEST\VLCWIN\VLC-2.1.0.OLD\VLC-2.1.0.OLDLIB.2010.UP\LIB_PLUGIN\DEBUG\DUMMY5.OBJ
D:\SUNQUEEN\MYTEST\VLCWIN\VLC-2.1.0.OLD\VLC-2.1.0.OLDLIB.2010.UP\LIB_PLUGIN\DEBUG\DUPLICATE.OBJ
D:\SUNQUEEN\MYTEST\VLCWIN\VLC-2.1.0.OLD\VLC-2.1.0.OLDLIB.2010.UP\LIB_PLUGIN\DEBUG\DVB.OBJ
D:\SUNQUEEN\MYTEST\VLCWIN\VLC-2.1.0.OLD\VLC-2.1.0.OLDLIB.2010.UP\LIB_PLUGIN\DEBUG\DVBSUB.OBJ
D:\SUNQUEEN\MYTEST\VLCWIN\VLC-2.1.0.OLD\VLC-2.1.0.OLDLIB.2010.UP\LIB_PLUGIN\DEBUG\DVDNAV.OBJ
D:\SUNQUEEN\MYTEST\VLCWIN\VLC-2.1.0.OLD\VLC-2.1.0.OLDLIB.2010.UP\LIB_PLUGIN\DEBUG\DVDREAD.OBJ
D:\SUNQUEEN\MYTEST\VLCWIN\VLC-2.1.0.OLD\VLC-2.1.0.OLDLIB.2010.UP\LIB_PLUGIN\DEBUG\DVVIDEOFILESERVERMEDIASUBSESSION.OBJ
D:\SUNQUEEN\MYTEST\VLCWIN\VLC-2.1.0.OLD\VLC-2.1.0.OLDLIB.2010.UP\LIB_PLUGIN\DEBUG\DVVIDEORTPSINK.OBJ
D:\SUNQUEEN\MYTEST\VLCWIN\VLC-2.1.0.OLD\VLC-2.1.0.OLDLIB.2010.UP\LIB_PLUGIN\DEBUG\DVVIDEORTPSOURCE.OBJ
D:\SUNQUEEN\MYTEST\VLCWIN\VLC-2.1.0.OLD\VLC-2.1.0.OLDLIB.2010.UP\LIB_PLUGIN\DEBUG\DVVIDEOSTREAMFRAMER.OBJ
D:\SUNQUEEN\MYTEST\VLCWIN\VLC-2.1.0.OLD\VLC-2.1.0.OLDLIB.2010.UP\LIB_PLUGIN\DEBUG\DXVA2.OBJ
D:\SUNQUEEN\MYTEST\VLCWIN\VLC-2.1.0.OLD\VLC-2.1.0.OLDLIB.2010.UP\LIB_PLUGIN\DEBUG\EBMLNUMBER.OBJ
D:\SUNQUEEN\MYTEST\VLCWIN\VLC-2.1.0.OLD\VLC-2.1.0.OLDLIB.2010.UP\LIB_PLUGIN\DEBUG\EDUMMY.OBJ
D:\SUNQUEEN\MYTEST\VLCWIN\VLC-2.1.0.OLD\VLC-2.1.0.OLDLIB.2010.UP\LIB_PLUGIN\DEBUG\EFFECTS.OBJ
D:\SUNQUEEN\MYTEST\VLCWIN\VLC-2.1.0.OLD\VLC-2.1.0.OLDLIB.2010.UP\LIB_PLUGIN\DEBUG\ENCODER.OBJ
D:\SUNQUEEN\MYTEST\VLCWIN\VLC-2.1.0.OLD\VLC-2.1.0.OLDLIB.2010.UP\LIB_PLUGIN\DEBUG\EPG.MOC.OBJ
D:\SUNQUEEN\MYTEST\VLCWIN\VLC-2.1.0.OLD\VLC-2.1.0.OLDLIB.2010.UP\LIB_PLUGIN\DEBUG\EPG.OBJ
D:\SUNQUEEN\MYTEST\VLCWIN\VLC-2.1.0.OLD\VLC-2.1.0.OLDLIB.2010.UP\LIB_PLUGIN\DEBUG\EPGCHANNELS.MOC.OBJ
D:\SUNQUEEN\MYTEST\VLCWIN\VLC-2.1.0.OLD\VLC-2.1.0.OLDLIB.2010.UP\LIB_PLUGIN\DEBUG\EPGCHANNELS.OBJ
D:\SUNQUEEN\MYTEST\VLCWIN\VLC-2.1.0.OLD\VLC-2.1.0.OLDLIB.2010.UP\LIB_PLUGIN\DEBUG\EPGITEM.OBJ
D:\SUNQUEEN\MYTEST\VLCWIN\VLC-2.1.0.OLD\VLC-2.1.0.OLDLIB.2010.UP\LIB_PLUGIN\DEBUG\EPGRULER.MOC.OBJ
D:\SUNQUEEN\MYTEST\VLCWIN\VLC-2.1.0.OLD\VLC-2.1.0.OLDLIB.2010.UP\LIB_PLUGIN\DEBUG\EPGRULER.OBJ
D:\SUNQUEEN\MYTEST\VLCWIN\VLC-2.1.0.OLD\VLC-2.1.0.OLDLIB.2010.UP\LIB_PLUGIN\DEBUG\EPGVIEW.MOC.OBJ
D:\SUNQUEEN\MYTEST\VLCWIN\VLC-2.1.0.OLD\VLC-2.1.0.OLDLIB.2010.UP\LIB_PLUGIN\DEBUG\EPGVIEW.OBJ
D:\SUNQUEEN\MYTEST\VLCWIN\VLC-2.1.0.OLD\VLC-2.1.0.OLDLIB.2010.UP\LIB_PLUGIN\DEBUG\EPGWIDGET.MOC.OBJ
D:\SUNQUEEN\MYTEST\VLCWIN\VLC-2.1.0.OLD\VLC-2.1.0.OLDLIB.2010.UP\LIB_PLUGIN\DEBUG\EPGWIDGET.OBJ
D:\SUNQUEEN\MYTEST\VLCWIN\VLC-2.1.0.OLD\VLC-2.1.0.OLDLIB.2010.UP\LIB_PLUGIN\DEBUG\EQUALIZER.OBJ
D:\SUNQUEEN\MYTEST\VLCWIN\VLC-2.1.0.OLD\VLC-2.1.0.OLDLIB.2010.UP\LIB_PLUGIN\DEBUG\EQUALIZER1.OBJ
D:\SUNQUEEN\MYTEST\VLCWIN\VLC-2.1.0.OLD\VLC-2.1.0.OLDLIB.2010.UP\LIB_PLUGIN\DEBUG\EQUALIZER2.OBJ
D:\SUNQUEEN\MYTEST\VLCWIN\VLC-2.1.0.OLD\VLC-2.1.0.OLDLIB.2010.UP\LIB_PLUGIN\DEBUG\ERASE.OBJ
D:\SUNQUEEN\MYTEST\VLCWIN\VLC-2.1.0.OLD\VLC-2.1.0.OLDLIB.2010.UP\LIB_PLUGIN\DEBUG\ERRORS.MOC.OBJ
D:\SUNQUEEN\MYTEST\VLCWIN\VLC-2.1.0.OLD\VLC-2.1.0.OLDLIB.2010.UP\LIB_PLUGIN\DEBUG\ERRORS.OBJ
D:\SUNQUEEN\MYTEST\VLCWIN\VLC-2.1.0.OLD\VLC-2.1.0.OLDLIB.2010.UP\LIB_PLUGIN\DEBUG\ES.OBJ
D:\SUNQUEEN\MYTEST\VLCWIN\VLC-2.1.0.OLD\VLC-2.1.0.OLDLIB.2010.UP\LIB_PLUGIN\DEBUG\ES1.OBJ
D:\SUNQUEEN\MYTEST\VLCWIN\VLC-2.1.0.OLD\VLC-2.1.0.OLDLIB.2010.UP\LIB_PLUGIN\DEBUG\EVT_INPUT.OBJ
D:\SUNQUEEN\MYTEST\VLCWIN\VLC-2.1.0.OLD\VLC-2.1.0.OLDLIB.2010.UP\LIB_PLUGIN\DEBUG\EVT_KEY.OBJ
D:\SUNQUEEN\MYTEST\VLCWIN\VLC-2.1.0.OLD\VLC-2.1.0.OLDLIB.2010.UP\LIB_PLUGIN\DEBUG\EVT_MOUSE.OBJ
D:\SUNQUEEN\MYTEST\VLCWIN\VLC-2.1.0.OLD\VLC-2.1.0.OLDLIB.2010.UP\LIB_PLUGIN\DEBUG\EVT_SCROLL.OBJ
D:\SUNQUEEN\MYTEST\VLCWIN\VLC-2.1.0.OLD\VLC-2.1.0.OLDLIB.2010.UP\LIB_PLUGIN\DEBUG\EVT_SPECIAL.OBJ
D:\SUNQUEEN\MYTEST\VLCWIN\VLC-2.1.0.OLD\VLC-2.1.0.OLDLIB.2010.UP\LIB_PLUGIN\DEBUG\EXPORT.OBJ
D:\SUNQUEEN\MYTEST\VLCWIN\VLC-2.1.0.OLD\VLC-2.1.0.OLDLIB.2010.UP\LIB_PLUGIN\DEBUG\EXPR_EVALUATOR.OBJ
D:\SUNQUEEN\MYTEST\VLCWIN\VLC-2.1.0.OLD\VLC-2.1.0.OLDLIB.2010.UP\LIB_PLUGIN\DEBUG\EXTENDED.MOC.OBJ
D:\SUNQUEEN\MYTEST\VLCWIN\VLC-2.1.0.OLD\VLC-2.1.0.OLDLIB.2010.UP\LIB_PLUGIN\DEBUG\EXTENDED.OBJ
D:\SUNQUEEN\MYTEST\VLCWIN\VLC-2.1.0.OLD\VLC-2.1.0.OLDLIB.2010.UP\LIB_PLUGIN\DEBUG\EXTENDED_PANELS.MOC.OBJ
D:\SUNQUEEN\MYTEST\VLCWIN\VLC-2.1.0.OLD\VLC-2.1.0.OLDLIB.2010.UP\LIB_PLUGIN\DEBUG\EXTENDED_PANELS.OBJ
D:\SUNQUEEN\MYTEST\VLCWIN\VLC-2.1.0.OLD\VLC-2.1.0.OLDLIB.2010.UP\LIB_PLUGIN\DEBUG\EXTENSION.OBJ
D:\SUNQUEEN\MYTEST\VLCWIN\VLC-2.1.0.OLD\VLC-2.1.0.OLDLIB.2010.UP\LIB_PLUGIN\DEBUG\EXTENSION_THREAD.OBJ
D:\SUNQUEEN\MYTEST\VLCWIN\VLC-2.1.0.OLD\VLC-2.1.0.OLDLIB.2010.UP\LIB_PLUGIN\DEBUG\EXTENSIONS.MOC.OBJ
D:\SUNQUEEN\MYTEST\VLCWIN\VLC-2.1.0.OLD\VLC-2.1.0.OLDLIB.2010.UP\LIB_PLUGIN\DEBUG\EXTENSIONS.OBJ
D:\SUNQUEEN\MYTEST\VLCWIN\VLC-2.1.0.OLD\VLC-2.1.0.OLDLIB.2010.UP\LIB_PLUGIN\DEBUG\EXTENSIONS_MANAGER.MOC.OBJ
D:\SUNQUEEN\MYTEST\VLCWIN\VLC-2.1.0.OLD\VLC-2.1.0.OLDLIB.2010.UP\LIB_PLUGIN\DEBUG\EXTENSIONS_MANAGER.OBJ
D:\SUNQUEEN\MYTEST\VLCWIN\VLC-2.1.0.OLD\VLC-2.1.0.OLDLIB.2010.UP\LIB_PLUGIN\DEBUG\EXTERNAL.MOC.OBJ
D:\SUNQUEEN\MYTEST\VLCWIN\VLC-2.1.0.OLD\VLC-2.1.0.OLDLIB.2010.UP\LIB_PLUGIN\DEBUG\EXTERNAL.OBJ
D:\SUNQUEEN\MYTEST\VLCWIN\VLC-2.1.0.OLD\VLC-2.1.0.OLDLIB.2010.UP\LIB_PLUGIN\DEBUG\EXTRACT.OBJ
D:\SUNQUEEN\MYTEST\VLCWIN\VLC-2.1.0.OLD\VLC-2.1.0.OLDLIB.2010.UP\LIB_PLUGIN\DEBUG\FAAD.OBJ
D:\SUNQUEEN\MYTEST\VLCWIN\VLC-2.1.0.OLD\VLC-2.1.0.OLDLIB.2010.UP\LIB_PLUGIN\DEBUG\FFT.OBJ
D:\SUNQUEEN\MYTEST\VLCWIN\VLC-2.1.0.OLD\VLC-2.1.0.OLDLIB.2010.UP\LIB_PLUGIN\DEBUG\FILE.OBJ
D:\SUNQUEEN\MYTEST\VLCWIN\VLC-2.1.0.OLD\VLC-2.1.0.OLDLIB.2010.UP\LIB_PLUGIN\DEBUG\FILE_BITMAP.OBJ
D:\SUNQUEEN\MYTEST\VLCWIN\VLC-2.1.0.OLD\VLC-2.1.0.OLDLIB.2010.UP\LIB_PLUGIN\DEBUG\FILE1.OBJ
D:\SUNQUEEN\MYTEST\VLCWIN\VLC-2.1.0.OLD\VLC-2.1.0.OLDLIB.2010.UP\LIB_PLUGIN\DEBUG\FILE2.OBJ
D:\SUNQUEEN\MYTEST\VLCWIN\VLC-2.1.0.OLD\VLC-2.1.0.OLDLIB.2010.UP\LIB_PLUGIN\DEBUG\FILESERVERMEDIASUBSESSION.OBJ
D:\SUNQUEEN\MYTEST\VLCWIN\VLC-2.1.0.OLD\VLC-2.1.0.OLDLIB.2010.UP\LIB_PLUGIN\DEBUG\FILESINK.OBJ
D:\SUNQUEEN\MYTEST\VLCWIN\VLC-2.1.0.OLD\VLC-2.1.0.OLDLIB.2010.UP\LIB_PLUGIN\DEBUG\FILTER.OBJ
D:\SUNQUEEN\MYTEST\VLCWIN\VLC-2.1.0.OLD\VLC-2.1.0.OLDLIB.2010.UP\LIB_PLUGIN\DEBUG\FINGERPRINTDIALOG.MOC.OBJ
D:\SUNQUEEN\MYTEST\VLCWIN\VLC-2.1.0.OLD\VLC-2.1.0.OLDLIB.2010.UP\LIB_PLUGIN\DEBUG\FINGERPRINTDIALOG.OBJ
D:\SUNQUEEN\MYTEST\VLCWIN\VLC-2.1.0.OLD\VLC-2.1.0.OLDLIB.2010.UP\LIB_PLUGIN\DEBUG\FINGERPRINTER.OBJ
D:\SUNQUEEN\MYTEST\VLCWIN\VLC-2.1.0.OLD\VLC-2.1.0.OLDLIB.2010.UP\LIB_PLUGIN\DEBUG\FIRSTRUN.MOC.OBJ
D:\SUNQUEEN\MYTEST\VLCWIN\VLC-2.1.0.OLD\VLC-2.1.0.OLDLIB.2010.UP\LIB_PLUGIN\DEBUG\FIRSTRUN.OBJ
D:\SUNQUEEN\MYTEST\VLCWIN\VLC-2.1.0.OLD\VLC-2.1.0.OLDLIB.2010.UP\LIB_PLUGIN\DEBUG\FLAC.OBJ
D:\SUNQUEEN\MYTEST\VLCWIN\VLC-2.1.0.OLD\VLC-2.1.0.OLDLIB.2010.UP\LIB_PLUGIN\DEBUG\FLAC1.OBJ
D:\SUNQUEEN\MYTEST\VLCWIN\VLC-2.1.0.OLD\VLC-2.1.0.OLDLIB.2010.UP\LIB_PLUGIN\DEBUG\FLAC2.OBJ
D:\SUNQUEEN\MYTEST\VLCWIN\VLC-2.1.0.OLD\VLC-2.1.0.OLDLIB.2010.UP\LIB_PLUGIN\DEBUG\FLOAT.OBJ
D:\SUNQUEEN\MYTEST\VLCWIN\VLC-2.1.0.OLD\VLC-2.1.0.OLDLIB.2010.UP\LIB_PLUGIN\DEBUG\FNORDLICHTCONNECTION.OBJ
D:\SUNQUEEN\MYTEST\VLCWIN\VLC-2.1.0.OLD\VLC-2.1.0.OLDLIB.2010.UP\LIB_PLUGIN\DEBUG\FOLDER.OBJ
D:\SUNQUEEN\MYTEST\VLCWIN\VLC-2.1.0.OLD\VLC-2.1.0.OLDLIB.2010.UP\LIB_PLUGIN\DEBUG\FORMAT.OBJ
D:\SUNQUEEN\MYTEST\VLCWIN\VLC-2.1.0.OLD\VLC-2.1.0.OLDLIB.2010.UP\LIB_PLUGIN\DEBUG\FOURCC.OBJ
D:\SUNQUEEN\MYTEST\VLCWIN\VLC-2.1.0.OLD\VLC-2.1.0.OLDLIB.2010.UP\LIB_PLUGIN\DEBUG\FRAMEDFILESOURCE.OBJ
D:\SUNQUEEN\MYTEST\VLCWIN\VLC-2.1.0.OLD\VLC-2.1.0.OLDLIB.2010.UP\LIB_PLUGIN\DEBUG\FRAMEDFILTER.OBJ
D:\SUNQUEEN\MYTEST\VLCWIN\VLC-2.1.0.OLD\VLC-2.1.0.OLDLIB.2010.UP\LIB_PLUGIN\DEBUG\FRAMEDSOURCE.OBJ
D:\SUNQUEEN\MYTEST\VLCWIN\VLC-2.1.0.OLD\VLC-2.1.0.OLDLIB.2010.UP\LIB_PLUGIN\DEBUG\FREETYPE.OBJ
D:\SUNQUEEN\MYTEST\VLCWIN\VLC-2.1.0.OLD\VLC-2.1.0.OLDLIB.2010.UP\LIB_PLUGIN\DEBUG\FS.OBJ
D:\SUNQUEEN\MYTEST\VLCWIN\VLC-2.1.0.OLD\VLC-2.1.0.OLDLIB.2010.UP\LIB_PLUGIN\DEBUG\FSC_WINDOW.OBJ
D:\SUNQUEEN\MYTEST\VLCWIN\VLC-2.1.0.OLD\VLC-2.1.0.OLDLIB.2010.UP\LIB_PLUGIN\DEBUG\FSM.OBJ
D:\SUNQUEEN\MYTEST\VLCWIN\VLC-2.1.0.OLD\VLC-2.1.0.OLDLIB.2010.UP\LIB_PLUGIN\DEBUG\FT2_BITMAP.OBJ
D:\SUNQUEEN\MYTEST\VLCWIN\VLC-2.1.0.OLD\VLC-2.1.0.OLDLIB.2010.UP\LIB_PLUGIN\DEBUG\FT2_ERR.OBJ
D:\SUNQUEEN\MYTEST\VLCWIN\VLC-2.1.0.OLD\VLC-2.1.0.OLDLIB.2010.UP\LIB_PLUGIN\DEBUG\FT2_FONT.OBJ
D:\SUNQUEEN\MYTEST\VLCWIN\VLC-2.1.0.OLD\VLC-2.1.0.OLDLIB.2010.UP\LIB_PLUGIN\DEBUG\FTP.OBJ
D:\SUNQUEEN\MYTEST\VLCWIN\VLC-2.1.0.OLD\VLC-2.1.0.OLDLIB.2010.UP\LIB_PLUGIN\DEBUG\GATHER.OBJ
D:\SUNQUEEN\MYTEST\VLCWIN\VLC-2.1.0.OLD\VLC-2.1.0.OLDLIB.2010.UP\LIB_PLUGIN\DEBUG\GAUSSIANBLUR.OBJ
D:\SUNQUEEN\MYTEST\VLCWIN\VLC-2.1.0.OLD\VLC-2.1.0.OLDLIB.2010.UP\LIB_PLUGIN\DEBUG\GENERIC_BITMAP.OBJ
D:\SUNQUEEN\MYTEST\VLCWIN\VLC-2.1.0.OLD\VLC-2.1.0.OLDLIB.2010.UP\LIB_PLUGIN\DEBUG\GENERIC_LAYOUT.OBJ
D:\SUNQUEEN\MYTEST\VLCWIN\VLC-2.1.0.OLD\VLC-2.1.0.OLDLIB.2010.UP\LIB_PLUGIN\DEBUG\GENERIC_WINDOW.OBJ
D:\SUNQUEEN\MYTEST\VLCWIN\VLC-2.1.0.OLD\VLC-2.1.0.OLDLIB.2010.UP\LIB_PLUGIN\DEBUG\GESTURES.OBJ
D:\SUNQUEEN\MYTEST\VLCWIN\VLC-2.1.0.OLD\VLC-2.1.0.OLDLIB.2010.UP\LIB_PLUGIN\DEBUG\GETTEXT.OBJ
D:\SUNQUEEN\MYTEST\VLCWIN\VLC-2.1.0.OLD\VLC-2.1.0.OLDLIB.2010.UP\LIB_PLUGIN\DEBUG\GLWIN32.OBJ
D:\SUNQUEEN\MYTEST\VLCWIN\VLC-2.1.0.OLD\VLC-2.1.0.OLDLIB.2010.UP\LIB_PLUGIN\DEBUG\GME.OBJ
D:\SUNQUEEN\MYTEST\VLCWIN\VLC-2.1.0.OLD\VLC-2.1.0.OLDLIB.2010.UP\LIB_PLUGIN\DEBUG\GOOM.OBJ
D:\SUNQUEEN\MYTEST\VLCWIN\VLC-2.1.0.OLD\VLC-2.1.0.OLDLIB.2010.UP\LIB_PLUGIN\DEBUG\GOTOTIME.MOC.OBJ
D:\SUNQUEEN\MYTEST\VLCWIN\VLC-2.1.0.OLD\VLC-2.1.0.OLDLIB.2010.UP\LIB_PLUGIN\DEBUG\GOTOTIME.OBJ
D:\SUNQUEEN\MYTEST\VLCWIN\VLC-2.1.0.OLD\VLC-2.1.0.OLDLIB.2010.UP\LIB_PLUGIN\DEBUG\GRADFUN.OBJ
D:\SUNQUEEN\MYTEST\VLCWIN\VLC-2.1.0.OLD\VLC-2.1.0.OLDLIB.2010.UP\LIB_PLUGIN\DEBUG\GRADIENT.OBJ
D:\SUNQUEEN\MYTEST\VLCWIN\VLC-2.1.0.OLD\VLC-2.1.0.OLDLIB.2010.UP\LIB_PLUGIN\DEBUG\GRAIN.OBJ
D:\SUNQUEEN\MYTEST\VLCWIN\VLC-2.1.0.OLD\VLC-2.1.0.OLDLIB.2010.UP\LIB_PLUGIN\DEBUG\GREY_YUV.OBJ
D:\SUNQUEEN\MYTEST\VLCWIN\VLC-2.1.0.OLD\VLC-2.1.0.OLDLIB.2010.UP\LIB_PLUGIN\DEBUG\GROUPEID.OBJ
D:\SUNQUEEN\MYTEST\VLCWIN\VLC-2.1.0.OLD\VLC-2.1.0.OLDLIB.2010.UP\LIB_PLUGIN\DEBUG\GROUPSOCK.OBJ
D:\SUNQUEEN\MYTEST\VLCWIN\VLC-2.1.0.OLD\VLC-2.1.0.OLDLIB.2010.UP\LIB_PLUGIN\DEBUG\GROUPSOCKHELPER.OBJ
D:\SUNQUEEN\MYTEST\VLCWIN\VLC-2.1.0.OLD\VLC-2.1.0.OLDLIB.2010.UP\LIB_PLUGIN\DEBUG\GSMAUDIORTPSINK.OBJ
D:\SUNQUEEN\MYTEST\VLCWIN\VLC-2.1.0.OLD\VLC-2.1.0.OLDLIB.2010.UP\LIB_PLUGIN\DEBUG\GVP.OBJ
D:\SUNQUEEN\MYTEST\VLCWIN\VLC-2.1.0.OLD\VLC-2.1.0.OLDLIB.2010.UP\LIB_PLUGIN\DEBUG\H261VIDEORTPSOURCE.OBJ
D:\SUNQUEEN\MYTEST\VLCWIN\VLC-2.1.0.OLD\VLC-2.1.0.OLDLIB.2010.UP\LIB_PLUGIN\DEBUG\H263PLUSVIDEOFILESERVERMEDIASUBSESSION.OBJ
D:\SUNQUEEN\MYTEST\VLCWIN\VLC-2.1.0.OLD\VLC-2.1.0.OLDLIB.2010.UP\LIB_PLUGIN\DEBUG\H263PLUSVIDEORTPSINK.OBJ
D:\SUNQUEEN\MYTEST\VLCWIN\VLC-2.1.0.OLD\VLC-2.1.0.OLDLIB.2010.UP\LIB_PLUGIN\DEBUG\H263PLUSVIDEORTPSOURCE.OBJ
D:\SUNQUEEN\MYTEST\VLCWIN\VLC-2.1.0.OLD\VLC-2.1.0.OLDLIB.2010.UP\LIB_PLUGIN\DEBUG\H263PLUSVIDEOSTREAMFRAMER.OBJ
D:\SUNQUEEN\MYTEST\VLCWIN\VLC-2.1.0.OLD\VLC-2.1.0.OLDLIB.2010.UP\LIB_PLUGIN\DEBUG\H263PLUSVIDEOSTREAMPARSER.OBJ
D:\SUNQUEEN\MYTEST\VLCWIN\VLC-2.1.0.OLD\VLC-2.1.0.OLDLIB.2010.UP\LIB_PLUGIN\DEBUG\H264.OBJ
D:\SUNQUEEN\MYTEST\VLCWIN\VLC-2.1.0.OLD\VLC-2.1.0.OLDLIB.2010.UP\LIB_PLUGIN\DEBUG\H2641.OBJ
D:\SUNQUEEN\MYTEST\VLCWIN\VLC-2.1.0.OLD\VLC-2.1.0.OLDLIB.2010.UP\LIB_PLUGIN\DEBUG\H264VIDEOFILESERVERMEDIASUBSESSION.OBJ
D:\SUNQUEEN\MYTEST\VLCWIN\VLC-2.1.0.OLD\VLC-2.1.0.OLDLIB.2010.UP\LIB_PLUGIN\DEBUG\H264VIDEOFILESINK.OBJ
D:\SUNQUEEN\MYTEST\VLCWIN\VLC-2.1.0.OLD\VLC-2.1.0.OLDLIB.2010.UP\LIB_PLUGIN\DEBUG\H264VIDEOMATROSKAFILESERVERMEDIASUBSESSION.OBJ
D:\SUNQUEEN\MYTEST\VLCWIN\VLC-2.1.0.OLD\VLC-2.1.0.OLDLIB.2010.UP\LIB_PLUGIN\DEBUG\H264VIDEORTPSINK.OBJ
D:\SUNQUEEN\MYTEST\VLCWIN\VLC-2.1.0.OLD\VLC-2.1.0.OLDLIB.2010.UP\LIB_PLUGIN\DEBUG\H264VIDEORTPSOURCE.OBJ
D:\SUNQUEEN\MYTEST\VLCWIN\VLC-2.1.0.OLD\VLC-2.1.0.OLDLIB.2010.UP\LIB_PLUGIN\DEBUG\H264VIDEOSTREAMDISCRETEFRAMER.OBJ
D:\SUNQUEEN\MYTEST\VLCWIN\VLC-2.1.0.OLD\VLC-2.1.0.OLDLIB.2010.UP\LIB_PLUGIN\DEBUG\H264VIDEOSTREAMFRAMER.OBJ
D:\SUNQUEEN\MYTEST\VLCWIN\VLC-2.1.0.OLD\VLC-2.1.0.OLDLIB.2010.UP\LIB_PLUGIN\DEBUG\HASHTABLE.OBJ
D:\SUNQUEEN\MYTEST\VLCWIN\VLC-2.1.0.OLD\VLC-2.1.0.OLDLIB.2010.UP\LIB_PLUGIN\DEBUG\HEADPHONE.OBJ
D:\SUNQUEEN\MYTEST\VLCWIN\VLC-2.1.0.OLD\VLC-2.1.0.OLDLIB.2010.UP\LIB_PLUGIN\DEBUG\HELP.MOC.OBJ
D:\SUNQUEEN\MYTEST\VLCWIN\VLC-2.1.0.OLD\VLC-2.1.0.OLDLIB.2010.UP\LIB_PLUGIN\DEBUG\HELP.OBJ
D:\SUNQUEEN\MYTEST\VLCWIN\VLC-2.1.0.OLD\VLC-2.1.0.OLDLIB.2010.UP\LIB_PLUGIN\DEBUG\HELPER.OBJ
D:\SUNQUEEN\MYTEST\VLCWIN\VLC-2.1.0.OLD\VLC-2.1.0.OLDLIB.2010.UP\LIB_PLUGIN\DEBUG\HELPERS.OBJ
D:\SUNQUEEN\MYTEST\VLCWIN\VLC-2.1.0.OLD\VLC-2.1.0.OLDLIB.2010.UP\LIB_PLUGIN\DEBUG\HOTKEYS.OBJ
D:\SUNQUEEN\MYTEST\VLCWIN\VLC-2.1.0.OLD\VLC-2.1.0.OLDLIB.2010.UP\LIB_PLUGIN\DEBUG\HQDN3D.OBJ
D:\SUNQUEEN\MYTEST\VLCWIN\VLC-2.1.0.OLD\VLC-2.1.0.OLDLIB.2010.UP\LIB_PLUGIN\DEBUG\HTML.OBJ
D:\SUNQUEEN\MYTEST\VLCWIN\VLC-2.1.0.OLD\VLC-2.1.0.OLDLIB.2010.UP\LIB_PLUGIN\DEBUG\HTTP.OBJ
D:\SUNQUEEN\MYTEST\VLCWIN\VLC-2.1.0.OLD\VLC-2.1.0.OLDLIB.2010.UP\LIB_PLUGIN\DEBUG\HTTP1.OBJ
D:\SUNQUEEN\MYTEST\VLCWIN\VLC-2.1.0.OLD\VLC-2.1.0.OLDLIB.2010.UP\LIB_PLUGIN\DEBUG\HTTPCONNECTION.OBJ
D:\SUNQUEEN\MYTEST\VLCWIN\VLC-2.1.0.OLD\VLC-2.1.0.OLDLIB.2010.UP\LIB_PLUGIN\DEBUG\HTTPCONNECTIONMANAGER.OBJ
D:\SUNQUEEN\MYTEST\VLCWIN\VLC-2.1.0.OLD\VLC-2.1.0.OLDLIB.2010.UP\LIB_PLUGIN\DEBUG\HTTPD.OBJ
D:\SUNQUEEN\MYTEST\VLCWIN\VLC-2.1.0.OLD\VLC-2.1.0.OLDLIB.2010.UP\LIB_PLUGIN\DEBUG\HTTPLIVE.OBJ
D:\SUNQUEEN\MYTEST\VLCWIN\VLC-2.1.0.OLD\VLC-2.1.0.OLDLIB.2010.UP\LIB_PLUGIN\DEBUG\I420_RGB.OBJ
D:\SUNQUEEN\MYTEST\VLCWIN\VLC-2.1.0.OLD\VLC-2.1.0.OLDLIB.2010.UP\LIB_PLUGIN\DEBUG\I420_RGB1.OBJ
D:\SUNQUEEN\MYTEST\VLCWIN\VLC-2.1.0.OLD\VLC-2.1.0.OLDLIB.2010.UP\LIB_PLUGIN\DEBUG\I420_RGB2.OBJ
D:\SUNQUEEN\MYTEST\VLCWIN\VLC-2.1.0.OLD\VLC-2.1.0.OLDLIB.2010.UP\LIB_PLUGIN\DEBUG\I420_RGB8.OBJ
D:\SUNQUEEN\MYTEST\VLCWIN\VLC-2.1.0.OLD\VLC-2.1.0.OLDLIB.2010.UP\LIB_PLUGIN\DEBUG\I420_YUY2.OBJ
D:\SUNQUEEN\MYTEST\VLCWIN\VLC-2.1.0.OLD\VLC-2.1.0.OLDLIB.2010.UP\LIB_PLUGIN\DEBUG\I420_YUY21.OBJ
D:\SUNQUEEN\MYTEST\VLCWIN\VLC-2.1.0.OLD\VLC-2.1.0.OLDLIB.2010.UP\LIB_PLUGIN\DEBUG\I420_YUY22.OBJ
D:\SUNQUEEN\MYTEST\VLCWIN\VLC-2.1.0.OLD\VLC-2.1.0.OLDLIB.2010.UP\LIB_PLUGIN\DEBUG\I422_I420.OBJ
D:\SUNQUEEN\MYTEST\VLCWIN\VLC-2.1.0.OLD\VLC-2.1.0.OLDLIB.2010.UP\LIB_PLUGIN\DEBUG\I422_YUY2.OBJ
D:\SUNQUEEN\MYTEST\VLCWIN\VLC-2.1.0.OLD\VLC-2.1.0.OLDLIB.2010.UP\LIB_PLUGIN\DEBUG\I422_YUY21.OBJ
D:\SUNQUEEN\MYTEST\VLCWIN\VLC-2.1.0.OLD\VLC-2.1.0.OLDLIB.2010.UP\LIB_PLUGIN\DEBUG\I422_YUY22.OBJ
D:\SUNQUEEN\MYTEST\VLCWIN\VLC-2.1.0.OLD\VLC-2.1.0.OLDLIB.2010.UP\LIB_PLUGIN\DEBUG\IDUMMY.OBJ
D:\SUNQUEEN\MYTEST\VLCWIN\VLC-2.1.0.OLD\VLC-2.1.0.OLDLIB.2010.UP\LIB_PLUGIN\DEBUG\IFO.OBJ
D:\SUNQUEEN\MYTEST\VLCWIN\VLC-2.1.0.OLD\VLC-2.1.0.OLDLIB.2010.UP\LIB_PLUGIN\DEBUG\IMAGE.OBJ
D:\SUNQUEEN\MYTEST\VLCWIN\VLC-2.1.0.OLD\VLC-2.1.0.OLDLIB.2010.UP\LIB_PLUGIN\DEBUG\IMEM.OBJ
D:\SUNQUEEN\MYTEST\VLCWIN\VLC-2.1.0.OLD\VLC-2.1.0.OLDLIB.2010.UP\LIB_PLUGIN\DEBUG\INET.OBJ
D:\SUNQUEEN\MYTEST\VLCWIN\VLC-2.1.0.OLD\VLC-2.1.0.OLDLIB.2010.UP\LIB_PLUGIN\DEBUG\INFO_PANELS.MOC.OBJ
D:\SUNQUEEN\MYTEST\VLCWIN\VLC-2.1.0.OLD\VLC-2.1.0.OLDLIB.2010.UP\LIB_PLUGIN\DEBUG\INFO_PANELS.OBJ
D:\SUNQUEEN\MYTEST\VLCWIN\VLC-2.1.0.OLD\VLC-2.1.0.OLDLIB.2010.UP\LIB_PLUGIN\DEBUG\INFO_WIDGETS.MOC.OBJ
D:\SUNQUEEN\MYTEST\VLCWIN\VLC-2.1.0.OLD\VLC-2.1.0.OLDLIB.2010.UP\LIB_PLUGIN\DEBUG\INFO_WIDGETS.OBJ
D:\SUNQUEEN\MYTEST\VLCWIN\VLC-2.1.0.OLD\VLC-2.1.0.OLDLIB.2010.UP\LIB_PLUGIN\DEBUG\INI_FILE.OBJ
D:\SUNQUEEN\MYTEST\VLCWIN\VLC-2.1.0.OLD\VLC-2.1.0.OLDLIB.2010.UP\LIB_PLUGIN\DEBUG\INPUT.OBJ
D:\SUNQUEEN\MYTEST\VLCWIN\VLC-2.1.0.OLD\VLC-2.1.0.OLDLIB.2010.UP\LIB_PLUGIN\DEBUG\INPUT_MANAGER.MOC.OBJ
D:\SUNQUEEN\MYTEST\VLCWIN\VLC-2.1.0.OLD\VLC-2.1.0.OLDLIB.2010.UP\LIB_PLUGIN\DEBUG\INPUT_MANAGER.OBJ
D:\SUNQUEEN\MYTEST\VLCWIN\VLC-2.1.0.OLD\VLC-2.1.0.OLDLIB.2010.UP\LIB_PLUGIN\DEBUG\INPUT_SLIDER.MOC.OBJ
D:\SUNQUEEN\MYTEST\VLCWIN\VLC-2.1.0.OLD\VLC-2.1.0.OLDLIB.2010.UP\LIB_PLUGIN\DEBUG\INPUT_SLIDER.OBJ
D:\SUNQUEEN\MYTEST\VLCWIN\VLC-2.1.0.OLD\VLC-2.1.0.OLDLIB.2010.UP\LIB_PLUGIN\DEBUG\INPUT1.OBJ
D:\SUNQUEEN\MYTEST\VLCWIN\VLC-2.1.0.OLD\VLC-2.1.0.OLDLIB.2010.UP\LIB_PLUGIN\DEBUG\INPUTFILE.OBJ
D:\SUNQUEEN\MYTEST\VLCWIN\VLC-2.1.0.OLD\VLC-2.1.0.OLDLIB.2010.UP\LIB_PLUGIN\DEBUG\INTEGER.OBJ
D:\SUNQUEEN\MYTEST\VLCWIN\VLC-2.1.0.OLD\VLC-2.1.0.OLDLIB.2010.UP\LIB_PLUGIN\DEBUG\INTERFACE_WIDGETS.MOC.OBJ
D:\SUNQUEEN\MYTEST\VLCWIN\VLC-2.1.0.OLD\VLC-2.1.0.OLDLIB.2010.UP\LIB_PLUGIN\DEBUG\INTERFACE_WIDGETS.OBJ
D:\SUNQUEEN\MYTEST\VLCWIN\VLC-2.1.0.OLD\VLC-2.1.0.OLDLIB.2010.UP\LIB_PLUGIN\DEBUG\INTERPRETER.OBJ
D:\SUNQUEEN\MYTEST\VLCWIN\VLC-2.1.0.OLD\VLC-2.1.0.OLDLIB.2010.UP\LIB_PLUGIN\DEBUG\INTF.OBJ
D:\SUNQUEEN\MYTEST\VLCWIN\VLC-2.1.0.OLD\VLC-2.1.0.OLDLIB.2010.UP\LIB_PLUGIN\DEBUG\INVERT.OBJ
D:\SUNQUEEN\MYTEST\VLCWIN\VLC-2.1.0.OLD\VLC-2.1.0.OLDLIB.2010.UP\LIB_PLUGIN\DEBUG\IOAPI.OBJ
D:\SUNQUEEN\MYTEST\VLCWIN\VLC-2.1.0.OLD\VLC-2.1.0.OLDLIB.2010.UP\LIB_PLUGIN\DEBUG\IOHANDLERS.OBJ
D:\SUNQUEEN\MYTEST\VLCWIN\VLC-2.1.0.OLD\VLC-2.1.0.OLDLIB.2010.UP\LIB_PLUGIN\DEBUG\ISOFFMAINMANAGER.OBJ
D:\SUNQUEEN\MYTEST\VLCWIN\VLC-2.1.0.OLD\VLC-2.1.0.OLDLIB.2010.UP\LIB_PLUGIN\DEBUG\ISOFFMAINPARSER.OBJ
D:\SUNQUEEN\MYTEST\VLCWIN\VLC-2.1.0.OLD\VLC-2.1.0.OLDLIB.2010.UP\LIB_PLUGIN\DEBUG\ITML.OBJ
D:\SUNQUEEN\MYTEST\VLCWIN\VLC-2.1.0.OLD\VLC-2.1.0.OLDLIB.2010.UP\LIB_PLUGIN\DEBUG\JPEGVIDEORTPSINK.OBJ
D:\SUNQUEEN\MYTEST\VLCWIN\VLC-2.1.0.OLD\VLC-2.1.0.OLDLIB.2010.UP\LIB_PLUGIN\DEBUG\JPEGVIDEORTPSOURCE.OBJ
D:\SUNQUEEN\MYTEST\VLCWIN\VLC-2.1.0.OLD\VLC-2.1.0.OLDLIB.2010.UP\LIB_PLUGIN\DEBUG\JPEGVIDEOSOURCE.OBJ
D:\SUNQUEEN\MYTEST\VLCWIN\VLC-2.1.0.OLD\VLC-2.1.0.OLDLIB.2010.UP\LIB_PLUGIN\DEBUG\JSON.OBJ
D:\SUNQUEEN\MYTEST\VLCWIN\VLC-2.1.0.OLD\VLC-2.1.0.OLDLIB.2010.UP\LIB_PLUGIN\DEBUG\KARAOKE.OBJ
D:\SUNQUEEN\MYTEST\VLCWIN\VLC-2.1.0.OLD\VLC-2.1.0.OLDLIB.2010.UP\LIB_PLUGIN\DEBUG\KATE.OBJ
D:\SUNQUEEN\MYTEST\VLCWIN\VLC-2.1.0.OLD\VLC-2.1.0.OLDLIB.2010.UP\LIB_PLUGIN\DEBUG\LANGFROMTELX.OBJ
D:\SUNQUEEN\MYTEST\VLCWIN\VLC-2.1.0.OLD\VLC-2.1.0.OLDLIB.2010.UP\LIB_PLUGIN\DEBUG\LIB_PLUGIN.DLL.EMBED.MANIFEST
D:\SUNQUEEN\MYTEST\VLCWIN\VLC-2.1.0.OLD\VLC-2.1.0.OLDLIB.2010.UP\LIB_PLUGIN\DEBUG\LIB_PLUGIN.DLL.EMBED.MANIFEST.RES
D:\SUNQUEEN\MYTEST\VLCWIN\VLC-2.1.0.OLD\VLC-2.1.0.OLDLIB.2010.UP\LIB_PLUGIN\DEBUG\LIB_PLUGIN.DLL.INTERMEDIATE.MANIFEST
D:\SUNQUEEN\MYTEST\VLCWIN\VLC-2.1.0.OLD\VLC-2.1.0.OLDLIB.2010.UP\LIB_PLUGIN\DEBUG\LIB_PLUGIN.OBJ
D:\SUNQUEEN\MYTEST\VLCWIN\VLC-2.1.0.OLD\VLC-2.1.0.OLDLIB.2010.UP\LIB_PLUGIN\DEBUG\LIB_PLUGIN.PCH
D:\SUNQUEEN\MYTEST\VLCWIN\VLC-2.1.0.OLD\VLC-2.1.0.OLDLIB.2010.UP\LIB_PLUGIN\DEBUG\LIB_PLUGIN.RES
D:\sunqueen\mytest\vlcwin\vlc-2.1.0.old\vlc-2.1.0.oldlib.2010.up\lib_plugin\Debug\lib_plugin.write.1.tlog
D:\sunqueen\mytest\vlcwin\vlc-2.1.0.old\vlc-2.1.0.oldlib.2010.up\lib_plugin\Debug\lib_plugin_manifest.rc
D:\SUNQUEEN\MYTEST\VLCWIN\VLC-2.1.0.OLD\VLC-2.1.0.OLDLIB.2010.UP\LIB_PLUGIN\DEBUG\LIBASF.OBJ
D:\SUNQUEEN\MYTEST\VLCWIN\VLC-2.1.0.OLD\VLC-2.1.0.OLDLIB.2010.UP\LIB_PLUGIN\DEBUG\LIBASS.OBJ
D:\SUNQUEEN\MYTEST\VLCWIN\VLC-2.1.0.OLD\VLC-2.1.0.OLDLIB.2010.UP\LIB_PLUGIN\DEBUG\LIBAVI.OBJ
D:\SUNQUEEN\MYTEST\VLCWIN\VLC-2.1.0.OLD\VLC-2.1.0.OLDLIB.2010.UP\LIB_PLUGIN\DEBUG\LIBMP4.OBJ
D:\SUNQUEEN\MYTEST\VLCWIN\VLC-2.1.0.OLD\VLC-2.1.0.OLDLIB.2010.UP\LIB_PLUGIN\DEBUG\LIBMPEG2.OBJ
D:\SUNQUEEN\MYTEST\VLCWIN\VLC-2.1.0.OLD\VLC-2.1.0.OLDLIB.2010.UP\LIB_PLUGIN\DEBUG\LIBXML.OBJ
D:\sunqueen\mytest\vlcwin\vlc-2.1.0.old\vlc-2.1.0.oldlib.2010.up\lib_plugin\Debug\link.command.1.tlog
D:\sunqueen\mytest\vlcwin\vlc-2.1.0.old\vlc-2.1.0.oldlib.2010.up\lib_plugin\Debug\link.read.1.tlog
D:\sunqueen\mytest\vlcwin\vlc-2.1.0.old\vlc-2.1.0.oldlib.2010.up\lib_plugin\Debug\link.write.1.tlog
D:\sunqueen\mytest\vlcwin\vlc-2.1.0.old\vlc-2.1.0.oldlib.2010.up\lib_plugin\Debug\link-cvtres.read.1.tlog
D:\sunqueen\mytest\vlcwin\vlc-2.1.0.old\vlc-2.1.0.oldlib.2010.up\lib_plugin\Debug\link-cvtres.write.1.tlog
D:\SUNQUEEN\MYTEST\VLCWIN\VLC-2.1.0.OLD\VLC-2.1.0.OLDLIB.2010.UP\LIB_PLUGIN\DEBUG\LIVE555.OBJ
D:\SUNQUEEN\MYTEST\VLCWIN\VLC-2.1.0.OLD\VLC-2.1.0.OLDLIB.2010.UP\LIB_PLUGIN\DEBUG\LIVEHTTP.OBJ
D:\SUNQUEEN\MYTEST\VLCWIN\VLC-2.1.0.OLD\VLC-2.1.0.OLDLIB.2010.UP\LIB_PLUGIN\DEBUG\LOCALE.OBJ
D:\SUNQUEEN\MYTEST\VLCWIN\VLC-2.1.0.OLD\VLC-2.1.0.OLDLIB.2010.UP\LIB_PLUGIN\DEBUG\LOGGER.OBJ
D:\SUNQUEEN\MYTEST\VLCWIN\VLC-2.1.0.OLD\VLC-2.1.0.OLDLIB.2010.UP\LIB_PLUGIN\DEBUG\LOGGER1.OBJ
D:\SUNQUEEN\MYTEST\VLCWIN\VLC-2.1.0.OLD\VLC-2.1.0.OLDLIB.2010.UP\LIB_PLUGIN\DEBUG\LOGO.OBJ
D:\SUNQUEEN\MYTEST\VLCWIN\VLC-2.1.0.OLD\VLC-2.1.0.OLDLIB.2010.UP\LIB_PLUGIN\DEBUG\LPCM.OBJ
D:\SUNQUEEN\MYTEST\VLCWIN\VLC-2.1.0.OLD\VLC-2.1.0.OLDLIB.2010.UP\LIB_PLUGIN\DEBUG\M3U.OBJ
D:\SUNQUEEN\MYTEST\VLCWIN\VLC-2.1.0.OLD\VLC-2.1.0.OLDLIB.2010.UP\LIB_PLUGIN\DEBUG\M3U1.OBJ
D:\SUNQUEEN\MYTEST\VLCWIN\VLC-2.1.0.OLD\VLC-2.1.0.OLDLIB.2010.UP\LIB_PLUGIN\DEBUG\MAGNIFY.OBJ
D:\SUNQUEEN\MYTEST\VLCWIN\VLC-2.1.0.OLD\VLC-2.1.0.OLDLIB.2010.UP\LIB_PLUGIN\DEBUG\MAIN_INTERFACE.MOC.OBJ
D:\SUNQUEEN\MYTEST\VLCWIN\VLC-2.1.0.OLD\VLC-2.1.0.OLDLIB.2010.UP\LIB_PLUGIN\DEBUG\MAIN_INTERFACE.OBJ
D:\SUNQUEEN\MYTEST\VLCWIN\VLC-2.1.0.OLD\VLC-2.1.0.OLDLIB.2010.UP\LIB_PLUGIN\DEBUG\MAIN_INTERFACE_WIN32.OBJ
D:\SUNQUEEN\MYTEST\VLCWIN\VLC-2.1.0.OLD\VLC-2.1.0.OLDLIB.2010.UP\LIB_PLUGIN\DEBUG\MARQ.OBJ
D:\SUNQUEEN\MYTEST\VLCWIN\VLC-2.1.0.OLD\VLC-2.1.0.OLDLIB.2010.UP\LIB_PLUGIN\DEBUG\MATROSKADEMUXEDTRACK.OBJ
D:\SUNQUEEN\MYTEST\VLCWIN\VLC-2.1.0.OLD\VLC-2.1.0.OLDLIB.2010.UP\LIB_PLUGIN\DEBUG\MATROSKAFILE.OBJ
D:\SUNQUEEN\MYTEST\VLCWIN\VLC-2.1.0.OLD\VLC-2.1.0.OLDLIB.2010.UP\LIB_PLUGIN\DEBUG\MATROSKAFILEPARSER.OBJ
D:\SUNQUEEN\MYTEST\VLCWIN\VLC-2.1.0.OLD\VLC-2.1.0.OLDLIB.2010.UP\LIB_PLUGIN\DEBUG\MATROSKAFILESERVERDEMUX.OBJ
D:\SUNQUEEN\MYTEST\VLCWIN\VLC-2.1.0.OLD\VLC-2.1.0.OLDLIB.2010.UP\LIB_PLUGIN\DEBUG\MEDIA.OBJ
D:\SUNQUEEN\MYTEST\VLCWIN\VLC-2.1.0.OLD\VLC-2.1.0.OLDLIB.2010.UP\LIB_PLUGIN\DEBUG\MEDIADIRS.OBJ
D:\SUNQUEEN\MYTEST\VLCWIN\VLC-2.1.0.OLD\VLC-2.1.0.OLDLIB.2010.UP\LIB_PLUGIN\DEBUG\MEDIAINFO.MOC.OBJ
D:\SUNQUEEN\MYTEST\VLCWIN\VLC-2.1.0.OLD\VLC-2.1.0.OLDLIB.2010.UP\LIB_PLUGIN\DEBUG\MEDIAINFO.OBJ
D:\SUNQUEEN\MYTEST\VLCWIN\VLC-2.1.0.OLD\VLC-2.1.0.OLDLIB.2010.UP\LIB_PLUGIN\DEBUG\MEDIASESSION.OBJ
D:\SUNQUEEN\MYTEST\VLCWIN\VLC-2.1.0.OLD\VLC-2.1.0.OLDLIB.2010.UP\LIB_PLUGIN\DEBUG\MEDIASINK.OBJ
D:\SUNQUEEN\MYTEST\VLCWIN\VLC-2.1.0.OLD\VLC-2.1.0.OLDLIB.2010.UP\LIB_PLUGIN\DEBUG\MEDIASOURCE.OBJ
D:\SUNQUEEN\MYTEST\VLCWIN\VLC-2.1.0.OLD\VLC-2.1.0.OLDLIB.2010.UP\LIB_PLUGIN\DEBUG\MENUS.MOC.OBJ
D:\SUNQUEEN\MYTEST\VLCWIN\VLC-2.1.0.OLD\VLC-2.1.0.OLDLIB.2010.UP\LIB_PLUGIN\DEBUG\MENUS.OBJ
D:\SUNQUEEN\MYTEST\VLCWIN\VLC-2.1.0.OLD\VLC-2.1.0.OLDLIB.2010.UP\LIB_PLUGIN\DEBUG\MERGE.OBJ
D:\SUNQUEEN\MYTEST\VLCWIN\VLC-2.1.0.OLD\VLC-2.1.0.OLDLIB.2010.UP\LIB_PLUGIN\DEBUG\MESSAGES.MOC.OBJ
D:\SUNQUEEN\MYTEST\VLCWIN\VLC-2.1.0.OLD\VLC-2.1.0.OLDLIB.2010.UP\LIB_PLUGIN\DEBUG\MESSAGES.OBJ
D:\SUNQUEEN\MYTEST\VLCWIN\VLC-2.1.0.OLD\VLC-2.1.0.OLDLIB.2010.UP\LIB_PLUGIN\DEBUG\MESSAGES1.OBJ
D:\SUNQUEEN\MYTEST\VLCWIN\VLC-2.1.0.OLD\VLC-2.1.0.OLDLIB.2010.UP\LIB_PLUGIN\DEBUG\META.OBJ
D:\SUNQUEEN\MYTEST\VLCWIN\VLC-2.1.0.OLD\VLC-2.1.0.OLDLIB.2010.UP\LIB_PLUGIN\DEBUG\MIRROR.OBJ
D:\SUNQUEEN\MYTEST\VLCWIN\VLC-2.1.0.OLD\VLC-2.1.0.OLDLIB.2010.UP\LIB_PLUGIN\DEBUG\MISC.OBJ
D:\SUNQUEEN\MYTEST\VLCWIN\VLC-2.1.0.OLD\VLC-2.1.0.OLDLIB.2010.UP\LIB_PLUGIN\DEBUG\MJPEG.OBJ
D:\SUNQUEEN\MYTEST\VLCWIN\VLC-2.1.0.OLD\VLC-2.1.0.OLDLIB.2010.UP\LIB_PLUGIN\DEBUG\ML_CONFIGURATION.MOC.OBJ
D:\SUNQUEEN\MYTEST\VLCWIN\VLC-2.1.0.OLD\VLC-2.1.0.OLDLIB.2010.UP\LIB_PLUGIN\DEBUG\ML_CONFIGURATION.OBJ
D:\SUNQUEEN\MYTEST\VLCWIN\VLC-2.1.0.OLD\VLC-2.1.0.OLDLIB.2010.UP\LIB_PLUGIN\DEBUG\ML_ITEM.OBJ
D:\SUNQUEEN\MYTEST\VLCWIN\VLC-2.1.0.OLD\VLC-2.1.0.OLDLIB.2010.UP\LIB_PLUGIN\DEBUG\ML_MODEL.MOC.OBJ
D:\SUNQUEEN\MYTEST\VLCWIN\VLC-2.1.0.OLD\VLC-2.1.0.OLDLIB.2010.UP\LIB_PLUGIN\DEBUG\ML_MODEL.OBJ
D:\SUNQUEEN\MYTEST\VLCWIN\VLC-2.1.0.OLD\VLC-2.1.0.OLDLIB.2010.UP\LIB_PLUGIN\DEBUG\MLP.OBJ
D:\SUNQUEEN\MYTEST\VLCWIN\VLC-2.1.0.OLD\VLC-2.1.0.OLDLIB.2010.UP\LIB_PLUGIN\DEBUG\MMS.OBJ
D:\SUNQUEEN\MYTEST\VLCWIN\VLC-2.1.0.OLD\VLC-2.1.0.OLDLIB.2010.UP\LIB_PLUGIN\DEBUG\MMSH.OBJ
D:\SUNQUEEN\MYTEST\VLCWIN\VLC-2.1.0.OLD\VLC-2.1.0.OLDLIB.2010.UP\LIB_PLUGIN\DEBUG\MMSTU.OBJ
D:\SUNQUEEN\MYTEST\VLCWIN\VLC-2.1.0.OLD\VLC-2.1.0.OLDLIB.2010.UP\LIB_PLUGIN\DEBUG\MOD.OBJ
D:\SUNQUEEN\MYTEST\VLCWIN\VLC-2.1.0.OLD\VLC-2.1.0.OLDLIB.2010.UP\LIB_PLUGIN\DEBUG\MOMOCONNECTION.OBJ
D:\SUNQUEEN\MYTEST\VLCWIN\VLC-2.1.0.OLD\VLC-2.1.0.OLDLIB.2010.UP\LIB_PLUGIN\DEBUG\MONO.OBJ
D:\SUNQUEEN\MYTEST\VLCWIN\VLC-2.1.0.OLD\VLC-2.1.0.OLDLIB.2010.UP\LIB_PLUGIN\DEBUG\MOSAIC.OBJ
D:\SUNQUEEN\MYTEST\VLCWIN\VLC-2.1.0.OLD\VLC-2.1.0.OLDLIB.2010.UP\LIB_PLUGIN\DEBUG\MOSAIC_BRIDGE.OBJ
D:\SUNQUEEN\MYTEST\VLCWIN\VLC-2.1.0.OLD\VLC-2.1.0.OLDLIB.2010.UP\LIB_PLUGIN\DEBUG\MOTIONBLUR.OBJ
D:\SUNQUEEN\MYTEST\VLCWIN\VLC-2.1.0.OLD\VLC-2.1.0.OLDLIB.2010.UP\LIB_PLUGIN\DEBUG\MOTIONDETECT.OBJ
D:\SUNQUEEN\MYTEST\VLCWIN\VLC-2.1.0.OLD\VLC-2.1.0.OLDLIB.2010.UP\LIB_PLUGIN\DEBUG\MOTIONLIB.OBJ
D:\SUNQUEEN\MYTEST\VLCWIN\VLC-2.1.0.OLD\VLC-2.1.0.OLDLIB.2010.UP\LIB_PLUGIN\DEBUG\MP3ADU.OBJ
D:\SUNQUEEN\MYTEST\VLCWIN\VLC-2.1.0.OLD\VLC-2.1.0.OLDLIB.2010.UP\LIB_PLUGIN\DEBUG\MP3ADUDESCRIPTOR.OBJ
D:\SUNQUEEN\MYTEST\VLCWIN\VLC-2.1.0.OLD\VLC-2.1.0.OLDLIB.2010.UP\LIB_PLUGIN\DEBUG\MP3ADUINTERLEAVING.OBJ
D:\SUNQUEEN\MYTEST\VLCWIN\VLC-2.1.0.OLD\VLC-2.1.0.OLDLIB.2010.UP\LIB_PLUGIN\DEBUG\MP3ADURTPSINK.OBJ
D:\SUNQUEEN\MYTEST\VLCWIN\VLC-2.1.0.OLD\VLC-2.1.0.OLDLIB.2010.UP\LIB_PLUGIN\DEBUG\MP3ADURTPSOURCE.OBJ
D:\SUNQUEEN\MYTEST\VLCWIN\VLC-2.1.0.OLD\VLC-2.1.0.OLDLIB.2010.UP\LIB_PLUGIN\DEBUG\MP3ADUTRANSCODER.OBJ
D:\SUNQUEEN\MYTEST\VLCWIN\VLC-2.1.0.OLD\VLC-2.1.0.OLDLIB.2010.UP\LIB_PLUGIN\DEBUG\MP3AUDIOFILESERVERMEDIASUBSESSION.OBJ
D:\SUNQUEEN\MYTEST\VLCWIN\VLC-2.1.0.OLD\VLC-2.1.0.OLDLIB.2010.UP\LIB_PLUGIN\DEBUG\MP3AUDIOMATROSKAFILESERVERMEDIASUBSESSION.OBJ
D:\SUNQUEEN\MYTEST\VLCWIN\VLC-2.1.0.OLD\VLC-2.1.0.OLDLIB.2010.UP\LIB_PLUGIN\DEBUG\MP3FILESOURCE.OBJ
D:\SUNQUEEN\MYTEST\VLCWIN\VLC-2.1.0.OLD\VLC-2.1.0.OLDLIB.2010.UP\LIB_PLUGIN\DEBUG\MP3HTTPSOURCE.OBJ
D:\SUNQUEEN\MYTEST\VLCWIN\VLC-2.1.0.OLD\VLC-2.1.0.OLDLIB.2010.UP\LIB_PLUGIN\DEBUG\MP3INTERNALS.OBJ
D:\SUNQUEEN\MYTEST\VLCWIN\VLC-2.1.0.OLD\VLC-2.1.0.OLDLIB.2010.UP\LIB_PLUGIN\DEBUG\MP3INTERNALSHUFFMAN.OBJ
D:\SUNQUEEN\MYTEST\VLCWIN\VLC-2.1.0.OLD\VLC-2.1.0.OLDLIB.2010.UP\LIB_PLUGIN\DEBUG\MP3INTERNALSHUFFMANTABLE.OBJ
D:\SUNQUEEN\MYTEST\VLCWIN\VLC-2.1.0.OLD\VLC-2.1.0.OLDLIB.2010.UP\LIB_PLUGIN\DEBUG\MP3STREAMSTATE.OBJ
D:\SUNQUEEN\MYTEST\VLCWIN\VLC-2.1.0.OLD\VLC-2.1.0.OLDLIB.2010.UP\LIB_PLUGIN\DEBUG\MP3TRANSCODER.OBJ
D:\SUNQUEEN\MYTEST\VLCWIN\VLC-2.1.0.OLD\VLC-2.1.0.OLDLIB.2010.UP\LIB_PLUGIN\DEBUG\MP4.OBJ
D:\SUNQUEEN\MYTEST\VLCWIN\VLC-2.1.0.OLD\VLC-2.1.0.OLDLIB.2010.UP\LIB_PLUGIN\DEBUG\MP41.OBJ
D:\SUNQUEEN\MYTEST\VLCWIN\VLC-2.1.0.OLD\VLC-2.1.0.OLDLIB.2010.UP\LIB_PLUGIN\DEBUG\MPC.OBJ
D:\SUNQUEEN\MYTEST\VLCWIN\VLC-2.1.0.OLD\VLC-2.1.0.OLDLIB.2010.UP\LIB_PLUGIN\DEBUG\MPD.OBJ
D:\SUNQUEEN\MYTEST\VLCWIN\VLC-2.1.0.OLD\VLC-2.1.0.OLDLIB.2010.UP\LIB_PLUGIN\DEBUG\MPDFACTORY.OBJ
D:\SUNQUEEN\MYTEST\VLCWIN\VLC-2.1.0.OLD\VLC-2.1.0.OLDLIB.2010.UP\LIB_PLUGIN\DEBUG\MPDMANAGERFACTORY.OBJ
D:\SUNQUEEN\MYTEST\VLCWIN\VLC-2.1.0.OLD\VLC-2.1.0.OLDLIB.2010.UP\LIB_PLUGIN\DEBUG\MPEG_AUDIO.OBJ
D:\SUNQUEEN\MYTEST\VLCWIN\VLC-2.1.0.OLD\VLC-2.1.0.OLDLIB.2010.UP\LIB_PLUGIN\DEBUG\MPEG1OR2AUDIORTPSINK.OBJ
D:\SUNQUEEN\MYTEST\VLCWIN\VLC-2.1.0.OLD\VLC-2.1.0.OLDLIB.2010.UP\LIB_PLUGIN\DEBUG\MPEG1OR2AUDIORTPSOURCE.OBJ
D:\SUNQUEEN\MYTEST\VLCWIN\VLC-2.1.0.OLD\VLC-2.1.0.OLDLIB.2010.UP\LIB_PLUGIN\DEBUG\MPEG1OR2AUDIOSTREAMFRAMER.OBJ
D:\SUNQUEEN\MYTEST\VLCWIN\VLC-2.1.0.OLD\VLC-2.1.0.OLDLIB.2010.UP\LIB_PLUGIN\DEBUG\MPEG1OR2DEMUX.OBJ
D:\SUNQUEEN\MYTEST\VLCWIN\VLC-2.1.0.OLD\VLC-2.1.0.OLDLIB.2010.UP\LIB_PLUGIN\DEBUG\MPEG1OR2DEMUXEDELEMENTARYSTREAM.OBJ
D:\SUNQUEEN\MYTEST\VLCWIN\VLC-2.1.0.OLD\VLC-2.1.0.OLDLIB.2010.UP\LIB_PLUGIN\DEBUG\MPEG1OR2DEMUXEDSERVERMEDIASUBSESSION.OBJ
D:\SUNQUEEN\MYTEST\VLCWIN\VLC-2.1.0.OLD\VLC-2.1.0.OLDLIB.2010.UP\LIB_PLUGIN\DEBUG\MPEG1OR2FILESERVERDEMUX.OBJ
D:\SUNQUEEN\MYTEST\VLCWIN\VLC-2.1.0.OLD\VLC-2.1.0.OLDLIB.2010.UP\LIB_PLUGIN\DEBUG\MPEG1OR2VIDEOFILESERVERMEDIASUBSESSION.OBJ
D:\SUNQUEEN\MYTEST\VLCWIN\VLC-2.1.0.OLD\VLC-2.1.0.OLDLIB.2010.UP\LIB_PLUGIN\DEBUG\MPEG1OR2VIDEORTPSINK.OBJ
D:\SUNQUEEN\MYTEST\VLCWIN\VLC-2.1.0.OLD\VLC-2.1.0.OLDLIB.2010.UP\LIB_PLUGIN\DEBUG\MPEG1OR2VIDEORTPSOURCE.OBJ
D:\SUNQUEEN\MYTEST\VLCWIN\VLC-2.1.0.OLD\VLC-2.1.0.OLDLIB.2010.UP\LIB_PLUGIN\DEBUG\MPEG1OR2VIDEOSTREAMDISCRETEFRAMER.OBJ
D:\SUNQUEEN\MYTEST\VLCWIN\VLC-2.1.0.OLD\VLC-2.1.0.OLDLIB.2010.UP\LIB_PLUGIN\DEBUG\MPEG1OR2VIDEOSTREAMFRAMER.OBJ
D:\SUNQUEEN\MYTEST\VLCWIN\VLC-2.1.0.OLD\VLC-2.1.0.OLDLIB.2010.UP\LIB_PLUGIN\DEBUG\MPEG2INDEXFROMTRANSPORTSTREAM.OBJ
D:\SUNQUEEN\MYTEST\VLCWIN\VLC-2.1.0.OLD\VLC-2.1.0.OLDLIB.2010.UP\LIB_PLUGIN\DEBUG\MPEG2TRANSPORTFILESERVERMEDIASUBSESSION.OBJ
D:\SUNQUEEN\MYTEST\VLCWIN\VLC-2.1.0.OLD\VLC-2.1.0.OLDLIB.2010.UP\LIB_PLUGIN\DEBUG\MPEG2TRANSPORTSTREAMFRAMER.OBJ
D:\SUNQUEEN\MYTEST\VLCWIN\VLC-2.1.0.OLD\VLC-2.1.0.OLDLIB.2010.UP\LIB_PLUGIN\DEBUG\MPEG2TRANSPORTSTREAMFROMESSOURCE.OBJ
D:\SUNQUEEN\MYTEST\VLCWIN\VLC-2.1.0.OLD\VLC-2.1.0.OLDLIB.2010.UP\LIB_PLUGIN\DEBUG\MPEG2TRANSPORTSTREAMFROMPESSOURCE.OBJ
D:\SUNQUEEN\MYTEST\VLCWIN\VLC-2.1.0.OLD\VLC-2.1.0.OLDLIB.2010.UP\LIB_PLUGIN\DEBUG\MPEG2TRANSPORTSTREAMINDEXFILE.OBJ
D:\SUNQUEEN\MYTEST\VLCWIN\VLC-2.1.0.OLD\VLC-2.1.0.OLDLIB.2010.UP\LIB_PLUGIN\DEBUG\MPEG2TRANSPORTSTREAMMULTIPLEXOR.OBJ
D:\SUNQUEEN\MYTEST\VLCWIN\VLC-2.1.0.OLD\VLC-2.1.0.OLDLIB.2010.UP\LIB_PLUGIN\DEBUG\MPEG2TRANSPORTSTREAMTRICKMODEFILTER.OBJ
D:\SUNQUEEN\MYTEST\VLCWIN\VLC-2.1.0.OLD\VLC-2.1.0.OLDLIB.2010.UP\LIB_PLUGIN\DEBUG\MPEG4AUDIO.OBJ
D:\SUNQUEEN\MYTEST\VLCWIN\VLC-2.1.0.OLD\VLC-2.1.0.OLDLIB.2010.UP\LIB_PLUGIN\DEBUG\MPEG4ESVIDEORTPSINK.OBJ
D:\SUNQUEEN\MYTEST\VLCWIN\VLC-2.1.0.OLD\VLC-2.1.0.OLDLIB.2010.UP\LIB_PLUGIN\DEBUG\MPEG4ESVIDEORTPSOURCE.OBJ
D:\SUNQUEEN\MYTEST\VLCWIN\VLC-2.1.0.OLD\VLC-2.1.0.OLDLIB.2010.UP\LIB_PLUGIN\DEBUG\MPEG4GENERICRTPSINK.OBJ
D:\SUNQUEEN\MYTEST\VLCWIN\VLC-2.1.0.OLD\VLC-2.1.0.OLDLIB.2010.UP\LIB_PLUGIN\DEBUG\MPEG4GENERICRTPSOURCE.OBJ
D:\SUNQUEEN\MYTEST\VLCWIN\VLC-2.1.0.OLD\VLC-2.1.0.OLDLIB.2010.UP\LIB_PLUGIN\DEBUG\MPEG4LATMAUDIORTPSINK.OBJ
D:\SUNQUEEN\MYTEST\VLCWIN\VLC-2.1.0.OLD\VLC-2.1.0.OLDLIB.2010.UP\LIB_PLUGIN\DEBUG\MPEG4LATMAUDIORTPSOURCE.OBJ
D:\SUNQUEEN\MYTEST\VLCWIN\VLC-2.1.0.OLD\VLC-2.1.0.OLDLIB.2010.UP\LIB_PLUGIN\DEBUG\MPEG4VIDEO.OBJ
D:\SUNQUEEN\MYTEST\VLCWIN\VLC-2.1.0.OLD\VLC-2.1.0.OLDLIB.2010.UP\LIB_PLUGIN\DEBUG\MPEG4VIDEOFILESERVERMEDIASUBSESSION.OBJ
D:\SUNQUEEN\MYTEST\VLCWIN\VLC-2.1.0.OLD\VLC-2.1.0.OLDLIB.2010.UP\LIB_PLUGIN\DEBUG\MPEG4VIDEOSTREAMDISCRETEFRAMER.OBJ
D:\SUNQUEEN\MYTEST\VLCWIN\VLC-2.1.0.OLD\VLC-2.1.0.OLDLIB.2010.UP\LIB_PLUGIN\DEBUG\MPEG4VIDEOSTREAMFRAMER.OBJ
D:\SUNQUEEN\MYTEST\VLCWIN\VLC-2.1.0.OLD\VLC-2.1.0.OLDLIB.2010.UP\LIB_PLUGIN\DEBUG\MPEGVIDEO.OBJ
D:\SUNQUEEN\MYTEST\VLCWIN\VLC-2.1.0.OLD\VLC-2.1.0.OLDLIB.2010.UP\LIB_PLUGIN\DEBUG\MPEGVIDEOSTREAMFRAMER.OBJ
D:\SUNQUEEN\MYTEST\VLCWIN\VLC-2.1.0.OLD\VLC-2.1.0.OLDLIB.2010.UP\LIB_PLUGIN\DEBUG\MPEGVIDEOSTREAMPARSER.OBJ
D:\SUNQUEEN\MYTEST\VLCWIN\VLC-2.1.0.OLD\VLC-2.1.0.OLDLIB.2010.UP\LIB_PLUGIN\DEBUG\MPGATOFIXED32.OBJ
D:\SUNQUEEN\MYTEST\VLCWIN\VLC-2.1.0.OLD\VLC-2.1.0.OLDLIB.2010.UP\LIB_PLUGIN\DEBUG\MPGV.OBJ
D:\SUNQUEEN\MYTEST\VLCWIN\VLC-2.1.0.OLD\VLC-2.1.0.OLDLIB.2010.UP\LIB_PLUGIN\DEBUG\MPJPEG.OBJ
D:\SUNQUEEN\MYTEST\VLCWIN\VLC-2.1.0.OLD\VLC-2.1.0.OLDLIB.2010.UP\LIB_PLUGIN\DEBUG\MPLS.OBJ
D:\sunqueen\mytest\vlcwin\vlc-2.1.0.old\vlc-2.1.0.oldlib.2010.up\lib_plugin\Debug\mt.command.1.tlog
D:\sunqueen\mytest\vlcwin\vlc-2.1.0.old\vlc-2.1.0.oldlib.2010.up\lib_plugin\Debug\mt.read.1.tlog
D:\sunqueen\mytest\vlcwin\vlc-2.1.0.old\vlc-2.1.0.oldlib.2010.up\lib_plugin\Debug\mt.write.1.tlog
D:\SUNQUEEN\MYTEST\VLCWIN\VLC-2.1.0.OLD\VLC-2.1.0.OLDLIB.2010.UP\LIB_PLUGIN\DEBUG\MULTIFRAMEDRTPSINK.OBJ
D:\SUNQUEEN\MYTEST\VLCWIN\VLC-2.1.0.OLD\VLC-2.1.0.OLDLIB.2010.UP\LIB_PLUGIN\DEBUG\MULTIFRAMEDRTPSOURCE.OBJ
D:\SUNQUEEN\MYTEST\VLCWIN\VLC-2.1.0.OLD\VLC-2.1.0.OLDLIB.2010.UP\LIB_PLUGIN\DEBUG\MUX.OBJ
D:\SUNQUEEN\MYTEST\VLCWIN\VLC-2.1.0.OLD\VLC-2.1.0.OLDLIB.2010.UP\LIB_PLUGIN\DEBUG\NET.OBJ
D:\SUNQUEEN\MYTEST\VLCWIN\VLC-2.1.0.OLD\VLC-2.1.0.OLDLIB.2010.UP\LIB_PLUGIN\DEBUG\NETADDRESS.OBJ
D:\SUNQUEEN\MYTEST\VLCWIN\VLC-2.1.0.OLD\VLC-2.1.0.OLDLIB.2010.UP\LIB_PLUGIN\DEBUG\NETINTERFACE.OBJ
D:\SUNQUEEN\MYTEST\VLCWIN\VLC-2.1.0.OLD\VLC-2.1.0.OLDLIB.2010.UP\LIB_PLUGIN\DEBUG\NODE.OBJ
D:\SUNQUEEN\MYTEST\VLCWIN\VLC-2.1.0.OLD\VLC-2.1.0.OLDLIB.2010.UP\LIB_PLUGIN\DEBUG\NORMVOL.OBJ
D:\SUNQUEEN\MYTEST\VLCWIN\VLC-2.1.0.OLD\VLC-2.1.0.OLDLIB.2010.UP\LIB_PLUGIN\DEBUG\NSC.OBJ
D:\SUNQUEEN\MYTEST\VLCWIN\VLC-2.1.0.OLD\VLC-2.1.0.OLDLIB.2010.UP\LIB_PLUGIN\DEBUG\NSV.OBJ
D:\SUNQUEEN\MYTEST\VLCWIN\VLC-2.1.0.OLD\VLC-2.1.0.OLDLIB.2010.UP\LIB_PLUGIN\DEBUG\NTSERVICE.OBJ
D:\SUNQUEEN\MYTEST\VLCWIN\VLC-2.1.0.OLD\VLC-2.1.0.OLDLIB.2010.UP\LIB_PLUGIN\DEBUG\NUV.OBJ
D:\SUNQUEEN\MYTEST\VLCWIN\VLC-2.1.0.OLD\VLC-2.1.0.OLDLIB.2010.UP\LIB_PLUGIN\DEBUG\OBJECTS.OBJ
D:\SUNQUEEN\MYTEST\VLCWIN\VLC-2.1.0.OLD\VLC-2.1.0.OLDLIB.2010.UP\LIB_PLUGIN\DEBUG\OGG.OBJ
D:\SUNQUEEN\MYTEST\VLCWIN\VLC-2.1.0.OLD\VLC-2.1.0.OLDLIB.2010.UP\LIB_PLUGIN\DEBUG\OGG1.OBJ
D:\SUNQUEEN\MYTEST\VLCWIN\VLC-2.1.0.OLD\VLC-2.1.0.OLDLIB.2010.UP\LIB_PLUGIN\DEBUG\OGGSEEK.OBJ
D:\SUNQUEEN\MYTEST\VLCWIN\VLC-2.1.0.OLD\VLC-2.1.0.OLDLIB.2010.UP\LIB_PLUGIN\DEBUG\ONDEMANDSERVERMEDIASUBSESSION.OBJ
D:\SUNQUEEN\MYTEST\VLCWIN\VLC-2.1.0.OLD\VLC-2.1.0.OLDLIB.2010.UP\LIB_PLUGIN\DEBUG\OPEN.MOC.OBJ
D:\SUNQUEEN\MYTEST\VLCWIN\VLC-2.1.0.OLD\VLC-2.1.0.OLDLIB.2010.UP\LIB_PLUGIN\DEBUG\OPEN.OBJ
D:\SUNQUEEN\MYTEST\VLCWIN\VLC-2.1.0.OLD\VLC-2.1.0.OLDLIB.2010.UP\LIB_PLUGIN\DEBUG\OPEN_PANELS.MOC.OBJ
D:\SUNQUEEN\MYTEST\VLCWIN\VLC-2.1.0.OLD\VLC-2.1.0.OLDLIB.2010.UP\LIB_PLUGIN\DEBUG\OPEN_PANELS.OBJ
D:\SUNQUEEN\MYTEST\VLCWIN\VLC-2.1.0.OLD\VLC-2.1.0.OLDLIB.2010.UP\LIB_PLUGIN\DEBUG\OPENGL.OBJ
D:\SUNQUEEN\MYTEST\VLCWIN\VLC-2.1.0.OLD\VLC-2.1.0.OLDLIB.2010.UP\LIB_PLUGIN\DEBUG\OPENURL.MOC.OBJ
D:\SUNQUEEN\MYTEST\VLCWIN\VLC-2.1.0.OLD\VLC-2.1.0.OLDLIB.2010.UP\LIB_PLUGIN\DEBUG\OPENURL.OBJ
D:\SUNQUEEN\MYTEST\VLCWIN\VLC-2.1.0.OLD\VLC-2.1.0.OLDLIB.2010.UP\LIB_PLUGIN\DEBUG\OS_FACTORY.OBJ
D:\SUNQUEEN\MYTEST\VLCWIN\VLC-2.1.0.OLD\VLC-2.1.0.OLDLIB.2010.UP\LIB_PLUGIN\DEBUG\OSD.OBJ
D:\SUNQUEEN\MYTEST\VLCWIN\VLC-2.1.0.OLD\VLC-2.1.0.OLDLIB.2010.UP\LIB_PLUGIN\DEBUG\OSD1.OBJ
D:\SUNQUEEN\MYTEST\VLCWIN\VLC-2.1.0.OLD\VLC-2.1.0.OLDLIB.2010.UP\LIB_PLUGIN\DEBUG\OUR_MD5.OBJ
D:\SUNQUEEN\MYTEST\VLCWIN\VLC-2.1.0.OLD\VLC-2.1.0.OLDLIB.2010.UP\LIB_PLUGIN\DEBUG\OUR_MD5HL.OBJ
D:\SUNQUEEN\MYTEST\VLCWIN\VLC-2.1.0.OLD\VLC-2.1.0.OLDLIB.2010.UP\LIB_PLUGIN\DEBUG\OUTPUTFILE.OBJ
D:\SUNQUEEN\MYTEST\VLCWIN\VLC-2.1.0.OLD\VLC-2.1.0.OLDLIB.2010.UP\LIB_PLUGIN\DEBUG\PANORAMIX.OBJ
D:\SUNQUEEN\MYTEST\VLCWIN\VLC-2.1.0.OLD\VLC-2.1.0.OLDLIB.2010.UP\LIB_PLUGIN\DEBUG\PARAM_EQ.OBJ
D:\SUNQUEEN\MYTEST\VLCWIN\VLC-2.1.0.OLD\VLC-2.1.0.OLDLIB.2010.UP\LIB_PLUGIN\DEBUG\PARSE.OBJ
D:\SUNQUEEN\MYTEST\VLCWIN\VLC-2.1.0.OLD\VLC-2.1.0.OLDLIB.2010.UP\LIB_PLUGIN\DEBUG\PASSIVESERVERMEDIASUBSESSION.OBJ
D:\SUNQUEEN\MYTEST\VLCWIN\VLC-2.1.0.OLD\VLC-2.1.0.OLDLIB.2010.UP\LIB_PLUGIN\DEBUG\PERIOD.OBJ
D:\SUNQUEEN\MYTEST\VLCWIN\VLC-2.1.0.OLD\VLC-2.1.0.OLDLIB.2010.UP\LIB_PLUGIN\DEBUG\PERSISTENTCONNECTION.OBJ
D:\SUNQUEEN\MYTEST\VLCWIN\VLC-2.1.0.OLD\VLC-2.1.0.OLDLIB.2010.UP\LIB_PLUGIN\DEBUG\PES.OBJ
D:\SUNQUEEN\MYTEST\VLCWIN\VLC-2.1.0.OLD\VLC-2.1.0.OLDLIB.2010.UP\LIB_PLUGIN\DEBUG\PICTUREFLOW.MOC.OBJ
D:\SUNQUEEN\MYTEST\VLCWIN\VLC-2.1.0.OLD\VLC-2.1.0.OLDLIB.2010.UP\LIB_PLUGIN\DEBUG\PICTUREFLOW.OBJ
D:\SUNQUEEN\MYTEST\VLCWIN\VLC-2.1.0.OLD\VLC-2.1.0.OLDLIB.2010.UP\LIB_PLUGIN\DEBUG\PLAYLIST.MOC.OBJ
D:\SUNQUEEN\MYTEST\VLCWIN\VLC-2.1.0.OLD\VLC-2.1.0.OLDLIB.2010.UP\LIB_PLUGIN\DEBUG\PLAYLIST.MOC1.OBJ
D:\SUNQUEEN\MYTEST\VLCWIN\VLC-2.1.0.OLD\VLC-2.1.0.OLDLIB.2010.UP\LIB_PLUGIN\DEBUG\PLAYLIST.OBJ
D:\SUNQUEEN\MYTEST\VLCWIN\VLC-2.1.0.OLD\VLC-2.1.0.OLDLIB.2010.UP\LIB_PLUGIN\DEBUG\PLAYLIST_ITEM.OBJ
D:\SUNQUEEN\MYTEST\VLCWIN\VLC-2.1.0.OLD\VLC-2.1.0.OLDLIB.2010.UP\LIB_PLUGIN\DEBUG\PLAYLIST_MODEL.MOC.OBJ
D:\SUNQUEEN\MYTEST\VLCWIN\VLC-2.1.0.OLD\VLC-2.1.0.OLDLIB.2010.UP\LIB_PLUGIN\DEBUG\PLAYLIST_MODEL.OBJ
D:\SUNQUEEN\MYTEST\VLCWIN\VLC-2.1.0.OLD\VLC-2.1.0.OLDLIB.2010.UP\LIB_PLUGIN\DEBUG\PLAYLIST1.OBJ
D:\SUNQUEEN\MYTEST\VLCWIN\VLC-2.1.0.OLD\VLC-2.1.0.OLDLIB.2010.UP\LIB_PLUGIN\DEBUG\PLAYLIST2.OBJ
D:\SUNQUEEN\MYTEST\VLCWIN\VLC-2.1.0.OLD\VLC-2.1.0.OLDLIB.2010.UP\LIB_PLUGIN\DEBUG\PLAYLIST3.OBJ
D:\SUNQUEEN\MYTEST\VLCWIN\VLC-2.1.0.OLD\VLC-2.1.0.OLDLIB.2010.UP\LIB_PLUGIN\DEBUG\PLAYTREE.OBJ
D:\SUNQUEEN\MYTEST\VLCWIN\VLC-2.1.0.OLD\VLC-2.1.0.OLDLIB.2010.UP\LIB_PLUGIN\DEBUG\PLS.OBJ
D:\SUNQUEEN\MYTEST\VLCWIN\VLC-2.1.0.OLD\VLC-2.1.0.OLDLIB.2010.UP\LIB_PLUGIN\DEBUG\PLUGINS.MOC.OBJ
D:\SUNQUEEN\MYTEST\VLCWIN\VLC-2.1.0.OLD\VLC-2.1.0.OLDLIB.2010.UP\LIB_PLUGIN\DEBUG\PLUGINS.OBJ
D:\SUNQUEEN\MYTEST\VLCWIN\VLC-2.1.0.OLD\VLC-2.1.0.OLDLIB.2010.UP\LIB_PLUGIN\DEBUG\PNG.OBJ
D:\SUNQUEEN\MYTEST\VLCWIN\VLC-2.1.0.OLD\VLC-2.1.0.OLDLIB.2010.UP\LIB_PLUGIN\DEBUG\PODCAST.OBJ
D:\SUNQUEEN\MYTEST\VLCWIN\VLC-2.1.0.OLD\VLC-2.1.0.OLDLIB.2010.UP\LIB_PLUGIN\DEBUG\PODCAST_CONFIGURATION.MOC.OBJ
D:\SUNQUEEN\MYTEST\VLCWIN\VLC-2.1.0.OLD\VLC-2.1.0.OLDLIB.2010.UP\LIB_PLUGIN\DEBUG\PODCAST_CONFIGURATION.OBJ
D:\SUNQUEEN\MYTEST\VLCWIN\VLC-2.1.0.OLD\VLC-2.1.0.OLDLIB.2010.UP\LIB_PLUGIN\DEBUG\PODCAST1.OBJ
D:\SUNQUEEN\MYTEST\VLCWIN\VLC-2.1.0.OLD\VLC-2.1.0.OLDLIB.2010.UP\LIB_PLUGIN\DEBUG\POPUP.OBJ
D:\SUNQUEEN\MYTEST\VLCWIN\VLC-2.1.0.OLD\VLC-2.1.0.OLDLIB.2010.UP\LIB_PLUGIN\DEBUG\POSITION.OBJ
D:\SUNQUEEN\MYTEST\VLCWIN\VLC-2.1.0.OLD\VLC-2.1.0.OLDLIB.2010.UP\LIB_PLUGIN\DEBUG\POSTERIZE.OBJ
D:\SUNQUEEN\MYTEST\VLCWIN\VLC-2.1.0.OLD\VLC-2.1.0.OLDLIB.2010.UP\LIB_PLUGIN\DEBUG\POSTPROC.OBJ
D:\SUNQUEEN\MYTEST\VLCWIN\VLC-2.1.0.OLD\VLC-2.1.0.OLDLIB.2010.UP\LIB_PLUGIN\DEBUG\PREFERENCES.MOC.OBJ
D:\SUNQUEEN\MYTEST\VLCWIN\VLC-2.1.0.OLD\VLC-2.1.0.OLDLIB.2010.UP\LIB_PLUGIN\DEBUG\PREFERENCES.OBJ
D:\SUNQUEEN\MYTEST\VLCWIN\VLC-2.1.0.OLD\VLC-2.1.0.OLDLIB.2010.UP\LIB_PLUGIN\DEBUG\PREFERENCES_WIDGETS.MOC.OBJ
D:\SUNQUEEN\MYTEST\VLCWIN\VLC-2.1.0.OLD\VLC-2.1.0.OLDLIB.2010.UP\LIB_PLUGIN\DEBUG\PREFERENCES_WIDGETS.OBJ
D:\SUNQUEEN\MYTEST\VLCWIN\VLC-2.1.0.OLD\VLC-2.1.0.OLDLIB.2010.UP\LIB_PLUGIN\DEBUG\PROFILE_SELECTOR.MOC.OBJ
D:\SUNQUEEN\MYTEST\VLCWIN\VLC-2.1.0.OLD\VLC-2.1.0.OLDLIB.2010.UP\LIB_PLUGIN\DEBUG\PROFILE_SELECTOR.OBJ
D:\SUNQUEEN\MYTEST\VLCWIN\VLC-2.1.0.OLD\VLC-2.1.0.OLDLIB.2010.UP\LIB_PLUGIN\DEBUG\PROGRAMINFORMATION.OBJ
D:\SUNQUEEN\MYTEST\VLCWIN\VLC-2.1.0.OLD\VLC-2.1.0.OLDLIB.2010.UP\LIB_PLUGIN\DEBUG\PS.OBJ
D:\SUNQUEEN\MYTEST\VLCWIN\VLC-2.1.0.OLD\VLC-2.1.0.OLDLIB.2010.UP\LIB_PLUGIN\DEBUG\PS1.OBJ
D:\SUNQUEEN\MYTEST\VLCWIN\VLC-2.1.0.OLD\VLC-2.1.0.OLDLIB.2010.UP\LIB_PLUGIN\DEBUG\PSYCHEDELIC.OBJ
D:\SUNQUEEN\MYTEST\VLCWIN\VLC-2.1.0.OLD\VLC-2.1.0.OLDLIB.2010.UP\LIB_PLUGIN\DEBUG\PUZZLE.OBJ
D:\SUNQUEEN\MYTEST\VLCWIN\VLC-2.1.0.OLD\VLC-2.1.0.OLDLIB.2010.UP\LIB_PLUGIN\DEBUG\PUZZLE_BEZIER.OBJ
D:\SUNQUEEN\MYTEST\VLCWIN\VLC-2.1.0.OLD\VLC-2.1.0.OLDLIB.2010.UP\LIB_PLUGIN\DEBUG\PUZZLE_LIB.OBJ
D:\SUNQUEEN\MYTEST\VLCWIN\VLC-2.1.0.OLD\VLC-2.1.0.OLDLIB.2010.UP\LIB_PLUGIN\DEBUG\PUZZLE_MGT.OBJ
D:\SUNQUEEN\MYTEST\VLCWIN\VLC-2.1.0.OLD\VLC-2.1.0.OLDLIB.2010.UP\LIB_PLUGIN\DEBUG\PUZZLE_PCE.OBJ
D:\SUNQUEEN\MYTEST\VLCWIN\VLC-2.1.0.OLD\VLC-2.1.0.OLDLIB.2010.UP\LIB_PLUGIN\DEBUG\PVA.OBJ
D:\SUNQUEEN\MYTEST\VLCWIN\VLC-2.1.0.OLD\VLC-2.1.0.OLDLIB.2010.UP\LIB_PLUGIN\DEBUG\QCELPAUDIORTPSOURCE.OBJ
D:\SUNQUEEN\MYTEST\VLCWIN\VLC-2.1.0.OLD\VLC-2.1.0.OLDLIB.2010.UP\LIB_PLUGIN\DEBUG\QMENUVIEW.MOC.OBJ
D:\SUNQUEEN\MYTEST\VLCWIN\VLC-2.1.0.OLD\VLC-2.1.0.OLDLIB.2010.UP\LIB_PLUGIN\DEBUG\QMENUVIEW.OBJ
D:\SUNQUEEN\MYTEST\VLCWIN\VLC-2.1.0.OLD\VLC-2.1.0.OLDLIB.2010.UP\LIB_PLUGIN\DEBUG\QT_DIRS.OBJ
D:\SUNQUEEN\MYTEST\VLCWIN\VLC-2.1.0.OLD\VLC-2.1.0.OLDLIB.2010.UP\LIB_PLUGIN\DEBUG\QT4.OBJ
D:\SUNQUEEN\MYTEST\VLCWIN\VLC-2.1.0.OLD\VLC-2.1.0.OLDLIB.2010.UP\LIB_PLUGIN\DEBUG\QTL.OBJ
D:\SUNQUEEN\MYTEST\VLCWIN\VLC-2.1.0.OLD\VLC-2.1.0.OLDLIB.2010.UP\LIB_PLUGIN\DEBUG\QUICKTIME.OBJ
D:\SUNQUEEN\MYTEST\VLCWIN\VLC-2.1.0.OLD\VLC-2.1.0.OLDLIB.2010.UP\LIB_PLUGIN\DEBUG\QUICKTIMEFILESINK.OBJ
D:\SUNQUEEN\MYTEST\VLCWIN\VLC-2.1.0.OLD\VLC-2.1.0.OLDLIB.2010.UP\LIB_PLUGIN\DEBUG\QUICKTIMEGENERICRTPSOURCE.OBJ
D:\SUNQUEEN\MYTEST\VLCWIN\VLC-2.1.0.OLD\VLC-2.1.0.OLDLIB.2010.UP\LIB_PLUGIN\DEBUG\QVLCAPP.MOC.OBJ
D:\SUNQUEEN\MYTEST\VLCWIN\VLC-2.1.0.OLD\VLC-2.1.0.OLDLIB.2010.UP\LIB_PLUGIN\DEBUG\RAM.OBJ
D:\SUNQUEEN\MYTEST\VLCWIN\VLC-2.1.0.OLD\VLC-2.1.0.OLDLIB.2010.UP\LIB_PLUGIN\DEBUG\RAOP.OBJ
D:\SUNQUEEN\MYTEST\VLCWIN\VLC-2.1.0.OLD\VLC-2.1.0.OLDLIB.2010.UP\LIB_PLUGIN\DEBUG\RAR1.OBJ
D:\SUNQUEEN\MYTEST\VLCWIN\VLC-2.1.0.OLD\VLC-2.1.0.OLDLIB.2010.UP\LIB_PLUGIN\DEBUG\RATEBASEDADAPTATIONLOGIC.OBJ
D:\SUNQUEEN\MYTEST\VLCWIN\VLC-2.1.0.OLD\VLC-2.1.0.OLDLIB.2010.UP\LIB_PLUGIN\DEBUG\RAWAUD.OBJ
D:\SUNQUEEN\MYTEST\VLCWIN\VLC-2.1.0.OLD\VLC-2.1.0.OLDLIB.2010.UP\LIB_PLUGIN\DEBUG\RAWDV.OBJ
D:\SUNQUEEN\MYTEST\VLCWIN\VLC-2.1.0.OLD\VLC-2.1.0.OLDLIB.2010.UP\LIB_PLUGIN\DEBUG\RAWVID.OBJ
D:\SUNQUEEN\MYTEST\VLCWIN\VLC-2.1.0.OLD\VLC-2.1.0.OLDLIB.2010.UP\LIB_PLUGIN\DEBUG\RAWVIDEO.OBJ
D:\sunqueen\mytest\vlcwin\vlc-2.1.0.old\vlc-2.1.0.oldlib.2010.up\lib_plugin\Debug\rc.command.1.tlog
D:\SUNQUEEN\MYTEST\VLCWIN\VLC-2.1.0.OLD\VLC-2.1.0.OLDLIB.2010.UP\LIB_PLUGIN\DEBUG\RC.OBJ
D:\sunqueen\mytest\vlcwin\vlc-2.1.0.old\vlc-2.1.0.oldlib.2010.up\lib_plugin\Debug\rc.read.1.tlog
D:\sunqueen\mytest\vlcwin\vlc-2.1.0.old\vlc-2.1.0.oldlib.2010.up\lib_plugin\Debug\rc.write.1.tlog
D:\SUNQUEEN\MYTEST\VLCWIN\VLC-2.1.0.OLD\VLC-2.1.0.OLDLIB.2010.UP\LIB_PLUGIN\DEBUG\REAL.OBJ
D:\SUNQUEEN\MYTEST\VLCWIN\VLC-2.1.0.OLD\VLC-2.1.0.OLDLIB.2010.UP\LIB_PLUGIN\DEBUG\REAL_ASMRP.OBJ
D:\SUNQUEEN\MYTEST\VLCWIN\VLC-2.1.0.OLD\VLC-2.1.0.OLDLIB.2010.UP\LIB_PLUGIN\DEBUG\REAL_RMFF.OBJ
D:\SUNQUEEN\MYTEST\VLCWIN\VLC-2.1.0.OLD\VLC-2.1.0.OLDLIB.2010.UP\LIB_PLUGIN\DEBUG\REAL_SDPPLIN.OBJ
D:\SUNQUEEN\MYTEST\VLCWIN\VLC-2.1.0.OLD\VLC-2.1.0.OLDLIB.2010.UP\LIB_PLUGIN\DEBUG\REAL1.OBJ
D:\SUNQUEEN\MYTEST\VLCWIN\VLC-2.1.0.OLD\VLC-2.1.0.OLDLIB.2010.UP\LIB_PLUGIN\DEBUG\RECENTS.MOC.OBJ
D:\SUNQUEEN\MYTEST\VLCWIN\VLC-2.1.0.OLD\VLC-2.1.0.OLDLIB.2010.UP\LIB_PLUGIN\DEBUG\RECENTS.OBJ
D:\SUNQUEEN\MYTEST\VLCWIN\VLC-2.1.0.OLD\VLC-2.1.0.OLDLIB.2010.UP\LIB_PLUGIN\DEBUG\RECORD.OBJ
D:\SUNQUEEN\MYTEST\VLCWIN\VLC-2.1.0.OLD\VLC-2.1.0.OLDLIB.2010.UP\LIB_PLUGIN\DEBUG\RECORD1.OBJ
D:\SUNQUEEN\MYTEST\VLCWIN\VLC-2.1.0.OLD\VLC-2.1.0.OLDLIB.2010.UP\LIB_PLUGIN\DEBUG\REGISTRY.OBJ
D:\SUNQUEEN\MYTEST\VLCWIN\VLC-2.1.0.OLD\VLC-2.1.0.OLDLIB.2010.UP\LIB_PLUGIN\DEBUG\REMOTEOSD.OBJ
D:\SUNQUEEN\MYTEST\VLCWIN\VLC-2.1.0.OLD\VLC-2.1.0.OLDLIB.2010.UP\LIB_PLUGIN\DEBUG\REPRESENTATION.OBJ
D:\SUNQUEEN\MYTEST\VLCWIN\VLC-2.1.0.OLD\VLC-2.1.0.OLDLIB.2010.UP\LIB_PLUGIN\DEBUG\RESOURCES.OBJ
D:\SUNQUEEN\MYTEST\VLCWIN\VLC-2.1.0.OLD\VLC-2.1.0.OLDLIB.2010.UP\LIB_PLUGIN\DEBUG\REVMODEL.OBJ
D:\SUNQUEEN\MYTEST\VLCWIN\VLC-2.1.0.OLD\VLC-2.1.0.OLDLIB.2010.UP\LIB_PLUGIN\DEBUG\RIPPLE.OBJ
D:\SUNQUEEN\MYTEST\VLCWIN\VLC-2.1.0.OLD\VLC-2.1.0.OLDLIB.2010.UP\LIB_PLUGIN\DEBUG\ROTATE.OBJ
D:\SUNQUEEN\MYTEST\VLCWIN\VLC-2.1.0.OLD\VLC-2.1.0.OLDLIB.2010.UP\LIB_PLUGIN\DEBUG\ROUNDBUTTON.MOC.OBJ
D:\SUNQUEEN\MYTEST\VLCWIN\VLC-2.1.0.OLD\VLC-2.1.0.OLDLIB.2010.UP\LIB_PLUGIN\DEBUG\ROUNDBUTTON.OBJ
D:\SUNQUEEN\MYTEST\VLCWIN\VLC-2.1.0.OLD\VLC-2.1.0.OLDLIB.2010.UP\LIB_PLUGIN\DEBUG\RSS.OBJ
D:\SUNQUEEN\MYTEST\VLCWIN\VLC-2.1.0.OLD\VLC-2.1.0.OLDLIB.2010.UP\LIB_PLUGIN\DEBUG\RTCP.OBJ
D:\SUNQUEEN\MYTEST\VLCWIN\VLC-2.1.0.OLD\VLC-2.1.0.OLDLIB.2010.UP\LIB_PLUGIN\DEBUG\RTCP_FROM_SPEC.OBJ
D:\SUNQUEEN\MYTEST\VLCWIN\VLC-2.1.0.OLD\VLC-2.1.0.OLDLIB.2010.UP\LIB_PLUGIN\DEBUG\RTCP1.OBJ
D:\SUNQUEEN\MYTEST\VLCWIN\VLC-2.1.0.OLD\VLC-2.1.0.OLDLIB.2010.UP\LIB_PLUGIN\DEBUG\RTP.OBJ
D:\SUNQUEEN\MYTEST\VLCWIN\VLC-2.1.0.OLD\VLC-2.1.0.OLDLIB.2010.UP\LIB_PLUGIN\DEBUG\RTP1.OBJ
D:\SUNQUEEN\MYTEST\VLCWIN\VLC-2.1.0.OLD\VLC-2.1.0.OLDLIB.2010.UP\LIB_PLUGIN\DEBUG\RTPFMT.OBJ
D:\SUNQUEEN\MYTEST\VLCWIN\VLC-2.1.0.OLD\VLC-2.1.0.OLDLIB.2010.UP\LIB_PLUGIN\DEBUG\RTPINTERFACE.OBJ
D:\SUNQUEEN\MYTEST\VLCWIN\VLC-2.1.0.OLD\VLC-2.1.0.OLDLIB.2010.UP\LIB_PLUGIN\DEBUG\RTPSINK.OBJ
D:\SUNQUEEN\MYTEST\VLCWIN\VLC-2.1.0.OLD\VLC-2.1.0.OLDLIB.2010.UP\LIB_PLUGIN\DEBUG\RTPSOURCE.OBJ
D:\SUNQUEEN\MYTEST\VLCWIN\VLC-2.1.0.OLD\VLC-2.1.0.OLDLIB.2010.UP\LIB_PLUGIN\DEBUG\RTSP.OBJ
D:\SUNQUEEN\MYTEST\VLCWIN\VLC-2.1.0.OLD\VLC-2.1.0.OLDLIB.2010.UP\LIB_PLUGIN\DEBUG\RTSP1.OBJ
D:\SUNQUEEN\MYTEST\VLCWIN\VLC-2.1.0.OLD\VLC-2.1.0.OLDLIB.2010.UP\LIB_PLUGIN\DEBUG\RTSP2.OBJ
D:\SUNQUEEN\MYTEST\VLCWIN\VLC-2.1.0.OLD\VLC-2.1.0.OLDLIB.2010.UP\LIB_PLUGIN\DEBUG\RTSPCLIENT.OBJ
D:\SUNQUEEN\MYTEST\VLCWIN\VLC-2.1.0.OLD\VLC-2.1.0.OLDLIB.2010.UP\LIB_PLUGIN\DEBUG\RTSPCOMMON.OBJ
D:\SUNQUEEN\MYTEST\VLCWIN\VLC-2.1.0.OLD\VLC-2.1.0.OLDLIB.2010.UP\LIB_PLUGIN\DEBUG\RTSPSERVER.OBJ
D:\SUNQUEEN\MYTEST\VLCWIN\VLC-2.1.0.OLD\VLC-2.1.0.OLDLIB.2010.UP\LIB_PLUGIN\DEBUG\RTSPSERVERSUPPORTINGHTTPSTREAMING.OBJ
D:\SUNQUEEN\MYTEST\VLCWIN\VLC-2.1.0.OLD\VLC-2.1.0.OLDLIB.2010.UP\LIB_PLUGIN\DEBUG\SAP.OBJ
D:\SUNQUEEN\MYTEST\VLCWIN\VLC-2.1.0.OLD\VLC-2.1.0.OLDLIB.2010.UP\LIB_PLUGIN\DEBUG\SCALE.OBJ
D:\SUNQUEEN\MYTEST\VLCWIN\VLC-2.1.0.OLD\VLC-2.1.0.OLDLIB.2010.UP\LIB_PLUGIN\DEBUG\SCALED_BITMAP.OBJ
D:\SUNQUEEN\MYTEST\VLCWIN\VLC-2.1.0.OLD\VLC-2.1.0.OLDLIB.2010.UP\LIB_PLUGIN\DEBUG\SCALETEMPO.OBJ
D:\SUNQUEEN\MYTEST\VLCWIN\VLC-2.1.0.OLD\VLC-2.1.0.OLDLIB.2010.UP\LIB_PLUGIN\DEBUG\SCENE.OBJ
D:\SUNQUEEN\MYTEST\VLCWIN\VLC-2.1.0.OLD\VLC-2.1.0.OLDLIB.2010.UP\LIB_PLUGIN\DEBUG\SCHROEDINGER.OBJ
D:\SUNQUEEN\MYTEST\VLCWIN\VLC-2.1.0.OLD\VLC-2.1.0.OLDLIB.2010.UP\LIB_PLUGIN\DEBUG\SCREEN.OBJ
D:\SUNQUEEN\MYTEST\VLCWIN\VLC-2.1.0.OLD\VLC-2.1.0.OLDLIB.2010.UP\LIB_PLUGIN\DEBUG\SD.OBJ
D:\SUNQUEEN\MYTEST\VLCWIN\VLC-2.1.0.OLD\VLC-2.1.0.OLDLIB.2010.UP\LIB_PLUGIN\DEBUG\SDP.OBJ
D:\SUNQUEEN\MYTEST\VLCWIN\VLC-2.1.0.OLD\VLC-2.1.0.OLDLIB.2010.UP\LIB_PLUGIN\DEBUG\SEARCHLINEEDIT.MOC.OBJ
D:\SUNQUEEN\MYTEST\VLCWIN\VLC-2.1.0.OLD\VLC-2.1.0.OLDLIB.2010.UP\LIB_PLUGIN\DEBUG\SEARCHLINEEDIT.OBJ
D:\SUNQUEEN\MYTEST\VLCWIN\VLC-2.1.0.OLD\VLC-2.1.0.OLDLIB.2010.UP\LIB_PLUGIN\DEBUG\SEEKPOINTS.MOC.OBJ
D:\SUNQUEEN\MYTEST\VLCWIN\VLC-2.1.0.OLD\VLC-2.1.0.OLDLIB.2010.UP\LIB_PLUGIN\DEBUG\SEEKPOINTS.OBJ
D:\SUNQUEEN\MYTEST\VLCWIN\VLC-2.1.0.OLD\VLC-2.1.0.OLDLIB.2010.UP\LIB_PLUGIN\DEBUG\SEEKSTYLE.MOC.OBJ
D:\SUNQUEEN\MYTEST\VLCWIN\VLC-2.1.0.OLD\VLC-2.1.0.OLDLIB.2010.UP\LIB_PLUGIN\DEBUG\SEEKSTYLE.OBJ
D:\SUNQUEEN\MYTEST\VLCWIN\VLC-2.1.0.OLD\VLC-2.1.0.OLDLIB.2010.UP\LIB_PLUGIN\DEBUG\SEGMENT.OBJ
D:\SUNQUEEN\MYTEST\VLCWIN\VLC-2.1.0.OLD\VLC-2.1.0.OLDLIB.2010.UP\LIB_PLUGIN\DEBUG\SEGMENTBASE.OBJ
D:\SUNQUEEN\MYTEST\VLCWIN\VLC-2.1.0.OLD\VLC-2.1.0.OLDLIB.2010.UP\LIB_PLUGIN\DEBUG\SEGMENTINFO.OBJ
D:\SUNQUEEN\MYTEST\VLCWIN\VLC-2.1.0.OLD\VLC-2.1.0.OLDLIB.2010.UP\LIB_PLUGIN\DEBUG\SEGMENTINFOCOMMON.OBJ
D:\SUNQUEEN\MYTEST\VLCWIN\VLC-2.1.0.OLD\VLC-2.1.0.OLDLIB.2010.UP\LIB_PLUGIN\DEBUG\SEGMENTINFODEFAULT.OBJ
D:\SUNQUEEN\MYTEST\VLCWIN\VLC-2.1.0.OLD\VLC-2.1.0.OLDLIB.2010.UP\LIB_PLUGIN\DEBUG\SEGMENTLIST.OBJ
D:\SUNQUEEN\MYTEST\VLCWIN\VLC-2.1.0.OLD\VLC-2.1.0.OLDLIB.2010.UP\LIB_PLUGIN\DEBUG\SEGMENTTEMPLATE.OBJ
D:\SUNQUEEN\MYTEST\VLCWIN\VLC-2.1.0.OLD\VLC-2.1.0.OLDLIB.2010.UP\LIB_PLUGIN\DEBUG\SEGMENTTIMELINE.OBJ
D:\SUNQUEEN\MYTEST\VLCWIN\VLC-2.1.0.OLD\VLC-2.1.0.OLDLIB.2010.UP\LIB_PLUGIN\DEBUG\SELECTOR.MOC.OBJ
D:\SUNQUEEN\MYTEST\VLCWIN\VLC-2.1.0.OLD\VLC-2.1.0.OLDLIB.2010.UP\LIB_PLUGIN\DEBUG\SELECTOR.OBJ
D:\SUNQUEEN\MYTEST\VLCWIN\VLC-2.1.0.OLD\VLC-2.1.0.OLDLIB.2010.UP\LIB_PLUGIN\DEBUG\SEPIA.OBJ
D:\SUNQUEEN\MYTEST\VLCWIN\VLC-2.1.0.OLD\VLC-2.1.0.OLDLIB.2010.UP\LIB_PLUGIN\DEBUG\SERVERMEDIASESSION.OBJ
D:\SUNQUEEN\MYTEST\VLCWIN\VLC-2.1.0.OLD\VLC-2.1.0.OLDLIB.2010.UP\LIB_PLUGIN\DEBUG\SERVICES_DISCOVERY.OBJ
D:\SUNQUEEN\MYTEST\VLCWIN\VLC-2.1.0.OLD\VLC-2.1.0.OLDLIB.2010.UP\LIB_PLUGIN\DEBUG\SESSION.OBJ
D:\SUNQUEEN\MYTEST\VLCWIN\VLC-2.1.0.OLD\VLC-2.1.0.OLDLIB.2010.UP\LIB_PLUGIN\DEBUG\SETID.OBJ
D:\SUNQUEEN\MYTEST\VLCWIN\VLC-2.1.0.OLD\VLC-2.1.0.OLDLIB.2010.UP\LIB_PLUGIN\DEBUG\SGIMB.OBJ
D:\SUNQUEEN\MYTEST\VLCWIN\VLC-2.1.0.OLD\VLC-2.1.0.OLDLIB.2010.UP\LIB_PLUGIN\DEBUG\SHARPEN.OBJ
D:\SUNQUEEN\MYTEST\VLCWIN\VLC-2.1.0.OLD\VLC-2.1.0.OLDLIB.2010.UP\LIB_PLUGIN\DEBUG\SHM.OBJ
D:\SUNQUEEN\MYTEST\VLCWIN\VLC-2.1.0.OLD\VLC-2.1.0.OLDLIB.2010.UP\LIB_PLUGIN\DEBUG\SHOUT.OBJ
D:\SUNQUEEN\MYTEST\VLCWIN\VLC-2.1.0.OLD\VLC-2.1.0.OLDLIB.2010.UP\LIB_PLUGIN\DEBUG\SHOUTCAST.OBJ
D:\SUNQUEEN\MYTEST\VLCWIN\VLC-2.1.0.OLD\VLC-2.1.0.OLDLIB.2010.UP\LIB_PLUGIN\DEBUG\SIMPLE.OBJ
D:\SUNQUEEN\MYTEST\VLCWIN\VLC-2.1.0.OLD\VLC-2.1.0.OLDLIB.2010.UP\LIB_PLUGIN\DEBUG\SIMPLE_PREFERENCES.MOC.OBJ
D:\SUNQUEEN\MYTEST\VLCWIN\VLC-2.1.0.OLD\VLC-2.1.0.OLDLIB.2010.UP\LIB_PLUGIN\DEBUG\SIMPLE_PREFERENCES.OBJ
D:\SUNQUEEN\MYTEST\VLCWIN\VLC-2.1.0.OLD\VLC-2.1.0.OLDLIB.2010.UP\LIB_PLUGIN\DEBUG\SIMPLERTPSINK.OBJ
D:\SUNQUEEN\MYTEST\VLCWIN\VLC-2.1.0.OLD\VLC-2.1.0.OLDLIB.2010.UP\LIB_PLUGIN\DEBUG\SIMPLERTPSOURCE.OBJ
D:\SUNQUEEN\MYTEST\VLCWIN\VLC-2.1.0.OLD\VLC-2.1.0.OLDLIB.2010.UP\LIB_PLUGIN\DEBUG\SIPCLIENT.OBJ
D:\SUNQUEEN\MYTEST\VLCWIN\VLC-2.1.0.OLD\VLC-2.1.0.OLDLIB.2010.UP\LIB_PLUGIN\DEBUG\SKIN_MAIN.OBJ
D:\SUNQUEEN\MYTEST\VLCWIN\VLC-2.1.0.OLD\VLC-2.1.0.OLDLIB.2010.UP\LIB_PLUGIN\DEBUG\SKIN_PARSER.OBJ
D:\SUNQUEEN\MYTEST\VLCWIN\VLC-2.1.0.OLD\VLC-2.1.0.OLDLIB.2010.UP\LIB_PLUGIN\DEBUG\SMB.OBJ
D:\SUNQUEEN\MYTEST\VLCWIN\VLC-2.1.0.OLD\VLC-2.1.0.OLDLIB.2010.UP\LIB_PLUGIN\DEBUG\SMEM.OBJ
D:\SUNQUEEN\MYTEST\VLCWIN\VLC-2.1.0.OLD\VLC-2.1.0.OLDLIB.2010.UP\LIB_PLUGIN\DEBUG\SMF.OBJ
D:\SUNQUEEN\MYTEST\VLCWIN\VLC-2.1.0.OLD\VLC-2.1.0.OLDLIB.2010.UP\LIB_PLUGIN\DEBUG\SOUT.MOC.OBJ
D:\SUNQUEEN\MYTEST\VLCWIN\VLC-2.1.0.OLD\VLC-2.1.0.OLDLIB.2010.UP\LIB_PLUGIN\DEBUG\SOUT.OBJ
D:\SUNQUEEN\MYTEST\VLCWIN\VLC-2.1.0.OLD\VLC-2.1.0.OLDLIB.2010.UP\LIB_PLUGIN\DEBUG\SOUT_WIDGETS.MOC.OBJ
D:\SUNQUEEN\MYTEST\VLCWIN\VLC-2.1.0.OLD\VLC-2.1.0.OLDLIB.2010.UP\LIB_PLUGIN\DEBUG\SOUT_WIDGETS.OBJ
D:\SUNQUEEN\MYTEST\VLCWIN\VLC-2.1.0.OLD\VLC-2.1.0.OLDLIB.2010.UP\LIB_PLUGIN\DEBUG\SPATIALIZER.OBJ
D:\SUNQUEEN\MYTEST\VLCWIN\VLC-2.1.0.OLD\VLC-2.1.0.OLDLIB.2010.UP\LIB_PLUGIN\DEBUG\SPEEX.OBJ
D:\SUNQUEEN\MYTEST\VLCWIN\VLC-2.1.0.OLD\VLC-2.1.0.OLDLIB.2010.UP\LIB_PLUGIN\DEBUG\SPEEX1.OBJ
D:\SUNQUEEN\MYTEST\VLCWIN\VLC-2.1.0.OLD\VLC-2.1.0.OLDLIB.2010.UP\LIB_PLUGIN\DEBUG\SPU.OBJ
D:\SUNQUEEN\MYTEST\VLCWIN\VLC-2.1.0.OLD\VLC-2.1.0.OLDLIB.2010.UP\LIB_PLUGIN\DEBUG\SPUDEC.OBJ
D:\SUNQUEEN\MYTEST\VLCWIN\VLC-2.1.0.OLD\VLC-2.1.0.OLDLIB.2010.UP\LIB_PLUGIN\DEBUG\SRC.OBJ
D:\SUNQUEEN\MYTEST\VLCWIN\VLC-2.1.0.OLD\VLC-2.1.0.OLDLIB.2010.UP\LIB_PLUGIN\DEBUG\SRTP.OBJ
D:\SUNQUEEN\MYTEST\VLCWIN\VLC-2.1.0.OLD\VLC-2.1.0.OLDLIB.2010.UP\LIB_PLUGIN\DEBUG\STANDARD.OBJ
D:\SUNQUEEN\MYTEST\VLCWIN\VLC-2.1.0.OLD\VLC-2.1.0.OLDLIB.2010.UP\LIB_PLUGIN\DEBUG\STANDARDPANEL.MOC.OBJ
D:\SUNQUEEN\MYTEST\VLCWIN\VLC-2.1.0.OLD\VLC-2.1.0.OLDLIB.2010.UP\LIB_PLUGIN\DEBUG\STANDARDPANEL.OBJ
D:\SUNQUEEN\MYTEST\VLCWIN\VLC-2.1.0.OLD\VLC-2.1.0.OLDLIB.2010.UP\LIB_PLUGIN\DEBUG\STATS.OBJ
D:\SUNQUEEN\MYTEST\VLCWIN\VLC-2.1.0.OLD\VLC-2.1.0.OLDLIB.2010.UP\LIB_PLUGIN\DEBUG\STDAFX.OBJ
D:\SUNQUEEN\MYTEST\VLCWIN\VLC-2.1.0.OLD\VLC-2.1.0.OLDLIB.2010.UP\LIB_PLUGIN\DEBUG\STL.OBJ
D:\SUNQUEEN\MYTEST\VLCWIN\VLC-2.1.0.OLD\VLC-2.1.0.OLDLIB.2010.UP\LIB_PLUGIN\DEBUG\STL1.OBJ
D:\SUNQUEEN\MYTEST\VLCWIN\VLC-2.1.0.OLD\VLC-2.1.0.OLDLIB.2010.UP\LIB_PLUGIN\DEBUG\STRDUP.OBJ
D:\SUNQUEEN\MYTEST\VLCWIN\VLC-2.1.0.OLD\VLC-2.1.0.OLDLIB.2010.UP\LIB_PLUGIN\DEBUG\STREAM.OBJ
D:\SUNQUEEN\MYTEST\VLCWIN\VLC-2.1.0.OLD\VLC-2.1.0.OLDLIB.2010.UP\LIB_PLUGIN\DEBUG\STREAM1.OBJ
D:\SUNQUEEN\MYTEST\VLCWIN\VLC-2.1.0.OLD\VLC-2.1.0.OLDLIB.2010.UP\LIB_PLUGIN\DEBUG\STREAMPARSER.OBJ
D:\SUNQUEEN\MYTEST\VLCWIN\VLC-2.1.0.OLD\VLC-2.1.0.OLDLIB.2010.UP\LIB_PLUGIN\DEBUG\STRINGS.OBJ
D:\SUNQUEEN\MYTEST\VLCWIN\VLC-2.1.0.OLD\VLC-2.1.0.OLDLIB.2010.UP\LIB_PLUGIN\DEBUG\SUBSDEC.OBJ
D:\SUNQUEEN\MYTEST\VLCWIN\VLC-2.1.0.OLD\VLC-2.1.0.OLDLIB.2010.UP\LIB_PLUGIN\DEBUG\SUBSDELAY.OBJ
D:\SUNQUEEN\MYTEST\VLCWIN\VLC-2.1.0.OLD\VLC-2.1.0.OLDLIB.2010.UP\LIB_PLUGIN\DEBUG\SUBSUSF.OBJ
D:\SUNQUEEN\MYTEST\VLCWIN\VLC-2.1.0.OLD\VLC-2.1.0.OLDLIB.2010.UP\LIB_PLUGIN\DEBUG\SUBTITLE.OBJ
D:\SUNQUEEN\MYTEST\VLCWIN\VLC-2.1.0.OLD\VLC-2.1.0.OLDLIB.2010.UP\LIB_PLUGIN\DEBUG\SUBTITLE1.OBJ
D:\SUNQUEEN\MYTEST\VLCWIN\VLC-2.1.0.OLD\VLC-2.1.0.OLDLIB.2010.UP\LIB_PLUGIN\DEBUG\SVCDSUB.OBJ
D:\SUNQUEEN\MYTEST\VLCWIN\VLC-2.1.0.OLD\VLC-2.1.0.OLDLIB.2010.UP\LIB_PLUGIN\DEBUG\SWSCALE.OBJ
D:\SUNQUEEN\MYTEST\VLCWIN\VLC-2.1.0.OLD\VLC-2.1.0.OLDLIB.2010.UP\LIB_PLUGIN\DEBUG\T140.OBJ
D:\SUNQUEEN\MYTEST\VLCWIN\VLC-2.1.0.OLD\VLC-2.1.0.OLDLIB.2010.UP\LIB_PLUGIN\DEBUG\T140TEXTMATROSKAFILESERVERMEDIASUBSESSION.OBJ
D:\SUNQUEEN\MYTEST\VLCWIN\VLC-2.1.0.OLD\VLC-2.1.0.OLDLIB.2010.UP\LIB_PLUGIN\DEBUG\T140TEXTRTPSINK.OBJ
D:\SUNQUEEN\MYTEST\VLCWIN\VLC-2.1.0.OLD\VLC-2.1.0.OLDLIB.2010.UP\LIB_PLUGIN\DEBUG\TCP.OBJ
D:\SUNQUEEN\MYTEST\VLCWIN\VLC-2.1.0.OLD\VLC-2.1.0.OLDLIB.2010.UP\LIB_PLUGIN\DEBUG\TCPSTREAMSINK.OBJ
D:\SUNQUEEN\MYTEST\VLCWIN\VLC-2.1.0.OLD\VLC-2.1.0.OLDLIB.2010.UP\LIB_PLUGIN\DEBUG\TDUMMY.OBJ
D:\SUNQUEEN\MYTEST\VLCWIN\VLC-2.1.0.OLD\VLC-2.1.0.OLDLIB.2010.UP\LIB_PLUGIN\DEBUG\TEXTRTPSINK.OBJ
D:\SUNQUEEN\MYTEST\VLCWIN\VLC-2.1.0.OLD\VLC-2.1.0.OLDLIB.2010.UP\LIB_PLUGIN\DEBUG\THEME.OBJ
D:\SUNQUEEN\MYTEST\VLCWIN\VLC-2.1.0.OLD\VLC-2.1.0.OLDLIB.2010.UP\LIB_PLUGIN\DEBUG\THEME_LOADER.OBJ
D:\SUNQUEEN\MYTEST\VLCWIN\VLC-2.1.0.OLD\VLC-2.1.0.OLDLIB.2010.UP\LIB_PLUGIN\DEBUG\THEME_REPOSITORY.OBJ
D:\SUNQUEEN\MYTEST\VLCWIN\VLC-2.1.0.OLD\VLC-2.1.0.OLDLIB.2010.UP\LIB_PLUGIN\DEBUG\THEORA.OBJ
D:\SUNQUEEN\MYTEST\VLCWIN\VLC-2.1.0.OLD\VLC-2.1.0.OLDLIB.2010.UP\LIB_PLUGIN\DEBUG\TIME.OBJ
D:\SUNQUEEN\MYTEST\VLCWIN\VLC-2.1.0.OLD\VLC-2.1.0.OLDLIB.2010.UP\LIB_PLUGIN\DEBUG\TIMECODE.OBJ
D:\SUNQUEEN\MYTEST\VLCWIN\VLC-2.1.0.OLD\VLC-2.1.0.OLDLIB.2010.UP\LIB_PLUGIN\DEBUG\TIMETOOLTIP.MOC.OBJ
D:\SUNQUEEN\MYTEST\VLCWIN\VLC-2.1.0.OLD\VLC-2.1.0.OLDLIB.2010.UP\LIB_PLUGIN\DEBUG\TIMETOOLTIP.OBJ
D:\SUNQUEEN\MYTEST\VLCWIN\VLC-2.1.0.OLD\VLC-2.1.0.OLDLIB.2010.UP\LIB_PLUGIN\DEBUG\TOOLBAR.MOC.OBJ
D:\SUNQUEEN\MYTEST\VLCWIN\VLC-2.1.0.OLD\VLC-2.1.0.OLDLIB.2010.UP\LIB_PLUGIN\DEBUG\TOOLBAR.OBJ
D:\SUNQUEEN\MYTEST\VLCWIN\VLC-2.1.0.OLD\VLC-2.1.0.OLDLIB.2010.UP\LIB_PLUGIN\DEBUG\TOOLTIP.OBJ
D:\SUNQUEEN\MYTEST\VLCWIN\VLC-2.1.0.OLD\VLC-2.1.0.OLDLIB.2010.UP\LIB_PLUGIN\DEBUG\TOP_WINDOW.OBJ
D:\SUNQUEEN\MYTEST\VLCWIN\VLC-2.1.0.OLD\VLC-2.1.0.OLDLIB.2010.UP\LIB_PLUGIN\DEBUG\TRANSCODE.OBJ
D:\SUNQUEEN\MYTEST\VLCWIN\VLC-2.1.0.OLD\VLC-2.1.0.OLDLIB.2010.UP\LIB_PLUGIN\DEBUG\TRANSFORM.OBJ
D:\SUNQUEEN\MYTEST\VLCWIN\VLC-2.1.0.OLD\VLC-2.1.0.OLDLIB.2010.UP\LIB_PLUGIN\DEBUG\TRICKMODETYPE.OBJ
D:\SUNQUEEN\MYTEST\VLCWIN\VLC-2.1.0.OLD\VLC-2.1.0.OLDLIB.2010.UP\LIB_PLUGIN\DEBUG\TRIVIAL.OBJ
D:\SUNQUEEN\MYTEST\VLCWIN\VLC-2.1.0.OLD\VLC-2.1.0.OLDLIB.2010.UP\LIB_PLUGIN\DEBUG\TS.OBJ
D:\SUNQUEEN\MYTEST\VLCWIN\VLC-2.1.0.OLD\VLC-2.1.0.OLDLIB.2010.UP\LIB_PLUGIN\DEBUG\TS1.OBJ
D:\SUNQUEEN\MYTEST\VLCWIN\VLC-2.1.0.OLD\VLC-2.1.0.OLDLIB.2010.UP\LIB_PLUGIN\DEBUG\TTA.OBJ
D:\SUNQUEEN\MYTEST\VLCWIN\VLC-2.1.0.OLD\VLC-2.1.0.OLDLIB.2010.UP\LIB_PLUGIN\DEBUG\TWOLAME.OBJ
D:\SUNQUEEN\MYTEST\VLCWIN\VLC-2.1.0.OLD\VLC-2.1.0.OLDLIB.2010.UP\LIB_PLUGIN\DEBUG\TY.OBJ
D:\SUNQUEEN\MYTEST\VLCWIN\VLC-2.1.0.OLD\VLC-2.1.0.OLDLIB.2010.UP\LIB_PLUGIN\DEBUG\UDP.OBJ
D:\SUNQUEEN\MYTEST\VLCWIN\VLC-2.1.0.OLD\VLC-2.1.0.OLDLIB.2010.UP\LIB_PLUGIN\DEBUG\UDP1.OBJ
D:\SUNQUEEN\MYTEST\VLCWIN\VLC-2.1.0.OLD\VLC-2.1.0.OLDLIB.2010.UP\LIB_PLUGIN\DEBUG\UGLY.OBJ
D:\SUNQUEEN\MYTEST\VLCWIN\VLC-2.1.0.OLD\VLC-2.1.0.OLDLIB.2010.UP\LIB_PLUGIN\DEBUG\ULAWAUDIOFILTER.OBJ
D:\SUNQUEEN\MYTEST\VLCWIN\VLC-2.1.0.OLD\VLC-2.1.0.OLDLIB.2010.UP\LIB_PLUGIN\DEBUG\UNZIP.OBJ
D:\SUNQUEEN\MYTEST\VLCWIN\VLC-2.1.0.OLD\VLC-2.1.0.OLDLIB.2010.UP\LIB_PLUGIN\DEBUG\UPNP.OBJ
D:\SUNQUEEN\MYTEST\VLCWIN\VLC-2.1.0.OLD\VLC-2.1.0.OLDLIB.2010.UP\LIB_PLUGIN\DEBUG\USAGEENVIRONMENT.OBJ
D:\SUNQUEEN\MYTEST\VLCWIN\VLC-2.1.0.OLD\VLC-2.1.0.OLDLIB.2010.UP\LIB_PLUGIN\DEBUG\USTRING.OBJ
D:\SUNQUEEN\MYTEST\VLCWIN\VLC-2.1.0.OLD\VLC-2.1.0.OLDLIB.2010.UP\LIB_PLUGIN\DEBUG\VAR_BOOL.OBJ
D:\SUNQUEEN\MYTEST\VLCWIN\VLC-2.1.0.OLD\VLC-2.1.0.OLDLIB.2010.UP\LIB_PLUGIN\DEBUG\VAR_LIST.OBJ
D:\SUNQUEEN\MYTEST\VLCWIN\VLC-2.1.0.OLD\VLC-2.1.0.OLDLIB.2010.UP\LIB_PLUGIN\DEBUG\VAR_MANAGER.OBJ
D:\SUNQUEEN\MYTEST\VLCWIN\VLC-2.1.0.OLD\VLC-2.1.0.OLDLIB.2010.UP\LIB_PLUGIN\DEBUG\VAR_PERCENT.OBJ
D:\SUNQUEEN\MYTEST\VLCWIN\VLC-2.1.0.OLD\VLC-2.1.0.OLDLIB.2010.UP\LIB_PLUGIN\DEBUG\VAR_STRING.OBJ
D:\SUNQUEEN\MYTEST\VLCWIN\VLC-2.1.0.OLD\VLC-2.1.0.OLDLIB.2010.UP\LIB_PLUGIN\DEBUG\VAR_TEXT.OBJ
D:\SUNQUEEN\MYTEST\VLCWIN\VLC-2.1.0.OLD\VLC-2.1.0.OLDLIB.2010.UP\LIB_PLUGIN\DEBUG\VAR_TREE.OBJ
D:\SUNQUEEN\MYTEST\VLCWIN\VLC-2.1.0.OLD\VLC-2.1.0.OLDLIB.2010.UP\LIB_PLUGIN\DEBUG\VARIABLES.MOC1.OBJ
D:\SUNQUEEN\MYTEST\VLCWIN\VLC-2.1.0.OLD\VLC-2.1.0.OLDLIB.2010.UP\LIB_PLUGIN\DEBUG\VARIABLES.OBJ
D:\SUNQUEEN\MYTEST\VLCWIN\VLC-2.1.0.OLD\VLC-2.1.0.OLDLIB.2010.UP\LIB_PLUGIN\DEBUG\VARIABLES2.OBJ
D:\SUNQUEEN\MYTEST\VLCWIN\VLC-2.1.0.OLD\VLC-2.1.0.OLDLIB.2010.UP\LIB_PLUGIN\DEBUG\VC1.OBJ
D:\sunqueen\mytest\vlcwin\vlc-2.1.0.old\vlc-2.1.0.oldlib.2010.up\lib_plugin\Debug\vc100.idb
D:\SUNQUEEN\MYTEST\VLCWIN\VLC-2.1.0.OLD\VLC-2.1.0.OLDLIB.2010.UP\LIB_PLUGIN\DEBUG\VC100.PDB
D:\SUNQUEEN\MYTEST\VLCWIN\VLC-2.1.0.OLD\VLC-2.1.0.OLDLIB.2010.UP\LIB_PLUGIN\DEBUG\VC11.OBJ
D:\SUNQUEEN\MYTEST\VLCWIN\VLC-2.1.0.OLD\VLC-2.1.0.OLDLIB.2010.UP\LIB_PLUGIN\DEBUG\VCD.OBJ
D:\SUNQUEEN\MYTEST\VLCWIN\VLC-2.1.0.OLD\VLC-2.1.0.OLDLIB.2010.UP\LIB_PLUGIN\DEBUG\VDR.OBJ
D:\SUNQUEEN\MYTEST\VLCWIN\VLC-2.1.0.OLD\VLC-2.1.0.OLDLIB.2010.UP\LIB_PLUGIN\DEBUG\VDUMMY.OBJ
D:\SUNQUEEN\MYTEST\VLCWIN\VLC-2.1.0.OLD\VLC-2.1.0.OLDLIB.2010.UP\LIB_PLUGIN\DEBUG\VIDEO.OBJ
D:\SUNQUEEN\MYTEST\VLCWIN\VLC-2.1.0.OLD\VLC-2.1.0.OLDLIB.2010.UP\LIB_PLUGIN\DEBUG\VIDEO1.OBJ
D:\SUNQUEEN\MYTEST\VLCWIN\VLC-2.1.0.OLD\VLC-2.1.0.OLDLIB.2010.UP\LIB_PLUGIN\DEBUG\VIDEO2.OBJ
D:\SUNQUEEN\MYTEST\VLCWIN\VLC-2.1.0.OLD\VLC-2.1.0.OLDLIB.2010.UP\LIB_PLUGIN\DEBUG\VIDEORTPSINK.OBJ
D:\SUNQUEEN\MYTEST\VLCWIN\VLC-2.1.0.OLD\VLC-2.1.0.OLDLIB.2010.UP\LIB_PLUGIN\DEBUG\VIEWS.MOC.OBJ
D:\SUNQUEEN\MYTEST\VLCWIN\VLC-2.1.0.OLD\VLC-2.1.0.OLDLIB.2010.UP\LIB_PLUGIN\DEBUG\VIEWS.OBJ
D:\SUNQUEEN\MYTEST\VLCWIN\VLC-2.1.0.OLD\VLC-2.1.0.OLDLIB.2010.UP\LIB_PLUGIN\DEBUG\VISUAL.OBJ
D:\SUNQUEEN\MYTEST\VLCWIN\VLC-2.1.0.OLD\VLC-2.1.0.OLDLIB.2010.UP\LIB_PLUGIN\DEBUG\VLC.OBJ
D:\SUNQUEEN\MYTEST\VLCWIN\VLC-2.1.0.OLD\VLC-2.1.0.OLDLIB.2010.UP\LIB_PLUGIN\DEBUG\VLC_MODEL.MOC.OBJ
D:\SUNQUEEN\MYTEST\VLCWIN\VLC-2.1.0.OLD\VLC-2.1.0.OLDLIB.2010.UP\LIB_PLUGIN\DEBUG\VLC_MODEL.OBJ
D:\SUNQUEEN\MYTEST\VLCWIN\VLC-2.1.0.OLD\VLC-2.1.0.OLDLIB.2010.UP\LIB_PLUGIN\DEBUG\VLCPROC.OBJ
D:\SUNQUEEN\MYTEST\VLCWIN\VLC-2.1.0.OLD\VLC-2.1.0.OLDLIB.2010.UP\LIB_PLUGIN\DEBUG\VLM.MOC.OBJ
D:\SUNQUEEN\MYTEST\VLCWIN\VLC-2.1.0.OLD\VLC-2.1.0.OLDLIB.2010.UP\LIB_PLUGIN\DEBUG\VLM.OBJ
D:\SUNQUEEN\MYTEST\VLCWIN\VLC-2.1.0.OLD\VLC-2.1.0.OLDLIB.2010.UP\LIB_PLUGIN\DEBUG\VLM1.OBJ
D:\SUNQUEEN\MYTEST\VLCWIN\VLC-2.1.0.OLD\VLC-2.1.0.OLDLIB.2010.UP\LIB_PLUGIN\DEBUG\VMEM.OBJ
D:\SUNQUEEN\MYTEST\VLCWIN\VLC-2.1.0.OLD\VLC-2.1.0.OLDLIB.2010.UP\LIB_PLUGIN\DEBUG\VOBSUB.OBJ
D:\SUNQUEEN\MYTEST\VLCWIN\VLC-2.1.0.OLD\VLC-2.1.0.OLDLIB.2010.UP\LIB_PLUGIN\DEBUG\VOC.OBJ
D:\SUNQUEEN\MYTEST\VLCWIN\VLC-2.1.0.OLD\VLC-2.1.0.OLDLIB.2010.UP\LIB_PLUGIN\DEBUG\VOD.OBJ
D:\SUNQUEEN\MYTEST\VLCWIN\VLC-2.1.0.OLD\VLC-2.1.0.OLDLIB.2010.UP\LIB_PLUGIN\DEBUG\VOLUME.OBJ
D:\SUNQUEEN\MYTEST\VLCWIN\VLC-2.1.0.OLD\VLC-2.1.0.OLDLIB.2010.UP\LIB_PLUGIN\DEBUG\VOLUME1.OBJ
D:\SUNQUEEN\MYTEST\VLCWIN\VLC-2.1.0.OLD\VLC-2.1.0.OLDLIB.2010.UP\LIB_PLUGIN\DEBUG\VORBIS.OBJ
D:\SUNQUEEN\MYTEST\VLCWIN\VLC-2.1.0.OLD\VLC-2.1.0.OLDLIB.2010.UP\LIB_PLUGIN\DEBUG\VORBISAUDIOMATROSKAFILESERVERMEDIASUBSESSION.OBJ
D:\SUNQUEEN\MYTEST\VLCWIN\VLC-2.1.0.OLD\VLC-2.1.0.OLDLIB.2010.UP\LIB_PLUGIN\DEBUG\VORBISAUDIORTPSINK.OBJ
D:\SUNQUEEN\MYTEST\VLCWIN\VLC-2.1.0.OLD\VLC-2.1.0.OLDLIB.2010.UP\LIB_PLUGIN\DEBUG\VORBISAUDIORTPSOURCE.OBJ
D:\SUNQUEEN\MYTEST\VLCWIN\VLC-2.1.0.OLD\VLC-2.1.0.OLDLIB.2010.UP\LIB_PLUGIN\DEBUG\VOUT_MANAGER.OBJ
D:\SUNQUEEN\MYTEST\VLCWIN\VLC-2.1.0.OLD\VLC-2.1.0.OLDLIB.2010.UP\LIB_PLUGIN\DEBUG\VOUT_WINDOW.OBJ
D:\SUNQUEEN\MYTEST\VLCWIN\VLC-2.1.0.OLD\VLC-2.1.0.OLDLIB.2010.UP\LIB_PLUGIN\DEBUG\VP8VIDEOMATROSKAFILESERVERMEDIASUBSESSION.OBJ
D:\SUNQUEEN\MYTEST\VLCWIN\VLC-2.1.0.OLD\VLC-2.1.0.OLDLIB.2010.UP\LIB_PLUGIN\DEBUG\VP8VIDEORTPSINK.OBJ
D:\SUNQUEEN\MYTEST\VLCWIN\VLC-2.1.0.OLD\VLC-2.1.0.OLDLIB.2010.UP\LIB_PLUGIN\DEBUG\VP8VIDEORTPSOURCE.OBJ
D:\SUNQUEEN\MYTEST\VLCWIN\VLC-2.1.0.OLD\VLC-2.1.0.OLDLIB.2010.UP\LIB_PLUGIN\DEBUG\WALL.OBJ
D:\SUNQUEEN\MYTEST\VLCWIN\VLC-2.1.0.OLD\VLC-2.1.0.OLDLIB.2010.UP\LIB_PLUGIN\DEBUG\WAV.OBJ
D:\SUNQUEEN\MYTEST\VLCWIN\VLC-2.1.0.OLD\VLC-2.1.0.OLDLIB.2010.UP\LIB_PLUGIN\DEBUG\WAV1.OBJ
D:\SUNQUEEN\MYTEST\VLCWIN\VLC-2.1.0.OLD\VLC-2.1.0.OLDLIB.2010.UP\LIB_PLUGIN\DEBUG\WAVAUDIOFILESERVERMEDIASUBSESSION.OBJ
D:\SUNQUEEN\MYTEST\VLCWIN\VLC-2.1.0.OLD\VLC-2.1.0.OLDLIB.2010.UP\LIB_PLUGIN\DEBUG\WAVAUDIOFILESOURCE.OBJ
D:\SUNQUEEN\MYTEST\VLCWIN\VLC-2.1.0.OLD\VLC-2.1.0.OLDLIB.2010.UP\LIB_PLUGIN\DEBUG\WAVE.OBJ
D:\SUNQUEEN\MYTEST\VLCWIN\VLC-2.1.0.OLD\VLC-2.1.0.OLDLIB.2010.UP\LIB_PLUGIN\DEBUG\WAVEOUT.OBJ
D:\SUNQUEEN\MYTEST\VLCWIN\VLC-2.1.0.OLD\VLC-2.1.0.OLDLIB.2010.UP\LIB_PLUGIN\DEBUG\WIN.OBJ
D:\SUNQUEEN\MYTEST\VLCWIN\VLC-2.1.0.OLD\VLC-2.1.0.OLDLIB.2010.UP\LIB_PLUGIN\DEBUG\WIN32.OBJ
D:\SUNQUEEN\MYTEST\VLCWIN\VLC-2.1.0.OLD\VLC-2.1.0.OLDLIB.2010.UP\LIB_PLUGIN\DEBUG\WIN32_DRAGDROP.OBJ
D:\SUNQUEEN\MYTEST\VLCWIN\VLC-2.1.0.OLD\VLC-2.1.0.OLDLIB.2010.UP\LIB_PLUGIN\DEBUG\WIN32_FACTORY.OBJ
D:\SUNQUEEN\MYTEST\VLCWIN\VLC-2.1.0.OLD\VLC-2.1.0.OLDLIB.2010.UP\LIB_PLUGIN\DEBUG\WIN32_GRAPHICS.OBJ
D:\SUNQUEEN\MYTEST\VLCWIN\VLC-2.1.0.OLD\VLC-2.1.0.OLDLIB.2010.UP\LIB_PLUGIN\DEBUG\WIN32_LOOP.OBJ
D:\SUNQUEEN\MYTEST\VLCWIN\VLC-2.1.0.OLD\VLC-2.1.0.OLDLIB.2010.UP\LIB_PLUGIN\DEBUG\WIN32_POPUP.OBJ
D:\SUNQUEEN\MYTEST\VLCWIN\VLC-2.1.0.OLD\VLC-2.1.0.OLDLIB.2010.UP\LIB_PLUGIN\DEBUG\WIN32_TIMER.OBJ
D:\SUNQUEEN\MYTEST\VLCWIN\VLC-2.1.0.OLD\VLC-2.1.0.OLDLIB.2010.UP\LIB_PLUGIN\DEBUG\WIN32_TOOLTIP.OBJ
D:\SUNQUEEN\MYTEST\VLCWIN\VLC-2.1.0.OLD\VLC-2.1.0.OLDLIB.2010.UP\LIB_PLUGIN\DEBUG\WIN32_WINDOW.OBJ
D:\SUNQUEEN\MYTEST\VLCWIN\VLC-2.1.0.OLD\VLC-2.1.0.OLDLIB.2010.UP\LIB_PLUGIN\DEBUG\WIN321.OBJ
D:\SUNQUEEN\MYTEST\VLCWIN\VLC-2.1.0.OLD\VLC-2.1.0.OLDLIB.2010.UP\LIB_PLUGIN\DEBUG\WINDOW_MANAGER.OBJ
D:\SUNQUEEN\MYTEST\VLCWIN\VLC-2.1.0.OLD\VLC-2.1.0.OLDLIB.2010.UP\LIB_PLUGIN\DEBUG\WINDRIVE.OBJ
D:\SUNQUEEN\MYTEST\VLCWIN\VLC-2.1.0.OLD\VLC-2.1.0.OLDLIB.2010.UP\LIB_PLUGIN\DEBUG\WINGDI.OBJ
D:\SUNQUEEN\MYTEST\VLCWIN\VLC-2.1.0.OLD\VLC-2.1.0.OLDLIB.2010.UP\LIB_PLUGIN\DEBUG\WPL.OBJ
D:\SUNQUEEN\MYTEST\VLCWIN\VLC-2.1.0.OLD\VLC-2.1.0.OLDLIB.2010.UP\LIB_PLUGIN\DEBUG\X264.OBJ
D:\SUNQUEEN\MYTEST\VLCWIN\VLC-2.1.0.OLD\VLC-2.1.0.OLDLIB.2010.UP\LIB_PLUGIN\DEBUG\XA.OBJ
D:\SUNQUEEN\MYTEST\VLCWIN\VLC-2.1.0.OLD\VLC-2.1.0.OLDLIB.2010.UP\LIB_PLUGIN\DEBUG\XIPH.OBJ
D:\SUNQUEEN\MYTEST\VLCWIN\VLC-2.1.0.OLD\VLC-2.1.0.OLDLIB.2010.UP\LIB_PLUGIN\DEBUG\XIPH_METADATA.OBJ
D:\SUNQUEEN\MYTEST\VLCWIN\VLC-2.1.0.OLD\VLC-2.1.0.OLDLIB.2010.UP\LIB_PLUGIN\DEBUG\XML1.OBJ
D:\SUNQUEEN\MYTEST\VLCWIN\VLC-2.1.0.OLD\VLC-2.1.0.OLDLIB.2010.UP\LIB_PLUGIN\DEBUG\XMLPARSER.OBJ
D:\SUNQUEEN\MYTEST\VLCWIN\VLC-2.1.0.OLD\VLC-2.1.0.OLDLIB.2010.UP\LIB_PLUGIN\DEBUG\XSPF.OBJ
D:\SUNQUEEN\MYTEST\VLCWIN\VLC-2.1.0.OLD\VLC-2.1.0.OLDLIB.2010.UP\LIB_PLUGIN\DEBUG\XSPF1.OBJ
D:\SUNQUEEN\MYTEST\VLCWIN\VLC-2.1.0.OLD\VLC-2.1.0.OLDLIB.2010.UP\LIB_PLUGIN\DEBUG\YUV.OBJ
D:\SUNQUEEN\MYTEST\VLCWIN\VLC-2.1.0.OLD\VLC-2.1.0.OLDLIB.2010.UP\LIB_PLUGIN\DEBUG\YUVP.OBJ
D:\SUNQUEEN\MYTEST\VLCWIN\VLC-2.1.0.OLD\VLC-2.1.0.OLDLIB.2010.UP\LIB_PLUGIN\DEBUG\YUY2_I420.OBJ
D:\SUNQUEEN\MYTEST\VLCWIN\VLC-2.1.0.OLD\VLC-2.1.0.OLDLIB.2010.UP\LIB_PLUGIN\DEBUG\YUY2_I422.OBJ
D:\SUNQUEEN\MYTEST\VLCWIN\VLC-2.1.0.OLD\VLC-2.1.0.OLDLIB.2010.UP\LIB_PLUGIN\DEBUG\ZIPACCESS.OBJ
D:\SUNQUEEN\MYTEST\VLCWIN\VLC-2.1.0.OLD\VLC-2.1.0.OLDLIB.2010.UP\LIB_PLUGIN\DEBUG\ZIPSTREAM.OBJ
D:\SUNQUEEN\MYTEST\VLCWIN\VLC-2.1.0.OLD\VLC-2.1.0.OLDLIB.2010.UP\LIB_PLUGIN\DEBUG\ZPL.OBJ
D:\SUNQUEEN\MYTEST\VLCWIN\VLC-2.1.0.OLD\VLC-2.1.0.OLDLIB.2010.UP\LIB_PLUGIN\DEBUG\ZVBI.OBJ
