D:\SUNQUEEN\MYTEST\VLCWIN\VLC-2.1.0.OLD\VLC-2.1.0.OLDLIB.2010.UP\DEBUG\LIBCOMPAT.DLL
D:\sunqueen\mytest\vlcwin\vlc-2.1.0.old\vlc-2.1.0.oldlib.2010.up\Debug\libcompat.exp
D:\SUNQUEEN\MYTEST\VLCWIN\VLC-2.1.0.OLD\VLC-2.1.0.OLDLIB.2010.UP\DEBUG\LIBCOMPAT.ILK
D:\sunqueen\mytest\vlcwin\vlc-2.1.0.old\vlc-2.1.0.oldlib.2010.up\Debug\libcompat.lib
D:\SUNQUEEN\MYTEST\VLCWIN\VLC-2.1.0.OLD\VLC-2.1.0.OLDLIB.2010.UP\DEBUG\LIBCOMPAT.PDB
D:\SUNQUEEN\MYTEST\VLCWIN\VLC-2.1.0.OLD\VLC-2.1.0.OLDLIB.2010.UP\LIBCOMPAT\DEBUG\ASPRINTF.OBJ
D:\sunqueen\mytest\vlcwin\vlc-2.1.0.old\vlc-2.1.0.oldlib.2010.up\libcompat\Debug\cl.command.1.tlog
D:\sunqueen\mytest\vlcwin\vlc-2.1.0.old\vlc-2.1.0.oldlib.2010.up\libcompat\Debug\CL.read.1.tlog
D:\sunqueen\mytest\vlcwin\vlc-2.1.0.old\vlc-2.1.0.oldlib.2010.up\libcompat\Debug\CL.write.1.tlog
D:\SUNQUEEN\MYTEST\VLCWIN\VLC-2.1.0.OLD\VLC-2.1.0.OLDLIB.2010.UP\LIBCOMPAT\DEBUG\FLOCKFILE.OBJ
D:\SUNQUEEN\MYTEST\VLCWIN\VLC-2.1.0.OLD\VLC-2.1.0.OLDLIB.2010.UP\LIBCOMPAT\DEBUG\GETDELIM.OBJ
D:\SUNQUEEN\MYTEST\VLCWIN\VLC-2.1.0.OLD\VLC-2.1.0.OLDLIB.2010.UP\LIBCOMPAT\DEBUG\INET_PTON.OBJ
D:\SUNQUEEN\MYTEST\VLCWIN\VLC-2.1.0.OLD\VLC-2.1.0.OLDLIB.2010.UP\LIBCOMPAT\DEBUG\LIBCOMPAT.DLL.EMBED.MANIFEST
D:\SUNQUEEN\MYTEST\VLCWIN\VLC-2.1.0.OLD\VLC-2.1.0.OLDLIB.2010.UP\LIBCOMPAT\DEBUG\LIBCOMPAT.DLL.EMBED.MANIFEST.RES
D:\SUNQUEEN\MYTEST\VLCWIN\VLC-2.1.0.OLD\VLC-2.1.0.OLDLIB.2010.UP\LIBCOMPAT\DEBUG\LIBCOMPAT.DLL.INTERMEDIATE.MANIFEST
D:\SUNQUEEN\MYTEST\VLCWIN\VLC-2.1.0.OLD\VLC-2.1.0.OLDLIB.2010.UP\LIBCOMPAT\DEBUG\LIBCOMPAT.OBJ
D:\SUNQUEEN\MYTEST\VLCWIN\VLC-2.1.0.OLD\VLC-2.1.0.OLDLIB.2010.UP\LIBCOMPAT\DEBUG\LIBCOMPAT.PCH
D:\SUNQUEEN\MYTEST\VLCWIN\VLC-2.1.0.OLD\VLC-2.1.0.OLDLIB.2010.UP\LIBCOMPAT\DEBUG\LIBCOMPAT.RES
D:\sunqueen\mytest\vlcwin\vlc-2.1.0.old\vlc-2.1.0.oldlib.2010.up\libcompat\Debug\libcompat.write.1.tlog
D:\sunqueen\mytest\vlcwin\vlc-2.1.0.old\vlc-2.1.0.oldlib.2010.up\libcompat\Debug\libcompat_manifest.rc
D:\sunqueen\mytest\vlcwin\vlc-2.1.0.old\vlc-2.1.0.oldlib.2010.up\libcompat\Debug\link.command.1.tlog
D:\sunqueen\mytest\vlcwin\vlc-2.1.0.old\vlc-2.1.0.oldlib.2010.up\libcompat\Debug\link.read.1.tlog
D:\sunqueen\mytest\vlcwin\vlc-2.1.0.old\vlc-2.1.0.oldlib.2010.up\libcompat\Debug\link.write.1.tlog
D:\sunqueen\mytest\vlcwin\vlc-2.1.0.old\vlc-2.1.0.oldlib.2010.up\libcompat\Debug\link-cvtres.read.1.tlog
D:\sunqueen\mytest\vlcwin\vlc-2.1.0.old\vlc-2.1.0.oldlib.2010.up\libcompat\Debug\link-cvtres.write.1.tlog
D:\SUNQUEEN\MYTEST\VLCWIN\VLC-2.1.0.OLD\VLC-2.1.0.OLDLIB.2010.UP\LIBCOMPAT\DEBUG\LLDIV.OBJ
D:\SUNQUEEN\MYTEST\VLCWIN\VLC-2.1.0.OLD\VLC-2.1.0.OLDLIB.2010.UP\LIBCOMPAT\DEBUG\LOCALTIME_R.OBJ
D:\sunqueen\mytest\vlcwin\vlc-2.1.0.old\vlc-2.1.0.oldlib.2010.up\libcompat\Debug\mt.command.1.tlog
D:\sunqueen\mytest\vlcwin\vlc-2.1.0.old\vlc-2.1.0.oldlib.2010.up\libcompat\Debug\mt.read.1.tlog
D:\sunqueen\mytest\vlcwin\vlc-2.1.0.old\vlc-2.1.0.oldlib.2010.up\libcompat\Debug\mt.write.1.tlog
D:\SUNQUEEN\MYTEST\VLCWIN\VLC-2.1.0.OLD\VLC-2.1.0.OLDLIB.2010.UP\LIBCOMPAT\DEBUG\NRAND48.OBJ
D:\SUNQUEEN\MYTEST\VLCWIN\VLC-2.1.0.OLD\VLC-2.1.0.OLDLIB.2010.UP\LIBCOMPAT\DEBUG\POLL.OBJ
D:\sunqueen\mytest\vlcwin\vlc-2.1.0.old\vlc-2.1.0.oldlib.2010.up\libcompat\Debug\rc.command.1.tlog
D:\sunqueen\mytest\vlcwin\vlc-2.1.0.old\vlc-2.1.0.oldlib.2010.up\libcompat\Debug\rc.read.1.tlog
D:\sunqueen\mytest\vlcwin\vlc-2.1.0.old\vlc-2.1.0.oldlib.2010.up\libcompat\Debug\rc.write.1.tlog
D:\SUNQUEEN\MYTEST\VLCWIN\VLC-2.1.0.OLD\VLC-2.1.0.OLDLIB.2010.UP\LIBCOMPAT\DEBUG\STDAFX.OBJ
D:\SUNQUEEN\MYTEST\VLCWIN\VLC-2.1.0.OLD\VLC-2.1.0.OLDLIB.2010.UP\LIBCOMPAT\DEBUG\STRCASECMP.OBJ
D:\SUNQUEEN\MYTEST\VLCWIN\VLC-2.1.0.OLD\VLC-2.1.0.OLDLIB.2010.UP\LIBCOMPAT\DEBUG\STRCASESTR.OBJ
D:\SUNQUEEN\MYTEST\VLCWIN\VLC-2.1.0.OLD\VLC-2.1.0.OLDLIB.2010.UP\LIBCOMPAT\DEBUG\STRLCPY.OBJ
D:\SUNQUEEN\MYTEST\VLCWIN\VLC-2.1.0.OLD\VLC-2.1.0.OLDLIB.2010.UP\LIBCOMPAT\DEBUG\STRNCASECMP.OBJ
D:\SUNQUEEN\MYTEST\VLCWIN\VLC-2.1.0.OLD\VLC-2.1.0.OLDLIB.2010.UP\LIBCOMPAT\DEBUG\STRNDUP.OBJ
D:\SUNQUEEN\MYTEST\VLCWIN\VLC-2.1.0.OLD\VLC-2.1.0.OLDLIB.2010.UP\LIBCOMPAT\DEBUG\STRSEP.OBJ
D:\SUNQUEEN\MYTEST\VLCWIN\VLC-2.1.0.OLD\VLC-2.1.0.OLDLIB.2010.UP\LIBCOMPAT\DEBUG\STRTOF.OBJ
D:\SUNQUEEN\MYTEST\VLCWIN\VLC-2.1.0.OLD\VLC-2.1.0.OLDLIB.2010.UP\LIBCOMPAT\DEBUG\STRTOK_R.OBJ
D:\SUNQUEEN\MYTEST\VLCWIN\VLC-2.1.0.OLD\VLC-2.1.0.OLDLIB.2010.UP\LIBCOMPAT\DEBUG\VASPRINTF.OBJ
D:\sunqueen\mytest\vlcwin\vlc-2.1.0.old\vlc-2.1.0.oldlib.2010.up\libcompat\Debug\vc100.idb
D:\SUNQUEEN\MYTEST\VLCWIN\VLC-2.1.0.OLD\VLC-2.1.0.OLDLIB.2010.UP\LIBCOMPAT\DEBUG\VC100.PDB
