D:\SUNQUEEN\MYTEST\VLCWIN\VLC-2.1.0.OLD\VLC-2.1.0.OLDLIB.2010.UP\DEBUG\VLCWIN.EXE
D:\SUNQUEEN\MYTEST\VLCWIN\VLC-2.1.0.OLD\VLC-2.1.0.OLDLIB.2010.UP\DEBUG\VLCWIN.ILK
D:\SUNQUEEN\MYTEST\VLCWIN\VLC-2.1.0.OLD\VLC-2.1.0.OLDLIB.2010.UP\DEBUG\VLCWIN.PDB
D:\sunqueen\mytest\vlcwin\vlc-2.1.0.old\vlc-2.1.0.oldlib.2010.up\vlcwin\Debug\cl.command.1.tlog
D:\sunqueen\mytest\vlcwin\vlc-2.1.0.old\vlc-2.1.0.oldlib.2010.up\vlcwin\Debug\CL.read.1.tlog
D:\sunqueen\mytest\vlcwin\vlc-2.1.0.old\vlc-2.1.0.oldlib.2010.up\vlcwin\Debug\CL.write.1.tlog
D:\sunqueen\mytest\vlcwin\vlc-2.1.0.old\vlc-2.1.0.oldlib.2010.up\vlcwin\Debug\link.command.1.tlog
D:\sunqueen\mytest\vlcwin\vlc-2.1.0.old\vlc-2.1.0.oldlib.2010.up\vlcwin\Debug\link.read.1.tlog
D:\sunqueen\mytest\vlcwin\vlc-2.1.0.old\vlc-2.1.0.oldlib.2010.up\vlcwin\Debug\link.write.1.tlog
D:\sunqueen\mytest\vlcwin\vlc-2.1.0.old\vlc-2.1.0.oldlib.2010.up\vlcwin\Debug\link-cvtres.read.1.tlog
D:\sunqueen\mytest\vlcwin\vlc-2.1.0.old\vlc-2.1.0.oldlib.2010.up\vlcwin\Debug\link-cvtres.write.1.tlog
D:\sunqueen\mytest\vlcwin\vlc-2.1.0.old\vlc-2.1.0.oldlib.2010.up\vlcwin\Debug\mt.command.1.tlog
D:\sunqueen\mytest\vlcwin\vlc-2.1.0.old\vlc-2.1.0.oldlib.2010.up\vlcwin\Debug\mt.read.1.tlog
D:\sunqueen\mytest\vlcwin\vlc-2.1.0.old\vlc-2.1.0.oldlib.2010.up\vlcwin\Debug\mt.write.1.tlog
D:\sunqueen\mytest\vlcwin\vlc-2.1.0.old\vlc-2.1.0.oldlib.2010.up\vlcwin\Debug\rc.command.1.tlog
D:\sunqueen\mytest\vlcwin\vlc-2.1.0.old\vlc-2.1.0.oldlib.2010.up\vlcwin\Debug\rc.read.1.tlog
D:\sunqueen\mytest\vlcwin\vlc-2.1.0.old\vlc-2.1.0.oldlib.2010.up\vlcwin\Debug\rc.write.1.tlog
D:\SUNQUEEN\MYTEST\VLCWIN\VLC-2.1.0.OLD\VLC-2.1.0.OLDLIB.2010.UP\VLCWIN\DEBUG\STDAFX.OBJ
D:\sunqueen\mytest\vlcwin\vlc-2.1.0.old\vlc-2.1.0.oldlib.2010.up\vlcwin\Debug\vc100.idb
D:\SUNQUEEN\MYTEST\VLCWIN\VLC-2.1.0.OLD\VLC-2.1.0.OLDLIB.2010.UP\VLCWIN\DEBUG\VC100.PDB
D:\SUNQUEEN\MYTEST\VLCWIN\VLC-2.1.0.OLD\VLC-2.1.0.OLDLIB.2010.UP\VLCWIN\DEBUG\VLCWIN.EXE.EMBED.MANIFEST
D:\SUNQUEEN\MYTEST\VLCWIN\VLC-2.1.0.OLD\VLC-2.1.0.OLDLIB.2010.UP\VLCWIN\DEBUG\VLCWIN.EXE.EMBED.MANIFEST.RES
D:\SUNQUEEN\MYTEST\VLCWIN\VLC-2.1.0.OLD\VLC-2.1.0.OLDLIB.2010.UP\VLCWIN\DEBUG\VLCWIN.EXE.INTERMEDIATE.MANIFEST
D:\SUNQUEEN\MYTEST\VLCWIN\VLC-2.1.0.OLD\VLC-2.1.0.OLDLIB.2010.UP\VLCWIN\DEBUG\VLCWIN.OBJ
D:\SUNQUEEN\MYTEST\VLCWIN\VLC-2.1.0.OLD\VLC-2.1.0.OLDLIB.2010.UP\VLCWIN\DEBUG\VLCWIN.PCH
D:\SUNQUEEN\MYTEST\VLCWIN\VLC-2.1.0.OLD\VLC-2.1.0.OLDLIB.2010.UP\VLCWIN\DEBUG\VLCWIN.RES
D:\sunqueen\mytest\vlcwin\vlc-2.1.0.old\vlc-2.1.0.oldlib.2010.up\vlcwin\Debug\vlcwin.write.1.tlog
D:\sunqueen\mytest\vlcwin\vlc-2.1.0.old\vlc-2.1.0.oldlib.2010.up\vlcwin\Debug\vlcwin_manifest.rc
