D:\SUNQUEEN\MYTEST\VLCWIN\VLC-2.1.0.OLD\VLC-2.1.0.OLDLIB.2010.UP\DEBUG\LIBVLC.DLL
D:\sunqueen\mytest\vlcwin\vlc-2.1.0.old\vlc-2.1.0.oldlib.2010.up\Debug\libvlc.exp
D:\SUNQUEEN\MYTEST\VLCWIN\VLC-2.1.0.OLD\VLC-2.1.0.OLDLIB.2010.UP\DEBUG\LIBVLC.ILK
D:\sunqueen\mytest\vlcwin\vlc-2.1.0.old\vlc-2.1.0.oldlib.2010.up\Debug\libvlc.lib
D:\SUNQUEEN\MYTEST\VLCWIN\VLC-2.1.0.OLD\VLC-2.1.0.OLDLIB.2010.UP\DEBUG\LIBVLC.PDB
D:\SUNQUEEN\MYTEST\VLCWIN\VLC-2.1.0.OLD\VLC-2.1.0.OLDLIB.2010.UP\LIBVLC\DEBUG\AUDIO.OBJ
D:\sunqueen\mytest\vlcwin\vlc-2.1.0.old\vlc-2.1.0.oldlib.2010.up\libvlc\Debug\cl.command.1.tlog
D:\sunqueen\mytest\vlcwin\vlc-2.1.0.old\vlc-2.1.0.oldlib.2010.up\libvlc\Debug\CL.read.1.tlog
D:\sunqueen\mytest\vlcwin\vlc-2.1.0.old\vlc-2.1.0.oldlib.2010.up\libvlc\Debug\CL.write.1.tlog
D:\SUNQUEEN\MYTEST\VLCWIN\VLC-2.1.0.OLD\VLC-2.1.0.OLDLIB.2010.UP\LIBVLC\DEBUG\CORE.OBJ
D:\SUNQUEEN\MYTEST\VLCWIN\VLC-2.1.0.OLD\VLC-2.1.0.OLDLIB.2010.UP\LIBVLC\DEBUG\ERROR.OBJ
D:\SUNQUEEN\MYTEST\VLCWIN\VLC-2.1.0.OLD\VLC-2.1.0.OLDLIB.2010.UP\LIBVLC\DEBUG\EVENT.OBJ
D:\SUNQUEEN\MYTEST\VLCWIN\VLC-2.1.0.OLD\VLC-2.1.0.OLDLIB.2010.UP\LIBVLC\DEBUG\EVENT_ASYNC.OBJ
D:\SUNQUEEN\MYTEST\VLCWIN\VLC-2.1.0.OLD\VLC-2.1.0.OLDLIB.2010.UP\LIBVLC\DEBUG\LIBVLC.DLL.EMBED.MANIFEST
D:\SUNQUEEN\MYTEST\VLCWIN\VLC-2.1.0.OLD\VLC-2.1.0.OLDLIB.2010.UP\LIBVLC\DEBUG\LIBVLC.DLL.EMBED.MANIFEST.RES
D:\SUNQUEEN\MYTEST\VLCWIN\VLC-2.1.0.OLD\VLC-2.1.0.OLDLIB.2010.UP\LIBVLC\DEBUG\LIBVLC.DLL.INTERMEDIATE.MANIFEST
D:\SUNQUEEN\MYTEST\VLCWIN\VLC-2.1.0.OLD\VLC-2.1.0.OLDLIB.2010.UP\LIBVLC\DEBUG\LIBVLC.OBJ
D:\SUNQUEEN\MYTEST\VLCWIN\VLC-2.1.0.OLD\VLC-2.1.0.OLDLIB.2010.UP\LIBVLC\DEBUG\LIBVLC.PCH
D:\SUNQUEEN\MYTEST\VLCWIN\VLC-2.1.0.OLD\VLC-2.1.0.OLDLIB.2010.UP\LIBVLC\DEBUG\LIBVLC.RES
D:\sunqueen\mytest\vlcwin\vlc-2.1.0.old\vlc-2.1.0.oldlib.2010.up\libvlc\Debug\libvlc.write.1.tlog
D:\sunqueen\mytest\vlcwin\vlc-2.1.0.old\vlc-2.1.0.oldlib.2010.up\libvlc\Debug\libvlc_manifest.rc
D:\sunqueen\mytest\vlcwin\vlc-2.1.0.old\vlc-2.1.0.oldlib.2010.up\libvlc\Debug\link.4932.read.1.tlog
D:\sunqueen\mytest\vlcwin\vlc-2.1.0.old\vlc-2.1.0.oldlib.2010.up\libvlc\Debug\link.4932.write.1.tlog
D:\sunqueen\mytest\vlcwin\vlc-2.1.0.old\vlc-2.1.0.oldlib.2010.up\libvlc\Debug\link.4932-cvtres.read.1.tlog
D:\sunqueen\mytest\vlcwin\vlc-2.1.0.old\vlc-2.1.0.oldlib.2010.up\libvlc\Debug\link.4932-cvtres.write.1.tlog
D:\sunqueen\mytest\vlcwin\vlc-2.1.0.old\vlc-2.1.0.oldlib.2010.up\libvlc\Debug\link.command.1.tlog
D:\sunqueen\mytest\vlcwin\vlc-2.1.0.old\vlc-2.1.0.oldlib.2010.up\libvlc\Debug\link.read.1.tlog
D:\sunqueen\mytest\vlcwin\vlc-2.1.0.old\vlc-2.1.0.oldlib.2010.up\libvlc\Debug\link.write.1.tlog
D:\sunqueen\mytest\vlcwin\vlc-2.1.0.old\vlc-2.1.0.oldlib.2010.up\libvlc\Debug\link-cvtres.read.1.tlog
D:\sunqueen\mytest\vlcwin\vlc-2.1.0.old\vlc-2.1.0.oldlib.2010.up\libvlc\Debug\link-cvtres.write.1.tlog
D:\SUNQUEEN\MYTEST\VLCWIN\VLC-2.1.0.OLD\VLC-2.1.0.OLDLIB.2010.UP\LIBVLC\DEBUG\LOG.OBJ
D:\SUNQUEEN\MYTEST\VLCWIN\VLC-2.1.0.OLD\VLC-2.1.0.OLDLIB.2010.UP\LIBVLC\DEBUG\MEDIA.OBJ
D:\SUNQUEEN\MYTEST\VLCWIN\VLC-2.1.0.OLD\VLC-2.1.0.OLDLIB.2010.UP\LIBVLC\DEBUG\MEDIA_DISCOVERER.OBJ
D:\SUNQUEEN\MYTEST\VLCWIN\VLC-2.1.0.OLD\VLC-2.1.0.OLDLIB.2010.UP\LIBVLC\DEBUG\MEDIA_LIBRARY.OBJ
D:\SUNQUEEN\MYTEST\VLCWIN\VLC-2.1.0.OLD\VLC-2.1.0.OLDLIB.2010.UP\LIBVLC\DEBUG\MEDIA_LIST.OBJ
D:\SUNQUEEN\MYTEST\VLCWIN\VLC-2.1.0.OLD\VLC-2.1.0.OLDLIB.2010.UP\LIBVLC\DEBUG\MEDIA_LIST_PLAYER.OBJ
D:\SUNQUEEN\MYTEST\VLCWIN\VLC-2.1.0.OLD\VLC-2.1.0.OLDLIB.2010.UP\LIBVLC\DEBUG\MEDIA_PLAYER.OBJ
D:\sunqueen\mytest\vlcwin\vlc-2.1.0.old\vlc-2.1.0.oldlib.2010.up\libvlc\Debug\mt.command.1.tlog
D:\sunqueen\mytest\vlcwin\vlc-2.1.0.old\vlc-2.1.0.oldlib.2010.up\libvlc\Debug\mt.read.1.tlog
D:\sunqueen\mytest\vlcwin\vlc-2.1.0.old\vlc-2.1.0.oldlib.2010.up\libvlc\Debug\mt.write.1.tlog
D:\SUNQUEEN\MYTEST\VLCWIN\VLC-2.1.0.OLD\VLC-2.1.0.OLDLIB.2010.UP\LIBVLC\DEBUG\PLAYLIST.OBJ
D:\sunqueen\mytest\vlcwin\vlc-2.1.0.old\vlc-2.1.0.oldlib.2010.up\libvlc\Debug\rc.command.1.tlog
D:\sunqueen\mytest\vlcwin\vlc-2.1.0.old\vlc-2.1.0.oldlib.2010.up\libvlc\Debug\rc.read.1.tlog
D:\sunqueen\mytest\vlcwin\vlc-2.1.0.old\vlc-2.1.0.oldlib.2010.up\libvlc\Debug\rc.write.1.tlog
D:\SUNQUEEN\MYTEST\VLCWIN\VLC-2.1.0.OLD\VLC-2.1.0.OLDLIB.2010.UP\LIBVLC\DEBUG\STDAFX.OBJ
D:\sunqueen\mytest\vlcwin\vlc-2.1.0.old\vlc-2.1.0.oldlib.2010.up\libvlc\Debug\vc100.idb
D:\SUNQUEEN\MYTEST\VLCWIN\VLC-2.1.0.OLD\VLC-2.1.0.OLDLIB.2010.UP\LIBVLC\DEBUG\VC100.PDB
D:\SUNQUEEN\MYTEST\VLCWIN\VLC-2.1.0.OLD\VLC-2.1.0.OLDLIB.2010.UP\LIBVLC\DEBUG\VIDEO.OBJ
D:\SUNQUEEN\MYTEST\VLCWIN\VLC-2.1.0.OLD\VLC-2.1.0.OLDLIB.2010.UP\LIBVLC\DEBUG\VLM.OBJ
